INFO: Cloning cache of AudioIO from git://github.com/ssfrr/AudioIO.jl.git
INFO: Installing AudioIO v0.1.1
INFO: Installing BinDeps v0.3.17
INFO: Installing HttpCommon v0.2.3
INFO: Installing SHA v0.1.2
INFO: Installing URIParser v0.1.0
INFO: Building AudioIO

WARNING: deprecated syntax "{a=>b, ...}" at /home/vagrant/.julia/v0.4/AudioIO/deps/build.jl:11.
Use "Dict{Any,Any}(a=>b, ...)" instead.

WARNING: deprecated syntax "{a=>b, ...}" at /home/vagrant/.julia/v0.4/AudioIO/deps/build.jl:12.
Use "Dict{Any,Any}(a=>b, ...)" instead.

WARNING: deprecated syntax "{a=>b, ...}" at /home/vagrant/.julia/v0.4/AudioIO/deps/build.jl:22.
Use "Dict{Any,Any}(a=>b, ...)" instead.

WARNING: deprecated syntax "{a=>b, ...}" at /home/vagrant/.julia/v0.4/AudioIO/deps/build.jl:23.
Use "Dict{Any,Any}(a=>b, ...)" instead.

WARNING: deprecated syntax "[a=>b, ...]" at /home/vagrant/.julia/v0.4/AudioIO/deps/build.jl:26.
Use "Dict(a=>b, ...)" instead.
Installing dependency portaudio19-dev via `sudo apt-get install portaudio19-dev`:
Reading package lists...
Building dependency tree...
Reading state information...
The following extra packages will be installed:
  libasound2 libasound2-data libasound2-dev libjack-dev libjack0 libportaudio2
  libportaudiocpp0
Suggested packages:
  libasound2-plugins alsa-utils libasound2-doc jackd1 portaudio19-doc
The following NEW packages will be installed:
  libasound2 libasound2-data libasound2-dev libjack-dev libjack0 libportaudio2
  libportaudiocpp0 portaudio19-dev
0 upgraded, 8 newly installed, 0 to remove and 0 not upgraded.
Need to get 985 kB of archives.
After this operation, 5,004 kB of additional disk space will be used.
Get:1 http://archive.ubuntu.com/ubuntu/ trusty/main libasound2-data all 1.0.27.2-3ubuntu7 [26.3 kB]
Get:2 http://archive.ubuntu.com/ubuntu/ trusty/main libasound2 amd64 1.0.27.2-3ubuntu7 [327 kB]
Get:3 http://archive.ubuntu.com/ubuntu/ trusty/main libjack0 amd64 1:0.121.3+20120418git75e3e20b-2.1ubuntu1 [42.4 kB]
Get:4 http://archive.ubuntu.com/ubuntu/ trusty/main libportaudio2 amd64 19+svn20140130-1 [62.9 kB]
Get:5 http://archive.ubuntu.com/ubuntu/ trusty/main libportaudiocpp0 amd64 19+svn20140130-1 [15.7 kB]
Get:6 http://archive.ubuntu.com/ubuntu/ trusty/main libasound2-dev amd64 1.0.27.2-3ubuntu7 [59.3 kB]
Get:7 http://archive.ubuntu.com/ubuntu/ trusty/main libjack-dev amd64 1:0.121.3+20120418git75e3e20b-2.1ubuntu1 [350 kB]
Get:8 http://archive.ubuntu.com/ubuntu/ trusty/main portaudio19-dev amd64 19+svn20140130-1 [101 kB]
dpkg-preconfigure: unable to re-open stdin: No such file or directory
Fetched 985 kB in 0s (4,844 kB/s)
Selecting previously unselected package libasound2-data.
(Reading database ... 72580 files and directories currently installed.)
Preparing to unpack .../libasound2-data_1.0.27.2-3ubuntu7_all.deb ...
Unpacking libasound2-data (1.0.27.2-3ubuntu7) ...
Selecting previously unselected package libasound2:amd64.
Preparing to unpack .../libasound2_1.0.27.2-3ubuntu7_amd64.deb ...
Unpacking libasound2:amd64 (1.0.27.2-3ubuntu7) ...
Selecting previously unselected package libjack0:amd64.
Preparing to unpack .../libjack0_1%3a0.121.3+20120418git75e3e20b-2.1ubuntu1_amd64.deb ...
Unpacking libjack0:amd64 (1:0.121.3+20120418git75e3e20b-2.1ubuntu1) ...
Selecting previously unselected package libportaudio2:amd64.
Preparing to unpack .../libportaudio2_19+svn20140130-1_amd64.deb ...
Unpacking libportaudio2:amd64 (19+svn20140130-1) ...
Selecting previously unselected package libportaudiocpp0:amd64.
Preparing to unpack .../libportaudiocpp0_19+svn20140130-1_amd64.deb ...
Unpacking libportaudiocpp0:amd64 (19+svn20140130-1) ...
Selecting previously unselected package libasound2-dev:amd64.
Preparing to unpack .../libasound2-dev_1.0.27.2-3ubuntu7_amd64.deb ...
Unpacking libasound2-dev:amd64 (1.0.27.2-3ubuntu7) ...
Selecting previously unselected package libjack-dev.
Preparing to unpack .../libjack-dev_1%3a0.121.3+20120418git75e3e20b-2.1ubuntu1_amd64.deb ...
Unpacking libjack-dev (1:0.121.3+20120418git75e3e20b-2.1ubuntu1) ...
Selecting previously unselected package portaudio19-dev.
Preparing to unpack .../portaudio19-dev_19+svn20140130-1_amd64.deb ...
Unpacking portaudio19-dev (19+svn20140130-1) ...
Setting up libasound2-data (1.0.27.2-3ubuntu7) ...
Setting up libasound2:amd64 (1.0.27.2-3ubuntu7) ...
Setting up libjack0:amd64 (1:0.121.3+20120418git75e3e20b-2.1ubuntu1) ...
Setting up libportaudio2:amd64 (19+svn20140130-1) ...
Setting up libportaudiocpp0:amd64 (19+svn20140130-1) ...
Setting up libasound2-dev:amd64 (1.0.27.2-3ubuntu7) ...
Setting up libjack-dev (1:0.121.3+20120418git75e3e20b-2.1ubuntu1) ...
Setting up portaudio19-dev (19+svn20140130-1) ...
Processing triggers for libc-bin (2.19-0ubuntu6.6) ...
Installing dependency libsndfile1-dev via `sudo apt-get install libsndfile1-dev`:
Reading package lists...
Building dependency tree...
Reading state information...
The following extra packages will be installed:
  libflac-dev libflac8 libogg-dev libogg0 libsndfile1 libvorbis-dev
  libvorbis0a libvorbisenc2 libvorbisfile3
The following NEW packages will be installed:
  libflac-dev libflac8 libogg-dev libogg0 libsndfile1 libsndfile1-dev
  libvorbis-dev libvorbis0a libvorbisenc2 libvorbisfile3
0 upgraded, 10 newly installed, 0 to remove and 0 not upgraded.
Need to get 1,703 kB of archives.
After this operation, 13.4 MB of additional disk space will be used.
Get:1 http://archive.ubuntu.com/ubuntu/ trusty/main libogg0 amd64 1.3.1-1ubuntu1 [17.0 kB]
Get:2 http://archive.ubuntu.com/ubuntu/ trusty-updates/main libflac8 amd64 1.3.0-2ubuntu0.14.04.1 [80.2 kB]
Get:3 http://archive.ubuntu.com/ubuntu/ trusty/main libvorbis0a amd64 1.3.2-1.3ubuntu1 [87.2 kB]
Get:4 http://archive.ubuntu.com/ubuntu/ trusty/main libvorbisenc2 amd64 1.3.2-1.3ubuntu1 [84.5 kB]
Get:5 http://archive.ubuntu.com/ubuntu/ trusty/main libsndfile1 amd64 1.0.25-7ubuntu2 [136 kB]
Get:6 http://archive.ubuntu.com/ubuntu/ trusty/main libvorbisfile3 amd64 1.3.2-1.3ubuntu1 [15.8 kB]
Get:7 http://archive.ubuntu.com/ubuntu/ trusty/main libogg-dev amd64 1.3.1-1ubuntu1 [156 kB]
Get:8 http://archive.ubuntu.com/ubuntu/ trusty-updates/main libflac-dev amd64 1.3.0-2ubuntu0.14.04.1 [126 kB]
Get:9 http://archive.ubuntu.com/ubuntu/ trusty/main libvorbis-dev amd64 1.3.2-1.3ubuntu1 [349 kB]
Get:10 http://archive.ubuntu.com/ubuntu/ trusty/main libsndfile1-dev amd64 1.0.25-7ubuntu2 [651 kB]
dpkg-preconfigure: unable to re-open stdin: No such file or directory
Fetched 1,703 kB in 1s (1,271 kB/s)
Selecting previously unselected package libogg0:amd64.
(Reading database ... 72937 files and directories currently installed.)
Preparing to unpack .../libogg0_1.3.1-1ubuntu1_amd64.deb ...
Unpacking libogg0:amd64 (1.3.1-1ubuntu1) ...
Selecting previously unselected package libflac8:amd64.
Preparing to unpack .../libflac8_1.3.0-2ubuntu0.14.04.1_amd64.deb ...
Unpacking libflac8:amd64 (1.3.0-2ubuntu0.14.04.1) ...
Selecting previously unselected package libvorbis0a:amd64.
Preparing to unpack .../libvorbis0a_1.3.2-1.3ubuntu1_amd64.deb ...
Unpacking libvorbis0a:amd64 (1.3.2-1.3ubuntu1) ...
Selecting previously unselected package libvorbisenc2:amd64.
Preparing to unpack .../libvorbisenc2_1.3.2-1.3ubuntu1_amd64.deb ...
Unpacking libvorbisenc2:amd64 (1.3.2-1.3ubuntu1) ...
Selecting previously unselected package libsndfile1:amd64.
Preparing to unpack .../libsndfile1_1.0.25-7ubuntu2_amd64.deb ...
Unpacking libsndfile1:amd64 (1.0.25-7ubuntu2) ...
Selecting previously unselected package libvorbisfile3:amd64.
Preparing to unpack .../libvorbisfile3_1.3.2-1.3ubuntu1_amd64.deb ...
Unpacking libvorbisfile3:amd64 (1.3.2-1.3ubuntu1) ...
Selecting previously unselected package libogg-dev:amd64.
Preparing to unpack .../libogg-dev_1.3.1-1ubuntu1_amd64.deb ...
Unpacking libogg-dev:amd64 (1.3.1-1ubuntu1) ...
Selecting previously unselected package libflac-dev:amd64.
Preparing to unpack .../libflac-dev_1.3.0-2ubuntu0.14.04.1_amd64.deb ...
Unpacking libflac-dev:amd64 (1.3.0-2ubuntu0.14.04.1) ...
Selecting previously unselected package libvorbis-dev:amd64.
Preparing to unpack .../libvorbis-dev_1.3.2-1.3ubuntu1_amd64.deb ...
Unpacking libvorbis-dev:amd64 (1.3.2-1.3ubuntu1) ...
Selecting previously unselected package libsndfile1-dev.
Preparing to unpack .../libsndfile1-dev_1.0.25-7ubuntu2_amd64.deb ...
Unpacking libsndfile1-dev (1.0.25-7ubuntu2) ...
Setting up libogg0:amd64 (1.3.1-1ubuntu1) ...
Setting up libflac8:amd64 (1.3.0-2ubuntu0.14.04.1) ...
Setting up libvorbis0a:amd64 (1.3.2-1.3ubuntu1) ...
Setting up libvorbisenc2:amd64 (1.3.2-1.3ubuntu1) ...
Setting up libsndfile1:amd64 (1.0.25-7ubuntu2) ...
Setting up libvorbisfile3:amd64 (1.3.2-1.3ubuntu1) ...
Setting up libogg-dev:amd64 (1.3.1-1ubuntu1) ...
Setting up libflac-dev:amd64 (1.3.0-2ubuntu0.14.04.1) ...
Setting up libvorbis-dev:amd64 (1.3.2-1.3ubuntu1) ...
Setting up libsndfile1-dev (1.0.25-7ubuntu2) ...
Processing triggers for libc-bin (2.19-0ubuntu6.6) ...
INFO: Package database updated
INFO: METADATA is out-of-date — you may not have the latest version of AudioIO
INFO: Use `Pkg.update()` to get the latest versions of your packages
