INFO: Cloning cache of EconDatasets from git://github.com/JuliaFinMetriX/EconDatasets.jl.git
INFO: Cloning cache of Gumbo from git://github.com/porterjamesj/Gumbo.jl.git
INFO: Cloning cache of TimeData from git://github.com/JuliaFinMetriX/TimeData.jl.git
INFO: Cloning cache of TimeSeries from git://github.com/JuliaStats/TimeSeries.jl.git
INFO: Installing ArrayViews v0.6.4
INFO: Installing DataArrays v0.2.18
INFO: Installing DataFrames v0.6.9
INFO: Installing Dates v0.4.4
INFO: Installing Docile v0.5.19
INFO: Installing EconDatasets v0.0.2
INFO: Installing GZip v0.2.18
INFO: Installing Gumbo v0.1.0
INFO: Installing Reexport v0.0.3
INFO: Installing SortingAlgorithms v0.0.6
INFO: Installing StatsBase v0.7.2
INFO: Installing StatsFuns v0.1.3
INFO: Installing TimeData v0.6.1
INFO: Installing TimeSeries v0.6.2
INFO: Building Gumbo

WARNING: deprecated syntax "[a=>b, ...]" at /home/vagrant/.julia/v0.4/Gumbo/deps/build.jl:19.
Use "Dict(a=>b, ...)" instead.
INFO: Attempting to Create directory /home/vagrant/.julia/v0.4/Gumbo/deps/downloads
INFO: Downloading file http://jamesporter.me/static/julia/gumbo-1.0.tar.gz
  % Total    % Received % Xferd  Average Speed   Time    Time     Time  Current
                                 Dload  Upload   Total   Spent    Left  Speed
  0     0    0     0    0     0      0      0 --:--:-- --:--:-- --:--:--     0  0     0    0     0    0     0      0      0 --:--:-- --:--:-- --:--:--     0
  0     0    0     0    0     0      0      0 --:--:-- --:--:-- --:--:--     0
curl: (22) The requested URL returned error: 404 Not Found
================================[ ERROR: Gumbo ]================================

LoadError: failed process: Process(`curl -f -o /home/vagrant/.julia/v0.4/Gumbo/deps/downloads/gumbo-1.0.tar.gz -L http://jamesporter.me/static/julia/gumbo-1.0.tar.gz`, ProcessExited(22)) [22]
while loading /home/vagrant/.julia/v0.4/Gumbo/deps/build.jl, in expression starting on line 19

================================================================================

================================[ BUILD ERRORS ]================================

WARNING: Gumbo had build errors.

 - packages with build errors remain installed in /home/vagrant/.julia/v0.4
 - build the package(s) and all dependencies with `Pkg.build("Gumbo")`
 - build a single package by running its `deps/build.jl` script

================================================================================
INFO: Package database updated
INFO: METADATA is out-of-date — you may not have the latest version of EconDatasets
INFO: Use `Pkg.update()` to get the latest versions of your packages
