INFO: Cloning cache of JPLEphemeris from git://github.com/helgee/JPLEphemeris.jl.git
INFO: Installing Blosc v0.1.4
INFO: Installing HDF5 v0.5.5
INFO: Installing JPLEphemeris v0.2.1
INFO: Building Blosc
INFO: Building HDF5
INFO: Building JPLEphemeris

WARNING: deprecated syntax "[a=>b, ...]" at /home/vagrant/.julia/v0.4/JPLEphemeris/src/JPLEphemeris.jl:32.
Use "Dict(a=>b, ...)" instead.

WARNING: deprecated syntax "[a=>b, ...]" at /home/vagrant/.julia/v0.4/JPLEphemeris/src/JPLEphemeris.jl:51.
Use "Dict(a=>b, ...)" instead.

WARNING: deprecated syntax "[a=>b, ...]" at /home/vagrant/.julia/v0.4/JPLEphemeris/src/JPLEphemeris.jl:149.
Use "Dict(a=>b, ...)" instead.
INFO: Recompiling stale cache file /home/vagrant/.julia/lib/v0.4/HDF5.ji for module HDF5.
WARNING: Union(args...) is deprecated, use Union{args...} instead.
 in depwarn at deprecated.jl:73
 in call at deprecated.jl:50
 in include at ./boot.jl:261
 in include_from_node1 at ./loading.jl:304
 in include at ./boot.jl:261
 in include_from_node1 at ./loading.jl:304
 [inlined code] from none:2
 in anonymous at no file:0
 in process_options at ./client.jl:284
 in _start at ./client.jl:411
while loading /home/vagrant/.julia/v0.4/HDF5/src/plain.jl, in expression starting on line 237
WARNING: Union(args...) is deprecated, use Union{args...} instead.
 in depwarn at deprecated.jl:73
 in call at deprecated.jl:50
 in include at ./boot.jl:261
 in include_from_node1 at ./loading.jl:304
 in include at ./boot.jl:261
 in include_from_node1 at ./loading.jl:304
 [inlined code] from none:2
 in anonymous at no file:0
 in process_options at ./client.jl:284
 in _start at ./client.jl:411
while loading /home/vagrant/.julia/v0.4/HDF5/src/plain.jl, in expression starting on line 238
WARNING: Union(args...) is deprecated, use Union{args...} instead.
 in depwarn at deprecated.jl:73
 in call at deprecated.jl:50
 in include at ./boot.jl:261
 in include_from_node1 at ./loading.jl:304
 in include at ./boot.jl:261
 in include_from_node1 at ./loading.jl:304
 [inlined code] from none:2
 in anonymous at no file:0
 in process_options at ./client.jl:284
 in _start at ./client.jl:411
while loading /home/vagrant/.julia/v0.4/HDF5/src/plain.jl, in expression starting on line 357
WARNING: Union(args...) is deprecated, use Union{args...} instead.
 in depwarn at deprecated.jl:73
 in call at deprecated.jl:50
 in include at ./boot.jl:261
 in include_from_node1 at ./loading.jl:304
 in include at ./boot.jl:261
 in include_from_node1 at ./loading.jl:304
 [inlined code] from none:2
 in anonymous at no file:0
 in process_options at ./client.jl:284
 in _start at ./client.jl:411
while loading /home/vagrant/.julia/v0.4/HDF5/src/plain.jl, in expression starting on line 383
WARNING: Union(args...) is deprecated, use Union{args...} instead.
 in depwarn at deprecated.jl:73
 in call at deprecated.jl:50
 in include at ./boot.jl:261
 in include_from_node1 at ./loading.jl:304
 in include at ./boot.jl:261
 in include_from_node1 at ./loading.jl:304
 [inlined code] from none:2
 in anonymous at no file:0
 in process_options at ./client.jl:284
 in _start at ./client.jl:411
while loading /home/vagrant/.julia/v0.4/HDF5/src/plain.jl, in expression starting on line 383
WARNING: Union(args...) is deprecated, use Union{args...} instead.
 in depwarn at deprecated.jl:73
 in call at deprecated.jl:50
 in include at ./boot.jl:261
 in include_from_node1 at ./loading.jl:304
 in include at ./boot.jl:261
 in include_from_node1 at ./loading.jl:304
 [inlined code] from none:2
 in anonymous at no file:0
 in process_options at ./client.jl:284
 in _start at ./client.jl:411
while loading /home/vagrant/.julia/v0.4/HDF5/src/plain.jl, in expression starting on line 386
WARNING: Union(args...) is deprecated, use Union{args...} instead.
 in depwarn at deprecated.jl:73
 in call at deprecated.jl:50
 in include at ./boot.jl:261
 in include_from_node1 at ./loading.jl:304
 in include at ./boot.jl:261
 in include_from_node1 at ./loading.jl:304
 [inlined code] from none:2
 in anonymous at no file:0
 in process_options at ./client.jl:284
 in _start at ./client.jl:411
while loading /home/vagrant/.julia/v0.4/HDF5/src/plain.jl, in expression starting on line 408
WARNING: Union(args...) is deprecated, use Union{args...} instead.
 in depwarn at deprecated.jl:73
 in call at deprecated.jl:50
 in include at ./boot.jl:261
 in include_from_node1 at ./loading.jl:304
 in include at ./boot.jl:261
 in include_from_node1 at ./loading.jl:304
 [inlined code] from none:2
 in anonymous at no file:0
 in process_options at ./client.jl:284
 in _start at ./client.jl:411
while loading /home/vagrant/.julia/v0.4/HDF5/src/plain.jl, in expression starting on line 453
WARNING: Union(args...) is deprecated, use Union{args...} instead.
 in depwarn at deprecated.jl:73
 in call at deprecated.jl:50
 in include at ./boot.jl:261
 in include_from_node1 at ./loading.jl:304
 in include at ./boot.jl:261
 in include_from_node1 at ./loading.jl:304
 [inlined code] from none:2
 in anonymous at no file:0
 in process_options at ./client.jl:284
 in _start at ./client.jl:411
while loading /home/vagrant/.julia/v0.4/HDF5/src/plain.jl, in expression starting on line 593
WARNING: Union(args...) is deprecated, use Union{args...} instead.
 in depwarn at deprecated.jl:73
 in call at deprecated.jl:50
 in include at ./boot.jl:261
 in include_from_node1 at ./loading.jl:304
 in include at ./boot.jl:261
 in include_from_node1 at ./loading.jl:304
 [inlined code] from none:2
 in anonymous at no file:0
 in process_options at ./client.jl:284
 in _start at ./client.jl:411
while loading /home/vagrant/.julia/v0.4/HDF5/src/plain.jl, in expression starting on line 606
WARNING: Union(args...) is deprecated, use Union{args...} instead.
 in depwarn at deprecated.jl:73
 in call at deprecated.jl:50
 in include at ./boot.jl:261
 in include_from_node1 at ./loading.jl:304
 in include at ./boot.jl:261
 in include_from_node1 at ./loading.jl:304
 [inlined code] from none:2
 in anonymous at no file:0
 in process_options at ./client.jl:284
 in _start at ./client.jl:411
while loading /home/vagrant/.julia/v0.4/HDF5/src/plain.jl, in expression starting on line 607
WARNING: Union(args...) is deprecated, use Union{args...} instead.
 in depwarn at deprecated.jl:73
 in call at deprecated.jl:50
 [inlined code] from /home/vagrant/.julia/v0.4/HDF5/src/plain.jl:632
 in anonymous at no file:0
 in include at ./boot.jl:261
 in include_from_node1 at ./loading.jl:304
 in include at ./boot.jl:261
 in include_from_node1 at ./loading.jl:304
 [inlined code] from none:2
 in anonymous at no file:0
 in process_options at ./client.jl:284
 in _start at ./client.jl:411
while loading /home/vagrant/.julia/v0.4/HDF5/src/plain.jl, in expression starting on line 633
WARNING: Union(args...) is deprecated, use Union{args...} instead.
 in depwarn at deprecated.jl:73
 in call at deprecated.jl:50
 in include at ./boot.jl:261
 in include_from_node1 at ./loading.jl:304
 in include at ./boot.jl:261
 in include_from_node1 at ./loading.jl:304
 [inlined code] from none:2
 in anonymous at no file:0
 in process_options at ./client.jl:284
 in _start at ./client.jl:411
while loading /home/vagrant/.julia/v0.4/HDF5/src/plain.jl, in expression starting on line 677
WARNING: Union(args...) is deprecated, use Union{args...} instead.
 in depwarn at deprecated.jl:73
 in call at deprecated.jl:50
 in include at ./boot.jl:261
 in include_from_node1 at ./loading.jl:304
 in include at ./boot.jl:261
 in include_from_node1 at ./loading.jl:304
 [inlined code] from none:2
 in anonymous at no file:0
 in process_options at ./client.jl:284
 in _start at ./client.jl:411
while loading /home/vagrant/.julia/v0.4/HDF5/src/plain.jl, in expression starting on line 678
WARNING: Union(args...) is deprecated, use Union{args...} instead.
 in depwarn at deprecated.jl:73
 in call at deprecated.jl:50
 in include at ./boot.jl:261
 in include_from_node1 at ./loading.jl:304
 in include at ./boot.jl:261
 in include_from_node1 at ./loading.jl:304
 [inlined code] from none:2
 in anonymous at no file:0
 in process_options at ./client.jl:284
 in _start at ./client.jl:411
while loading /home/vagrant/.julia/v0.4/HDF5/src/plain.jl, in expression starting on line 681
WARNING: Union(args...) is deprecated, use Union{args...} instead.
 in depwarn at deprecated.jl:73
 in call at deprecated.jl:50
 in include at ./boot.jl:261
 in include_from_node1 at ./loading.jl:304
 in include at ./boot.jl:261
 in include_from_node1 at ./loading.jl:304
 [inlined code] from none:2
 in anonymous at no file:0
 in process_options at ./client.jl:284
 in _start at ./client.jl:411
while loading /home/vagrant/.julia/v0.4/HDF5/src/plain.jl, in expression starting on line 682
WARNING: Union(args...) is deprecated, use Union{args...} instead.
 in depwarn at deprecated.jl:73
 in call at deprecated.jl:50
 in include at ./boot.jl:261
 in include_from_node1 at ./loading.jl:304
 in include at ./boot.jl:261
 in include_from_node1 at ./loading.jl:304
 [inlined code] from none:2
 in anonymous at no file:0
 in process_options at ./client.jl:284
 in _start at ./client.jl:411
while loading /home/vagrant/.julia/v0.4/HDF5/src/plain.jl, in expression starting on line 683
WARNING: Union(args...) is deprecated, use Union{args...} instead.
 in depwarn at deprecated.jl:73
 in call at deprecated.jl:50
 in include at ./boot.jl:261
 in include_from_node1 at ./loading.jl:304
 in include at ./boot.jl:261
 in include_from_node1 at ./loading.jl:304
 [inlined code] from none:2
 in anonymous at no file:0
 in process_options at ./client.jl:284
 in _start at ./client.jl:411
while loading /home/vagrant/.julia/v0.4/HDF5/src/plain.jl, in expression starting on line 684
WARNING: Union(args...) is deprecated, use Union{args...} instead.
 in depwarn at deprecated.jl:73
 in call at deprecated.jl:50
 in include at ./boot.jl:261
 in include_from_node1 at ./loading.jl:304
 in include at ./boot.jl:261
 in include_from_node1 at ./loading.jl:304
 [inlined code] from none:2
 in anonymous at no file:0
 in process_options at ./client.jl:284
 in _start at ./client.jl:411
while loading /home/vagrant/.julia/v0.4/HDF5/src/plain.jl, in expression starting on line 685
WARNING: Union(args...) is deprecated, use Union{args...} instead.
 in depwarn at deprecated.jl:73
 in call at deprecated.jl:50
 in include at ./boot.jl:261
 in include_from_node1 at ./loading.jl:304
 in include at ./boot.jl:261
 in include_from_node1 at ./loading.jl:304
 [inlined code] from none:2
 in anonymous at no file:0
 in process_options at ./client.jl:284
 in _start at ./client.jl:411
while loading /home/vagrant/.julia/v0.4/HDF5/src/plain.jl, in expression starting on line 686
WARNING: Union(args...) is deprecated, use Union{args...} instead.
 in depwarn at deprecated.jl:73
 in call at deprecated.jl:50
 in include at ./boot.jl:261
 in include_from_node1 at ./loading.jl:304
 in include at ./boot.jl:261
 in include_from_node1 at ./loading.jl:304
 [inlined code] from none:2
 in anonymous at no file:0
 in process_options at ./client.jl:284
 in _start at ./client.jl:411
while loading /home/vagrant/.julia/v0.4/HDF5/src/plain.jl, in expression starting on line 698
WARNING: Union(args...) is deprecated, use Union{args...} instead.
 in depwarn at deprecated.jl:73
 in call at deprecated.jl:50
 in include at ./boot.jl:261
 in include_from_node1 at ./loading.jl:304
 in include at ./boot.jl:261
 in include_from_node1 at ./loading.jl:304
 [inlined code] from none:2
 in anonymous at no file:0
 in process_options at ./client.jl:284
 in _start at ./client.jl:411
while loading /home/vagrant/.julia/v0.4/HDF5/src/plain.jl, in expression starting on line 700
WARNING: Union(args...) is deprecated, use Union{args...} instead.
 in depwarn at deprecated.jl:73
 in call at deprecated.jl:50
 in include at ./boot.jl:261
 in include_from_node1 at ./loading.jl:304
 in include at ./boot.jl:261
 in include_from_node1 at ./loading.jl:304
 [inlined code] from none:2
 in anonymous at no file:0
 in process_options at ./client.jl:284
 in _start at ./client.jl:411
while loading /home/vagrant/.julia/v0.4/HDF5/src/plain.jl, in expression starting on line 728
WARNING: Union(args...) is deprecated, use Union{args...} instead.
 in depwarn at deprecated.jl:73
 in call at deprecated.jl:50
 in include at ./boot.jl:261
 in include_from_node1 at ./loading.jl:304
 in include at ./boot.jl:261
 in include_from_node1 at ./loading.jl:304
 [inlined code] from none:2
 in anonymous at no file:0
 in process_options at ./client.jl:284
 in _start at ./client.jl:411
while loading /home/vagrant/.julia/v0.4/HDF5/src/plain.jl, in expression starting on line 728
WARNING: Union(args...) is deprecated, use Union{args...} instead.
 in depwarn at deprecated.jl:73
 in call at deprecated.jl:50
 in include at ./boot.jl:261
 in include_from_node1 at ./loading.jl:304
 in include at ./boot.jl:261
 in include_from_node1 at ./loading.jl:304
 [inlined code] from none:2
 in anonymous at no file:0
 in process_options at ./client.jl:284
 in _start at ./client.jl:411
while loading /home/vagrant/.julia/v0.4/HDF5/src/plain.jl, in expression starting on line 728
WARNING: Union(args...) is deprecated, use Union{args...} instead.
 in depwarn at deprecated.jl:73
 in call at deprecated.jl:50
 in include at ./boot.jl:261
 in include_from_node1 at ./loading.jl:304
 in include at ./boot.jl:261
 in include_from_node1 at ./loading.jl:304
 [inlined code] from none:2
 in anonymous at no file:0
 in process_options at ./client.jl:284
 in _start at ./client.jl:411
while loading /home/vagrant/.julia/v0.4/HDF5/src/plain.jl, in expression starting on line 733
WARNING: Union(args...) is deprecated, use Union{args...} instead.
 in depwarn at deprecated.jl:73
 in call at deprecated.jl:50
 in include at ./boot.jl:261
 in include_from_node1 at ./loading.jl:304
 in include at ./boot.jl:261
 in include_from_node1 at ./loading.jl:304
 [inlined code] from none:2
 in anonymous at no file:0
 in process_options at ./client.jl:284
 in _start at ./client.jl:411
while loading /home/vagrant/.julia/v0.4/HDF5/src/plain.jl, in expression starting on line 742
WARNING: Union(args...) is deprecated, use Union{args...} instead.
 in depwarn at deprecated.jl:73
 in call at deprecated.jl:50
 in include at ./boot.jl:261
 in include_from_node1 at ./loading.jl:304
 in include at ./boot.jl:261
 in include_from_node1 at ./loading.jl:304
 [inlined code] from none:2
 in anonymous at no file:0
 in process_options at ./client.jl:284
 in _start at ./client.jl:411
while loading /home/vagrant/.julia/v0.4/HDF5/src/plain.jl, in expression starting on line 742
WARNING: Union(args...) is deprecated, use Union{args...} instead.
 in depwarn at deprecated.jl:73
 in call at deprecated.jl:50
 in include at ./boot.jl:261
 in include_from_node1 at ./loading.jl:304
 in include at ./boot.jl:261
 in include_from_node1 at ./loading.jl:304
 [inlined code] from none:2
 in anonymous at no file:0
 in process_options at ./client.jl:284
 in _start at ./client.jl:411
while loading /home/vagrant/.julia/v0.4/HDF5/src/plain.jl, in expression starting on line 742
WARNING: Union(args...) is deprecated, use Union{args...} instead.
 in depwarn at deprecated.jl:73
 in call at deprecated.jl:50
 in include at ./boot.jl:261
 in include_from_node1 at ./loading.jl:304
 in include at ./boot.jl:261
 in include_from_node1 at ./loading.jl:304
 [inlined code] from none:2
 in anonymous at no file:0
 in process_options at ./client.jl:284
 in _start at ./client.jl:411
while loading /home/vagrant/.julia/v0.4/HDF5/src/plain.jl, in expression starting on line 742
WARNING: Union(args...) is deprecated, use Union{args...} instead.
 in depwarn at deprecated.jl:73
 in call at deprecated.jl:50
 in include at ./boot.jl:261
 in include_from_node1 at ./loading.jl:304
 in include at ./boot.jl:261
 in include_from_node1 at ./loading.jl:304
 [inlined code] from none:2
 in anonymous at no file:0
 in process_options at ./client.jl:284
 in _start at ./client.jl:411
while loading /home/vagrant/.julia/v0.4/HDF5/src/plain.jl, in expression starting on line 751
WARNING: Union(args...) is deprecated, use Union{args...} instead.
 in depwarn at deprecated.jl:73
 in call at deprecated.jl:50
 in include at ./boot.jl:261
 in include_from_node1 at ./loading.jl:304
 in include at ./boot.jl:261
 in include_from_node1 at ./loading.jl:304
 [inlined code] from none:2
 in anonymous at no file:0
 in process_options at ./client.jl:284
 in _start at ./client.jl:411
while loading /home/vagrant/.julia/v0.4/HDF5/src/plain.jl, in expression starting on line 766
WARNING: Union(args...) is deprecated, use Union{args...} instead.
 in depwarn at deprecated.jl:73
 in call at deprecated.jl:50
 in include at ./boot.jl:261
 in include_from_node1 at ./loading.jl:304
 in include at ./boot.jl:261
 in include_from_node1 at ./loading.jl:304
 [inlined code] from none:2
 in anonymous at no file:0
 in process_options at ./client.jl:284
 in _start at ./client.jl:411
while loading /home/vagrant/.julia/v0.4/HDF5/src/plain.jl, in expression starting on line 767
WARNING: Union(args...) is deprecated, use Union{args...} instead.
 in depwarn at deprecated.jl:73
 in call at deprecated.jl:50
 in include at ./boot.jl:261
 in include_from_node1 at ./loading.jl:304
 in include at ./boot.jl:261
 in include_from_node1 at ./loading.jl:304
 [inlined code] from none:2
 in anonymous at no file:0
 in process_options at ./client.jl:284
 in _start at ./client.jl:411
while loading /home/vagrant/.julia/v0.4/HDF5/src/plain.jl, in expression starting on line 768
WARNING: Union(args...) is deprecated, use Union{args...} instead.
 in depwarn at deprecated.jl:73
 in call at deprecated.jl:50
 in include at ./boot.jl:261
 in include_from_node1 at ./loading.jl:304
 in include at ./boot.jl:261
 in include_from_node1 at ./loading.jl:304
 [inlined code] from none:2
 in anonymous at no file:0
 in process_options at ./client.jl:284
 in _start at ./client.jl:411
while loading /home/vagrant/.julia/v0.4/HDF5/src/plain.jl, in expression starting on line 772
WARNING: Union(args...) is deprecated, use Union{args...} instead.
 in depwarn at deprecated.jl:73
 in call at deprecated.jl:50
 in include at ./boot.jl:261
 in include_from_node1 at ./loading.jl:304
 in include at ./boot.jl:261
 in include_from_node1 at ./loading.jl:304
 [inlined code] from none:2
 in anonymous at no file:0
 in process_options at ./client.jl:284
 in _start at ./client.jl:411
while loading /home/vagrant/.julia/v0.4/HDF5/src/plain.jl, in expression starting on line 778
WARNING: Union(args...) is deprecated, use Union{args...} instead.
 in depwarn at deprecated.jl:73
 in call at deprecated.jl:50
 in include at ./boot.jl:261
 in include_from_node1 at ./loading.jl:304
 in include at ./boot.jl:261
 in include_from_node1 at ./loading.jl:304
 [inlined code] from none:2
 in anonymous at no file:0
 in process_options at ./client.jl:284
 in _start at ./client.jl:411
while loading /home/vagrant/.julia/v0.4/HDF5/src/plain.jl, in expression starting on line 784
WARNING: Union(args...) is deprecated, use Union{args...} instead.
 in depwarn at deprecated.jl:73
 in call at deprecated.jl:50
 in include at ./boot.jl:261
 in include_from_node1 at ./loading.jl:304
 in include at ./boot.jl:261
 in include_from_node1 at ./loading.jl:304
 [inlined code] from none:2
 in anonymous at no file:0
 in process_options at ./client.jl:284
 in _start at ./client.jl:411
while loading /home/vagrant/.julia/v0.4/HDF5/src/plain.jl, in expression starting on line 790
WARNING: Union(args...) is deprecated, use Union{args...} instead.
 in depwarn at deprecated.jl:73
 in call at deprecated.jl:50
 in include at ./boot.jl:261
 in include_from_node1 at ./loading.jl:304
 in include at ./boot.jl:261
 in include_from_node1 at ./loading.jl:304
 [inlined code] from none:2
 in anonymous at no file:0
 in process_options at ./client.jl:284
 in _start at ./client.jl:411
while loading /home/vagrant/.julia/v0.4/HDF5/src/plain.jl, in expression starting on line 792
WARNING: Union(args...) is deprecated, use Union{args...} instead.
 in depwarn at deprecated.jl:73
 in call at deprecated.jl:50
 in include at ./boot.jl:261
 in include_from_node1 at ./loading.jl:304
 in include at ./boot.jl:261
 in include_from_node1 at ./loading.jl:304
 [inlined code] from none:2
 in anonymous at no file:0
 in process_options at ./client.jl:284
 in _start at ./client.jl:411
while loading /home/vagrant/.julia/v0.4/HDF5/src/plain.jl, in expression starting on line 796
WARNING: Union(args...) is deprecated, use Union{args...} instead.
 in depwarn at deprecated.jl:73
 in call at deprecated.jl:50
 in include at ./boot.jl:261
 in include_from_node1 at ./loading.jl:304
 in include at ./boot.jl:261
 in include_from_node1 at ./loading.jl:304
 [inlined code] from none:2
 in anonymous at no file:0
 in process_options at ./client.jl:284
 in _start at ./client.jl:411
while loading /home/vagrant/.julia/v0.4/HDF5/src/plain.jl, in expression starting on line 797
WARNING: Union(args...) is deprecated, use Union{args...} instead.
 in depwarn at deprecated.jl:73
 in call at deprecated.jl:50
 in include at ./boot.jl:261
 in include_from_node1 at ./loading.jl:304
 in include at ./boot.jl:261
 in include_from_node1 at ./loading.jl:304
 [inlined code] from none:2
 in anonymous at no file:0
 in process_options at ./client.jl:284
 in _start at ./client.jl:411
while loading /home/vagrant/.julia/v0.4/HDF5/src/plain.jl, in expression starting on line 798
WARNING: Union(args...) is deprecated, use Union{args...} instead.
 in depwarn at deprecated.jl:73
 in call at deprecated.jl:50
 in include at ./boot.jl:261
 in include_from_node1 at ./loading.jl:304
 in include at ./boot.jl:261
 in include_from_node1 at ./loading.jl:304
 [inlined code] from none:2
 in anonymous at no file:0
 in process_options at ./client.jl:284
 in _start at ./client.jl:411
while loading /home/vagrant/.julia/v0.4/HDF5/src/plain.jl, in expression starting on line 802
WARNING: Union(args...) is deprecated, use Union{args...} instead.
 in depwarn at deprecated.jl:73
 in call at deprecated.jl:50
 in include at ./boot.jl:261
 in include_from_node1 at ./loading.jl:304
 in include at ./boot.jl:261
 in include_from_node1 at ./loading.jl:304
 [inlined code] from none:2
 in anonymous at no file:0
 in process_options at ./client.jl:284
 in _start at ./client.jl:411
while loading /home/vagrant/.julia/v0.4/HDF5/src/plain.jl, in expression starting on line 802
WARNING: Union(args...) is deprecated, use Union{args...} instead.
 in depwarn at deprecated.jl:73
 in call at deprecated.jl:50
 in include at ./boot.jl:261
 in include_from_node1 at ./loading.jl:304
 in include at ./boot.jl:261
 in include_from_node1 at ./loading.jl:304
 [inlined code] from none:2
 in anonymous at no file:0
 in process_options at ./client.jl:284
 in _start at ./client.jl:411
while loading /home/vagrant/.julia/v0.4/HDF5/src/plain.jl, in expression starting on line 803
WARNING: Union(args...) is deprecated, use Union{args...} instead.
 in depwarn at deprecated.jl:73
 in call at deprecated.jl:50
 in include at ./boot.jl:261
 in include_from_node1 at ./loading.jl:304
 in include at ./boot.jl:261
 in include_from_node1 at ./loading.jl:304
 [inlined code] from none:2
 in anonymous at no file:0
 in process_options at ./client.jl:284
 in _start at ./client.jl:411
while loading /home/vagrant/.julia/v0.4/HDF5/src/plain.jl, in expression starting on line 807
WARNING: Union(args...) is deprecated, use Union{args...} instead.
 in depwarn at deprecated.jl:73
 in call at deprecated.jl:50
 in include at ./boot.jl:261
 in include_from_node1 at ./loading.jl:304
 in include at ./boot.jl:261
 in include_from_node1 at ./loading.jl:304
 [inlined code] from none:2
 in anonymous at no file:0
 in process_options at ./client.jl:284
 in _start at ./client.jl:411
while loading /home/vagrant/.julia/v0.4/HDF5/src/plain.jl, in expression starting on line 817
WARNING: Union(args...) is deprecated, use Union{args...} instead.
 in depwarn at deprecated.jl:73
 in call at deprecated.jl:50
 in include at ./boot.jl:261
 in include_from_node1 at ./loading.jl:304
 in include at ./boot.jl:261
 in include_from_node1 at ./loading.jl:304
 [inlined code] from none:2
 in anonymous at no file:0
 in process_options at ./client.jl:284
 in _start at ./client.jl:411
while loading /home/vagrant/.julia/v0.4/HDF5/src/plain.jl, in expression starting on line 850
WARNING: Union(args...) is deprecated, use Union{args...} instead.
 in depwarn at deprecated.jl:73
 in call at deprecated.jl:50
 in include at ./boot.jl:261
 in include_from_node1 at ./loading.jl:304
 in include at ./boot.jl:261
 in include_from_node1 at ./loading.jl:304
 [inlined code] from none:2
 in anonymous at no file:0
 in process_options at ./client.jl:284
 in _start at ./client.jl:411
while loading /home/vagrant/.julia/v0.4/HDF5/src/plain.jl, in expression starting on line 866
WARNING: Union(args...) is deprecated, use Union{args...} instead.
 in depwarn at deprecated.jl:73
 in call at deprecated.jl:50
 in include at ./boot.jl:261
 in include_from_node1 at ./loading.jl:304
 in include at ./boot.jl:261
 in include_from_node1 at ./loading.jl:304
 [inlined code] from none:2
 in anonymous at no file:0
 in process_options at ./client.jl:284
 in _start at ./client.jl:411
while loading /home/vagrant/.julia/v0.4/HDF5/src/plain.jl, in expression starting on line 867
WARNING: Union(args...) is deprecated, use Union{args...} instead.
 in depwarn at deprecated.jl:73
 in call at deprecated.jl:50
 in include at ./boot.jl:261
 in include_from_node1 at ./loading.jl:304
 in include at ./boot.jl:261
 in include_from_node1 at ./loading.jl:304
 [inlined code] from none:2
 in anonymous at no file:0
 in process_options at ./client.jl:284
 in _start at ./client.jl:411
while loading /home/vagrant/.julia/v0.4/HDF5/src/plain.jl, in expression starting on line 868
WARNING: Union(args...) is deprecated, use Union{args...} instead.
 in depwarn at deprecated.jl:73
 in call at deprecated.jl:50
 in include at ./boot.jl:261
 in include_from_node1 at ./loading.jl:304
 in include at ./boot.jl:261
 in include_from_node1 at ./loading.jl:304
 [inlined code] from none:2
 in anonymous at no file:0
 in process_options at ./client.jl:284
 in _start at ./client.jl:411
while loading /home/vagrant/.julia/v0.4/HDF5/src/plain.jl, in expression starting on line 872
WARNING: Union(args...) is deprecated, use Union{args...} instead.
 in depwarn at deprecated.jl:73
 in call at deprecated.jl:50
 in include at ./boot.jl:261
 in include_from_node1 at ./loading.jl:304
 in include at ./boot.jl:261
 in include_from_node1 at ./loading.jl:304
 [inlined code] from none:2
 in anonymous at no file:0
 in process_options at ./client.jl:284
 in _start at ./client.jl:411
while loading /home/vagrant/.julia/v0.4/HDF5/src/plain.jl, in expression starting on line 878
WARNING: Union(args...) is deprecated, use Union{args...} instead.
 in depwarn at deprecated.jl:73
 in call at deprecated.jl:50
 in include at ./boot.jl:261
 in include_from_node1 at ./loading.jl:304
 in include at ./boot.jl:261
 in include_from_node1 at ./loading.jl:304
 [inlined code] from none:2
 in anonymous at no file:0
 in process_options at ./client.jl:284
 in _start at ./client.jl:411
while loading /home/vagrant/.julia/v0.4/HDF5/src/plain.jl, in expression starting on line 884
WARNING: Union(args...) is deprecated, use Union{args...} instead.
 in depwarn at deprecated.jl:73
 in call at deprecated.jl:50
 in include at ./boot.jl:261
 in include_from_node1 at ./loading.jl:304
 in include at ./boot.jl:261
 in include_from_node1 at ./loading.jl:304
 [inlined code] from none:2
 in anonymous at no file:0
 in process_options at ./client.jl:284
 in _start at ./client.jl:411
while loading /home/vagrant/.julia/v0.4/HDF5/src/plain.jl, in expression starting on line 893
WARNING: Union(args...) is deprecated, use Union{args...} instead.
 in depwarn at deprecated.jl:73
 in call at deprecated.jl:50
 in include at ./boot.jl:261
 in include_from_node1 at ./loading.jl:304
 in include at ./boot.jl:261
 in include_from_node1 at ./loading.jl:304
 [inlined code] from none:2
 in anonymous at no file:0
 in process_options at ./client.jl:284
 in _start at ./client.jl:411
while loading /home/vagrant/.julia/v0.4/HDF5/src/plain.jl, in expression starting on line 894
WARNING: Union(args...) is deprecated, use Union{args...} instead.
 in depwarn at deprecated.jl:73
 in call at deprecated.jl:50
 in include at ./boot.jl:261
 in include_from_node1 at ./loading.jl:304
 in include at ./boot.jl:261
 in include_from_node1 at ./loading.jl:304
 [inlined code] from none:2
 in anonymous at no file:0
 in process_options at ./client.jl:284
 in _start at ./client.jl:411
while loading /home/vagrant/.julia/v0.4/HDF5/src/plain.jl, in expression starting on line 900
WARNING: Union(args...) is deprecated, use Union{args...} instead.
 in depwarn at deprecated.jl:73
 in call at deprecated.jl:50
 in include at ./boot.jl:261
 in include_from_node1 at ./loading.jl:304
 in include at ./boot.jl:261
 in include_from_node1 at ./loading.jl:304
 [inlined code] from none:2
 in anonymous at no file:0
 in process_options at ./client.jl:284
 in _start at ./client.jl:411
while loading /home/vagrant/.julia/v0.4/HDF5/src/plain.jl, in expression starting on line 901
WARNING: Union(args...) is deprecated, use Union{args...} instead.
 in depwarn at deprecated.jl:73
 in call at deprecated.jl:50
 in include at ./boot.jl:261
 in include_from_node1 at ./loading.jl:304
 in include at ./boot.jl:261
 in include_from_node1 at ./loading.jl:304
 [inlined code] from none:2
 in anonymous at no file:0
 in process_options at ./client.jl:284
 in _start at ./client.jl:411
while loading /home/vagrant/.julia/v0.4/HDF5/src/plain.jl, in expression starting on line 902
WARNING: Union(args...) is deprecated, use Union{args...} instead.
 in depwarn at deprecated.jl:73
 in call at deprecated.jl:50
 in include at ./boot.jl:261
 in include_from_node1 at ./loading.jl:304
 in include at ./boot.jl:261
 in include_from_node1 at ./loading.jl:304
 [inlined code] from none:2
 in anonymous at no file:0
 in process_options at ./client.jl:284
 in _start at ./client.jl:411
while loading /home/vagrant/.julia/v0.4/HDF5/src/plain.jl, in expression starting on line 903
WARNING: Union(args...) is deprecated, use Union{args...} instead.
 in depwarn at deprecated.jl:73
 in call at deprecated.jl:50
 in include at ./boot.jl:261
 in include_from_node1 at ./loading.jl:304
 in include at ./boot.jl:261
 in include_from_node1 at ./loading.jl:304
 [inlined code] from none:2
 in anonymous at no file:0
 in process_options at ./client.jl:284
 in _start at ./client.jl:411
while loading /home/vagrant/.julia/v0.4/HDF5/src/plain.jl, in expression starting on line 913
WARNING: Union(args...) is deprecated, use Union{args...} instead.
 in depwarn at deprecated.jl:73
 in call at deprecated.jl:50
 in include at ./boot.jl:261
 in include_from_node1 at ./loading.jl:304
 in include at ./boot.jl:261
 in include_from_node1 at ./loading.jl:304
 [inlined code] from none:2
 in anonymous at no file:0
 in process_options at ./client.jl:284
 in _start at ./client.jl:411
while loading /home/vagrant/.julia/v0.4/HDF5/src/plain.jl, in expression starting on line 921
WARNING: Union(args...) is deprecated, use Union{args...} instead.
 in depwarn at deprecated.jl:73
 in call at deprecated.jl:50
 in include at ./boot.jl:261
 in include_from_node1 at ./loading.jl:304
 in include at ./boot.jl:261
 in include_from_node1 at ./loading.jl:304
 [inlined code] from none:2
 in anonymous at no file:0
 in process_options at ./client.jl:284
 in _start at ./client.jl:411
while loading /home/vagrant/.julia/v0.4/HDF5/src/plain.jl, in expression starting on line 922
WARNING: Union(args...) is deprecated, use Union{args...} instead.
 in depwarn at deprecated.jl:73
 in call at deprecated.jl:50
 in include at ./boot.jl:261
 in include_from_node1 at ./loading.jl:304
 in include at ./boot.jl:261
 in include_from_node1 at ./loading.jl:304
 [inlined code] from none:2
 in anonymous at no file:0
 in process_options at ./client.jl:284
 in _start at ./client.jl:411
while loading /home/vagrant/.julia/v0.4/HDF5/src/plain.jl, in expression starting on line 924
WARNING: Union(args...) is deprecated, use Union{args...} instead.
 in depwarn at deprecated.jl:73
 in call at deprecated.jl:50
 in include at ./boot.jl:261
 in include_from_node1 at ./loading.jl:304
 in include at ./boot.jl:261
 in include_from_node1 at ./loading.jl:304
 [inlined code] from none:2
 in anonymous at no file:0
 in process_options at ./client.jl:284
 in _start at ./client.jl:411
while loading /home/vagrant/.julia/v0.4/HDF5/src/plain.jl, in expression starting on line 955
WARNING: Union(args...) is deprecated, use Union{args...} instead.
 in depwarn at deprecated.jl:73
 in call at deprecated.jl:50
 in include at ./boot.jl:261
 in include_from_node1 at ./loading.jl:304
 in include at ./boot.jl:261
 in include_from_node1 at ./loading.jl:304
 [inlined code] from none:2
 in anonymous at no file:0
 in process_options at ./client.jl:284
 in _start at ./client.jl:411
while loading /home/vagrant/.julia/v0.4/HDF5/src/plain.jl, in expression starting on line 956
WARNING: Union(args...) is deprecated, use Union{args...} instead.
 in depwarn at deprecated.jl:73
 in call at deprecated.jl:50
 in include at ./boot.jl:261
 in include_from_node1 at ./loading.jl:304
 in include at ./boot.jl:261
 in include_from_node1 at ./loading.jl:304
 [inlined code] from none:2
 in anonymous at no file:0
 in process_options at ./client.jl:284
 in _start at ./client.jl:411
while loading /home/vagrant/.julia/v0.4/HDF5/src/plain.jl, in expression starting on line 963
WARNING: Union(args...) is deprecated, use Union{args...} instead.
 in depwarn at deprecated.jl:73
 in call at deprecated.jl:50
 in include at ./boot.jl:261
 in include_from_node1 at ./loading.jl:304
 in include at ./boot.jl:261
 in include_from_node1 at ./loading.jl:304
 [inlined code] from none:2
 in anonymous at no file:0
 in process_options at ./client.jl:284
 in _start at ./client.jl:411
while loading /home/vagrant/.julia/v0.4/HDF5/src/plain.jl, in expression starting on line 971
WARNING: Union(args...) is deprecated, use Union{args...} instead.
 in depwarn at deprecated.jl:73
 in call at deprecated.jl:50
 in include at ./boot.jl:261
 in include_from_node1 at ./loading.jl:304
 in include at ./boot.jl:261
 in include_from_node1 at ./loading.jl:304
 [inlined code] from none:2
 in anonymous at no file:0
 in process_options at ./client.jl:284
 in _start at ./client.jl:411
while loading /home/vagrant/.julia/v0.4/HDF5/src/plain.jl, in expression starting on line 1006
WARNING: Union(args...) is deprecated, use Union{args...} instead.
 in depwarn at deprecated.jl:73
 in call at deprecated.jl:50
 in include at ./boot.jl:261
 in include_from_node1 at ./loading.jl:304
 in include at ./boot.jl:261
 in include_from_node1 at ./loading.jl:304
 [inlined code] from none:2
 in anonymous at no file:0
 in process_options at ./client.jl:284
 in _start at ./client.jl:411
while loading /home/vagrant/.julia/v0.4/HDF5/src/plain.jl, in expression starting on line 1063
WARNING: Union(args...) is deprecated, use Union{args...} instead.
 in depwarn at deprecated.jl:73
 in call at deprecated.jl:50
 in include at ./boot.jl:261
 in include_from_node1 at ./loading.jl:304
 in include at ./boot.jl:261
 in include_from_node1 at ./loading.jl:304
 [inlined code] from none:2
 in anonymous at no file:0
 in process_options at ./client.jl:284
 in _start at ./client.jl:411
while loading /home/vagrant/.julia/v0.4/HDF5/src/plain.jl, in expression starting on line 1087
WARNING: Union(args...) is deprecated, use Union{args...} instead.
 in depwarn at deprecated.jl:73
 in call at deprecated.jl:50
 in include at ./boot.jl:261
 in include_from_node1 at ./loading.jl:304
 in include at ./boot.jl:261
 in include_from_node1 at ./loading.jl:304
 [inlined code] from none:2
 in anonymous at no file:0
 in process_options at ./client.jl:284
 in _start at ./client.jl:411
while loading /home/vagrant/.julia/v0.4/HDF5/src/plain.jl, in expression starting on line 1089
WARNING: Union(args...) is deprecated, use Union{args...} instead.
 in depwarn at deprecated.jl:73
 in call at deprecated.jl:50
 in include at ./boot.jl:261
 in include_from_node1 at ./loading.jl:304
 in include at ./boot.jl:261
 in include_from_node1 at ./loading.jl:304
 [inlined code] from none:2
 in anonymous at no file:0
 in process_options at ./client.jl:284
 in _start at ./client.jl:411
while loading /home/vagrant/.julia/v0.4/HDF5/src/plain.jl, in expression starting on line 1090
WARNING: Base.Nothing is deprecated, use Void instead.
WARNING: Union(args...) is deprecated, use Union{args...} instead.
 in depwarn at deprecated.jl:73
 in call at deprecated.jl:50
 in include at ./boot.jl:261
 in include_from_node1 at ./loading.jl:304
 in include at ./boot.jl:261
 in include_from_node1 at ./loading.jl:304
 [inlined code] from none:2
 in anonymous at no file:0
 in process_options at ./client.jl:284
 in _start at ./client.jl:411
while loading /home/vagrant/.julia/v0.4/HDF5/src/plain.jl, in expression starting on line 1092
WARNING: Union(args...) is deprecated, use Union{args...} instead.
 in depwarn at deprecated.jl:73
 in call at deprecated.jl:50
 in include at ./boot.jl:261
 in include_from_node1 at ./loading.jl:304
 in include at ./boot.jl:261
 in include_from_node1 at ./loading.jl:304
 [inlined code] from none:2
 in anonymous at no file:0
 in process_options at ./client.jl:284
 in _start at ./client.jl:411
while loading /home/vagrant/.julia/v0.4/HDF5/src/plain.jl, in expression starting on line 1093
WARNING: Union(args...) is deprecated, use Union{args...} instead.
 in depwarn at deprecated.jl:73
 in call at deprecated.jl:50
 in anonymous at no file
 in include at ./boot.jl:261
 in include_from_node1 at ./loading.jl:304
 in include at ./boot.jl:261
 in include_from_node1 at ./loading.jl:304
 [inlined code] from none:2
 in anonymous at no file:0
 in process_options at ./client.jl:284
 in _start at ./client.jl:411
while loading /home/vagrant/.julia/v0.4/HDF5/src/plain.jl, in expression starting on line 1105
WARNING: Union(args...) is deprecated, use Union{args...} instead.
 in depwarn at deprecated.jl:73
 in call at deprecated.jl:50
 in anonymous at no file
 in include at ./boot.jl:261
 in include_from_node1 at ./loading.jl:304
 in include at ./boot.jl:261
 in include_from_node1 at ./loading.jl:304
 [inlined code] from none:2
 in anonymous at no file:0
 in process_options at ./client.jl:284
 in _start at ./client.jl:411
while loading /home/vagrant/.julia/v0.4/HDF5/src/plain.jl, in expression starting on line 1105
WARNING: Union(args...) is deprecated, use Union{args...} instead.
 in depwarn at deprecated.jl:73
 in call at deprecated.jl:50
 in include at ./boot.jl:261
 in include_from_node1 at ./loading.jl:304
 in include at ./boot.jl:261
 in include_from_node1 at ./loading.jl:304
 [inlined code] from none:2
 in anonymous at no file:0
 in process_options at ./client.jl:284
 in _start at ./client.jl:411
while loading /home/vagrant/.julia/v0.4/HDF5/src/plain.jl, in expression starting on line 1121
WARNING: Union(args...) is deprecated, use Union{args...} instead.
 in depwarn at deprecated.jl:73
 in call at deprecated.jl:50
 in include at ./boot.jl:261
 in include_from_node1 at ./loading.jl:304
 in include at ./boot.jl:261
 in include_from_node1 at ./loading.jl:304
 [inlined code] from none:2
 in anonymous at no file:0
 in process_options at ./client.jl:284
 in _start at ./client.jl:411
while loading /home/vagrant/.julia/v0.4/HDF5/src/plain.jl, in expression starting on line 1131
WARNING: Union(args...) is deprecated, use Union{args...} instead.
 in depwarn at deprecated.jl:73
 in call at deprecated.jl:50
 in include at ./boot.jl:261
 in include_from_node1 at ./loading.jl:304
 in include at ./boot.jl:261
 in include_from_node1 at ./loading.jl:304
 [inlined code] from none:2
 in anonymous at no file:0
 in process_options at ./client.jl:284
 in _start at ./client.jl:411
while loading /home/vagrant/.julia/v0.4/HDF5/src/plain.jl, in expression starting on line 1304
WARNING: Union(args...) is deprecated, use Union{args...} instead.
 in depwarn at deprecated.jl:73
 in call at deprecated.jl:50
 in include at ./boot.jl:261
 in include_from_node1 at ./loading.jl:304
 in include at ./boot.jl:261
 in include_from_node1 at ./loading.jl:304
 [inlined code] from none:2
 in anonymous at no file:0
 in process_options at ./client.jl:284
 in _start at ./client.jl:411
while loading /home/vagrant/.julia/v0.4/HDF5/src/plain.jl, in expression starting on line 1311
WARNING: Union(args...) is deprecated, use Union{args...} instead.
 in depwarn at deprecated.jl:73
 in call at deprecated.jl:50
 in include at ./boot.jl:261
 in include_from_node1 at ./loading.jl:304
 in include at ./boot.jl:261
 in include_from_node1 at ./loading.jl:304
 [inlined code] from none:2
 in anonymous at no file:0
 in process_options at ./client.jl:284
 in _start at ./client.jl:411
while loading /home/vagrant/.julia/v0.4/HDF5/src/plain.jl, in expression starting on line 1376
WARNING: Union(args...) is deprecated, use Union{args...} instead.
 in depwarn at deprecated.jl:73
 in call at deprecated.jl:50
 in include at ./boot.jl:261
 in include_from_node1 at ./loading.jl:304
 in include at ./boot.jl:261
 in include_from_node1 at ./loading.jl:304
 [inlined code] from none:2
 in anonymous at no file:0
 in process_options at ./client.jl:284
 in _start at ./client.jl:411
while loading /home/vagrant/.julia/v0.4/HDF5/src/plain.jl, in expression starting on line 1440
WARNING: Union(args...) is deprecated, use Union{args...} instead.
 in depwarn at deprecated.jl:73
 in call at deprecated.jl:50
 in anonymous at no file
 in include at ./boot.jl:261
 in include_from_node1 at ./loading.jl:304
 in include at ./boot.jl:261
 in include_from_node1 at ./loading.jl:304
 [inlined code] from none:2
 in anonymous at no file:0
 in process_options at ./client.jl:284
 in _start at ./client.jl:411
while loading /home/vagrant/.julia/v0.4/HDF5/src/plain.jl, in expression starting on line 1461
WARNING: Union(args...) is deprecated, use Union{args...} instead.
 in depwarn at deprecated.jl:73
 in call at deprecated.jl:50
 in anonymous at no file
 in include at ./boot.jl:261
 in include_from_node1 at ./loading.jl:304
 in include at ./boot.jl:261
 in include_from_node1 at ./loading.jl:304
 [inlined code] from none:2
 in anonymous at no file:0
 in process_options at ./client.jl:284
 in _start at ./client.jl:411
while loading /home/vagrant/.julia/v0.4/HDF5/src/plain.jl, in expression starting on line 1461
WARNING: Union(args...) is deprecated, use Union{args...} instead.
 in depwarn at deprecated.jl:73
 in call at deprecated.jl:50
 [inlined code] from /home/vagrant/.julia/v0.4/HDF5/src/plain.jl:1464
 in anonymous at no file:0
 in include at ./boot.jl:261
 in include_from_node1 at ./loading.jl:304
 in include at ./boot.jl:261
 in include_from_node1 at ./loading.jl:304
 [inlined code] from none:2
 in anonymous at no file:0
 in process_options at ./client.jl:284
 in _start at ./client.jl:411
while loading /home/vagrant/.julia/v0.4/HDF5/src/plain.jl, in expression starting on line 1479
WARNING: Union(args...) is deprecated, use Union{args...} instead.
 in depwarn at deprecated.jl:73
 in call at deprecated.jl:50
 [inlined code] from /home/vagrant/.julia/v0.4/HDF5/src/plain.jl:1464
 in anonymous at no file:0
 in include at ./boot.jl:261
 in include_from_node1 at ./loading.jl:304
 in include at ./boot.jl:261
 in include_from_node1 at ./loading.jl:304
 [inlined code] from none:2
 in anonymous at no file:0
 in process_options at ./client.jl:284
 in _start at ./client.jl:411
while loading /home/vagrant/.julia/v0.4/HDF5/src/plain.jl, in expression starting on line 1482
WARNING: Union(args...) is deprecated, use Union{args...} instead.
 in depwarn at deprecated.jl:73
 in call at deprecated.jl:50
 [inlined code] from /home/vagrant/.julia/v0.4/HDF5/src/plain.jl:1464
 in anonymous at no file:0
 in include at ./boot.jl:261
 in include_from_node1 at ./loading.jl:304
 in include at ./boot.jl:261
 in include_from_node1 at ./loading.jl:304
 [inlined code] from none:2
 in anonymous at no file:0
 in process_options at ./client.jl:284
 in _start at ./client.jl:411
while loading /home/vagrant/.julia/v0.4/HDF5/src/plain.jl, in expression starting on line 1479
WARNING: Union(args...) is deprecated, use Union{args...} instead.
 in depwarn at deprecated.jl:73
 in call at deprecated.jl:50
 [inlined code] from /home/vagrant/.julia/v0.4/HDF5/src/plain.jl:1464
 in anonymous at no file:0
 in include at ./boot.jl:261
 in include_from_node1 at ./loading.jl:304
 in include at ./boot.jl:261
 in include_from_node1 at ./loading.jl:304
 [inlined code] from none:2
 in anonymous at no file:0
 in process_options at ./client.jl:284
 in _start at ./client.jl:411
while loading /home/vagrant/.julia/v0.4/HDF5/src/plain.jl, in expression starting on line 1482
WARNING: Union(args...) is deprecated, use Union{args...} instead.
 in depwarn at deprecated.jl:73
 in call at deprecated.jl:50
 in include at ./boot.jl:261
 in include_from_node1 at ./loading.jl:304
 in include at ./boot.jl:261
 in include_from_node1 at ./loading.jl:304
 [inlined code] from none:2
 in anonymous at no file:0
 in process_options at ./client.jl:284
 in _start at ./client.jl:411
while loading /home/vagrant/.julia/v0.4/HDF5/src/plain.jl, in expression starting on line 1487
WARNING: Union(args...) is deprecated, use Union{args...} instead.
 in depwarn at deprecated.jl:73
 in call at deprecated.jl:50
 in anonymous at no file
 in include at ./boot.jl:261
 in include_from_node1 at ./loading.jl:304
 in include at ./boot.jl:261
 in include_from_node1 at ./loading.jl:304
 [inlined code] from none:2
 in anonymous at no file:0
 in process_options at ./client.jl:284
 in _start at ./client.jl:411
while loading /home/vagrant/.julia/v0.4/HDF5/src/plain.jl, in expression starting on line 1499
WARNING: Union(args...) is deprecated, use Union{args...} instead.
 in depwarn at deprecated.jl:73
 in call at deprecated.jl:50
 in anonymous at no file
 in include at ./boot.jl:261
 in include_from_node1 at ./loading.jl:304
 in include at ./boot.jl:261
 in include_from_node1 at ./loading.jl:304
 [inlined code] from none:2
 in anonymous at no file:0
 in process_options at ./client.jl:284
 in _start at ./client.jl:411
while loading /home/vagrant/.julia/v0.4/HDF5/src/plain.jl, in expression starting on line 1499
WARNING: Union(args...) is deprecated, use Union{args...} instead.
 in depwarn at deprecated.jl:73
 in call at deprecated.jl:50
 [inlined code] from /home/vagrant/.julia/v0.4/HDF5/src/plain.jl:1502
 in anonymous at no file:0
 in include at ./boot.jl:261
 in include_from_node1 at ./loading.jl:304
 in include at ./boot.jl:261
 in include_from_node1 at ./loading.jl:304
 [inlined code] from none:2
 in anonymous at no file:0
 in process_options at ./client.jl:284
 in _start at ./client.jl:411
while loading /home/vagrant/.julia/v0.4/HDF5/src/plain.jl, in expression starting on line 1514
WARNING: Union(args...) is deprecated, use Union{args...} instead.
 in depwarn at deprecated.jl:73
 in call at deprecated.jl:50
 [inlined code] from /home/vagrant/.julia/v0.4/HDF5/src/plain.jl:1502
 in anonymous at no file:0
 in include at ./boot.jl:261
 in include_from_node1 at ./loading.jl:304
 in include at ./boot.jl:261
 in include_from_node1 at ./loading.jl:304
 [inlined code] from none:2
 in anonymous at no file:0
 in process_options at ./client.jl:284
 in _start at ./client.jl:411
while loading /home/vagrant/.julia/v0.4/HDF5/src/plain.jl, in expression starting on line 1517
WARNING: Union(args...) is deprecated, use Union{args...} instead.
 in depwarn at deprecated.jl:73
 in call at deprecated.jl:50
 [inlined code] from /home/vagrant/.julia/v0.4/HDF5/src/plain.jl:1502
 in anonymous at no file:0
 in include at ./boot.jl:261
 in include_from_node1 at ./loading.jl:304
 in include at ./boot.jl:261
 in include_from_node1 at ./loading.jl:304
 [inlined code] from none:2
 in anonymous at no file:0
 in process_options at ./client.jl:284
 in _start at ./client.jl:411
while loading /home/vagrant/.julia/v0.4/HDF5/src/plain.jl, in expression starting on line 1514
WARNING: Union(args...) is deprecated, use Union{args...} instead.
 in depwarn at deprecated.jl:73
 in call at deprecated.jl:50
 [inlined code] from /home/vagrant/.julia/v0.4/HDF5/src/plain.jl:1502
 in anonymous at no file:0
 in include at ./boot.jl:261
 in include_from_node1 at ./loading.jl:304
 in include at ./boot.jl:261
 in include_from_node1 at ./loading.jl:304
 [inlined code] from none:2
 in anonymous at no file:0
 in process_options at ./client.jl:284
 in _start at ./client.jl:411
while loading /home/vagrant/.julia/v0.4/HDF5/src/plain.jl, in expression starting on line 1517
WARNING: Union(args...) is deprecated, use Union{args...} instead.
 in depwarn at deprecated.jl:73
 in call at deprecated.jl:50
 in include at ./boot.jl:261
 in include_from_node1 at ./loading.jl:304
 in include at ./boot.jl:261
 in include_from_node1 at ./loading.jl:304
 [inlined code] from none:2
 in anonymous at no file:0
 in process_options at ./client.jl:284
 in _start at ./client.jl:411
while loading /home/vagrant/.julia/v0.4/HDF5/src/plain.jl, in expression starting on line 1523
WARNING: Union(args...) is deprecated, use Union{args...} instead.
 in depwarn at deprecated.jl:73
 in call at deprecated.jl:50
 in include at ./boot.jl:261
 in include_from_node1 at ./loading.jl:304
 in include at ./boot.jl:261
 in include_from_node1 at ./loading.jl:304
 [inlined code] from none:2
 in anonymous at no file:0
 in process_options at ./client.jl:284
 in _start at ./client.jl:411
while loading /home/vagrant/.julia/v0.4/HDF5/src/plain.jl, in expression starting on line 1532
WARNING: Union(args...) is deprecated, use Union{args...} instead.
 in depwarn at deprecated.jl:73
 in call at deprecated.jl:50
 in include at ./boot.jl:261
 in include_from_node1 at ./loading.jl:304
 in include at ./boot.jl:261
 in include_from_node1 at ./loading.jl:304
 [inlined code] from none:2
 in anonymous at no file:0
 in process_options at ./client.jl:284
 in _start at ./client.jl:411
while loading /home/vagrant/.julia/v0.4/HDF5/src/plain.jl, in expression starting on line 1541
WARNING: Union(args...) is deprecated, use Union{args...} instead.
 in depwarn at deprecated.jl:73
 in call at deprecated.jl:50
 in include at ./boot.jl:261
 in include_from_node1 at ./loading.jl:304
 in include at ./boot.jl:261
 in include_from_node1 at ./loading.jl:304
 [inlined code] from none:2
 in anonymous at no file:0
 in process_options at ./client.jl:284
 in _start at ./client.jl:411
while loading /home/vagrant/.julia/v0.4/HDF5/src/plain.jl, in expression starting on line 1541
WARNING: Union(args...) is deprecated, use Union{args...} instead.
 in depwarn at deprecated.jl:73
 in call at deprecated.jl:50
 in include at ./boot.jl:261
 in include_from_node1 at ./loading.jl:304
 in include at ./boot.jl:261
 in include_from_node1 at ./loading.jl:304
 [inlined code] from none:2
 in anonymous at no file:0
 in process_options at ./client.jl:284
 in _start at ./client.jl:411
while loading /home/vagrant/.julia/v0.4/HDF5/src/plain.jl, in expression starting on line 1544
WARNING: Union(args...) is deprecated, use Union{args...} instead.
 in depwarn at deprecated.jl:73
 in call at deprecated.jl:50
 in include at ./boot.jl:261
 in include_from_node1 at ./loading.jl:304
 in include at ./boot.jl:261
 in include_from_node1 at ./loading.jl:304
 [inlined code] from none:2
 in anonymous at no file:0
 in process_options at ./client.jl:284
 in _start at ./client.jl:411
while loading /home/vagrant/.julia/v0.4/HDF5/src/plain.jl, in expression starting on line 1547
WARNING: Union(args...) is deprecated, use Union{args...} instead.
 in depwarn at deprecated.jl:73
 in call at deprecated.jl:50
 in include at ./boot.jl:261
 in include_from_node1 at ./loading.jl:304
 in include at ./boot.jl:261
 in include_from_node1 at ./loading.jl:304
 [inlined code] from none:2
 in anonymous at no file:0
 in process_options at ./client.jl:284
 in _start at ./client.jl:411
while loading /home/vagrant/.julia/v0.4/HDF5/src/plain.jl, in expression starting on line 1557
WARNING: Union(args...) is deprecated, use Union{args...} instead.
 in depwarn at deprecated.jl:73
 in call at deprecated.jl:50
 in include at ./boot.jl:261
 in include_from_node1 at ./loading.jl:304
 in include at ./boot.jl:261
 in include_from_node1 at ./loading.jl:304
 [inlined code] from none:2
 in anonymous at no file:0
 in process_options at ./client.jl:284
 in _start at ./client.jl:411
while loading /home/vagrant/.julia/v0.4/HDF5/src/plain.jl, in expression starting on line 1576
WARNING: Union(args...) is deprecated, use Union{args...} instead.
 in depwarn at deprecated.jl:73
 in call at deprecated.jl:50
 in include at ./boot.jl:261
 in include_from_node1 at ./loading.jl:304
 in include at ./boot.jl:261
 in include_from_node1 at ./loading.jl:304
 [inlined code] from none:2
 in anonymous at no file:0
 in process_options at ./client.jl:284
 in _start at ./client.jl:411
while loading /home/vagrant/.julia/v0.4/HDF5/src/plain.jl, in expression starting on line 1580
WARNING: Union(args...) is deprecated, use Union{args...} instead.
 in depwarn at deprecated.jl:73
 in call at deprecated.jl:50
 in include at ./boot.jl:261
 in include_from_node1 at ./loading.jl:304
 in include at ./boot.jl:261
 in include_from_node1 at ./loading.jl:304
 [inlined code] from none:2
 in anonymous at no file:0
 in process_options at ./client.jl:284
 in _start at ./client.jl:411
while loading /home/vagrant/.julia/v0.4/HDF5/src/plain.jl, in expression starting on line 1605
WARNING: Union(args...) is deprecated, use Union{args...} instead.
 in depwarn at deprecated.jl:73
 in call at deprecated.jl:50
 in include at ./boot.jl:261
 in include_from_node1 at ./loading.jl:304
 in include at ./boot.jl:261
 in include_from_node1 at ./loading.jl:304
 [inlined code] from none:2
 in anonymous at no file:0
 in process_options at ./client.jl:284
 in _start at ./client.jl:411
while loading /home/vagrant/.julia/v0.4/HDF5/src/plain.jl, in expression starting on line 1614
WARNING: Union(args...) is deprecated, use Union{args...} instead.
 in depwarn at deprecated.jl:73
 in call at deprecated.jl:50
 in include at ./boot.jl:261
 in include_from_node1 at ./loading.jl:304
 in include at ./boot.jl:261
 in include_from_node1 at ./loading.jl:304
 [inlined code] from none:2
 in anonymous at no file:0
 in process_options at ./client.jl:284
 in _start at ./client.jl:411
while loading /home/vagrant/.julia/v0.4/HDF5/src/plain.jl, in expression starting on line 1623
WARNING: Union(args...) is deprecated, use Union{args...} instead.
 in depwarn at deprecated.jl:73
 in call at deprecated.jl:50
 in include at ./boot.jl:261
 in include_from_node1 at ./loading.jl:304
 in include at ./boot.jl:261
 in include_from_node1 at ./loading.jl:304
 [inlined code] from none:2
 in anonymous at no file:0
 in process_options at ./client.jl:284
 in _start at ./client.jl:411
while loading /home/vagrant/.julia/v0.4/HDF5/src/plain.jl, in expression starting on line 1624
WARNING: Union(args...) is deprecated, use Union{args...} instead.
 in depwarn at deprecated.jl:73
 in call at deprecated.jl:50
 in include at ./boot.jl:261
 in include_from_node1 at ./loading.jl:304
 in include at ./boot.jl:261
 in include_from_node1 at ./loading.jl:304
 [inlined code] from none:2
 in anonymous at no file:0
 in process_options at ./client.jl:284
 in _start at ./client.jl:411
while loading /home/vagrant/.julia/v0.4/HDF5/src/plain.jl, in expression starting on line 1626
WARNING: Union(args...) is deprecated, use Union{args...} instead.
 in depwarn at deprecated.jl:73
 in call at deprecated.jl:50
 in include at ./boot.jl:261
 in include_from_node1 at ./loading.jl:304
 in include at ./boot.jl:261
 in include_from_node1 at ./loading.jl:304
 [inlined code] from none:2
 in anonymous at no file:0
 in process_options at ./client.jl:284
 in _start at ./client.jl:411
while loading /home/vagrant/.julia/v0.4/HDF5/src/plain.jl, in expression starting on line 1671
WARNING: Union(args...) is deprecated, use Union{args...} instead.
 in depwarn at deprecated.jl:73
 in call at deprecated.jl:50
 in include at ./boot.jl:261
 in include_from_node1 at ./loading.jl:304
 in include at ./boot.jl:261
 in include_from_node1 at ./loading.jl:304
 [inlined code] from none:2
 in anonymous at no file:0
 in process_options at ./client.jl:284
 in _start at ./client.jl:411
while loading /home/vagrant/.julia/v0.4/HDF5/src/plain.jl, in expression starting on line 1677
WARNING: Union(args...) is deprecated, use Union{args...} instead.
 in depwarn at deprecated.jl:73
 in call at deprecated.jl:50
 in include at ./boot.jl:261
 in include_from_node1 at ./loading.jl:304
 in include at ./boot.jl:261
 in include_from_node1 at ./loading.jl:304
 [inlined code] from none:2
 in anonymous at no file:0
 in process_options at ./client.jl:284
 in _start at ./client.jl:411
while loading /home/vagrant/.julia/v0.4/HDF5/src/plain.jl, in expression starting on line 1690
WARNING: Union(args...) is deprecated, use Union{args...} instead.
 in depwarn at deprecated.jl:73
 in call at deprecated.jl:50
 in include at ./boot.jl:261
 in include_from_node1 at ./loading.jl:304
 in include at ./boot.jl:261
 in include_from_node1 at ./loading.jl:304
 [inlined code] from none:2
 in anonymous at no file:0
 in process_options at ./client.jl:284
 in _start at ./client.jl:411
while loading /home/vagrant/.julia/v0.4/HDF5/src/plain.jl, in expression starting on line 1794
WARNING: Union(args...) is deprecated, use Union{args...} instead.
 in depwarn at deprecated.jl:73
 in call at deprecated.jl:50
 in include at ./boot.jl:261
 in include_from_node1 at ./loading.jl:304
 in include at ./boot.jl:261
 in include_from_node1 at ./loading.jl:304
 [inlined code] from none:2
 in anonymous at no file:0
 in process_options at ./client.jl:284
 in _start at ./client.jl:411
while loading /home/vagrant/.julia/v0.4/HDF5/src/plain.jl, in expression starting on line 1819
============================[ ERROR: JPLEphemeris ]=============================

LoadError: LoadError: ArgumentError: JLD not found in path
while loading /home/vagrant/.julia/v0.4/JPLEphemeris/src/JPLEphemeris.jl, in expression starting on line 3
while loading /home/vagrant/.julia/v0.4/JPLEphemeris/deps/build.jl, in expression starting on line 1

================================================================================

================================[ BUILD ERRORS ]================================

WARNING: JPLEphemeris had build errors.

 - packages with build errors remain installed in /home/vagrant/.julia/v0.4
 - build the package(s) and all dependencies with `Pkg.build("JPLEphemeris")`
 - build a single package by running its `deps/build.jl` script

================================================================================
INFO: Package database updated
INFO: METADATA is out-of-date  you may not have the latest version of JPLEphemeris
INFO: Use `Pkg.update()` to get the latest versions of your packages
