INFO: Cloning cache of Arbiter from git://github.com/invenia/Arbiter.jl.git
INFO: Cloning cache of Benchmark from git://github.com/johnmyleswhite/Benchmark.jl.git
INFO: Cloning cache of DataArrays from git://github.com/JuliaStats/DataArrays.jl.git
INFO: Cloning cache of DataFrames from git://github.com/JuliaStats/DataFrames.jl.git
INFO: Cloning cache of DataStructures from git://github.com/JuliaLang/DataStructures.jl.git
INFO: Cloning cache of FunctionalCollections from git://github.com/JuliaLang/FunctionalCollections.jl.git
INFO: Cloning cache of GZip from git://github.com/JuliaLang/GZip.jl.git
INFO: Cloning cache of SortingAlgorithms from git://github.com/JuliaLang/SortingAlgorithms.jl.git
INFO: Installing Arbiter v0.0.2
INFO: Installing ArrayViews v0.6.4
INFO: Installing Benchmark v0.1.0
INFO: Installing DataArrays v0.2.18
INFO: Installing DataFrames v0.6.9
INFO: Installing DataStructures v0.3.13
INFO: Installing Docile v0.5.19
INFO: Installing FactCheck v0.4.0
INFO: Installing FunctionalCollections v0.1.2
INFO: Installing GZip v0.2.18
INFO: Installing Reexport v0.0.3
INFO: Installing SortingAlgorithms v0.0.6
INFO: Installing StatsBase v0.7.2
INFO: Installing StatsFuns v0.1.3
INFO: Package database updated
INFO: METADATA is out-of-date — you may not have the latest version of Arbiter
INFO: Use `Pkg.update()` to get the latest versions of your packages
