INFO: Cloning cache of DCEMRI from git://github.com/davidssmith/DCEMRI.jl.git
INFO: Installing ArgParse v0.2.12
INFO: Installing Blosc v0.1.4
INFO: Installing Calculus v0.1.10
INFO: Installing Color v0.3.6
INFO: Installing ColorTypes v0.1.4
INFO: Installing Colors v0.5.3
INFO: Installing DCEMRI v0.1.1
INFO: Installing Dates v0.4.4
INFO: Installing Docile v0.5.19
INFO: Installing FixedPointNumbers v0.0.10
INFO: Installing HDF5 v0.5.5
INFO: Installing LaTeXStrings v0.1.4
INFO: Installing MAT v0.2.12
INFO: Installing Options v0.2.5
INFO: Installing PyCall v1.0.2
INFO: Installing PyPlot v2.1.0
INFO: Installing Reexport v0.0.3
INFO: Installing TextWrap v0.1.4
INFO: Installing Zlib v0.1.9
INFO: Building Blosc
INFO: Building HDF5
INFO: Building PyCall
INFO: PyCall is using python (Python 2.7.6) at /usr/bin/python, libpython = libpython2.7
INFO: Package database updated
INFO: METADATA is out-of-date — you may not have the latest version of DCEMRI
INFO: Use `Pkg.update()` to get the latest versions of your packages
