INFO: Cloning cache of LibHealpix from git://github.com/mweastwood/LibHealpix.jl.git
INFO: Installing LibHealpix v0.0.1
INFO: Building LibHealpix
Downloading the HEALPix source...
  % Total    % Received % Xferd  Average Speed   Time    Time     Time  Current
                                 Dload  Upload   Total   Spent    Left  Speed
  0     0    0     0    0     0      0      0 --:--:-- --:--:-- --:--:--     0  0   361    0     0    0     0      0      0 --:--:-- --:--:-- --:--:--     0
  0 25.6M    0  129k    0     0   311k      0  0:01:24 --:--:--  0:01:24  311k  7 25.6M    7 2101k    0     0  1477k      0  0:00:17  0:00:01  0:00:16 1961k 19 25.6M   19 5120k    0     0  2118k      0  0:00:12  0:00:02  0:00:10 2494k 35 25.6M   35 9316k    0     0  2723k      0  0:00:09  0:00:03  0:00:06 3057k 51 25.6M   51 13.1M    0     0  3060k      0  0:00:08  0:00:04  0:00:04 3346k 66 25.6M   66 17.0M    0     0  3225k      0  0:00:08  0:00:05  0:00:03 3468k 86 25.6M   86 22.3M    0     0  3563k      0  0:00:07  0:00:06  0:00:01 4157k100 25.6M  100 25.6M    0     0  3858k      0  0:00:06  0:00:06 --:--:-- 4815k
patching file hpxconfig_functions.sh

Note: the configuration directory will be /home/vagrant/.julia/v0.4/LibHealpix/deps/downloads/Healpix_3.20/confdir/3_20_Linux


*************************
 Welcome to Healpix 3.20
*************************

This script takes care of the configuration and compilation
of the C, C++, F90, IDL and Python packages of the Healpix distribution.
 

Do you want to:
(0): exit
(1): configure Healpix IDL package
(2): configure Healpix C package, and edit Makefile
(3): configure Healpix F90 package, and edit Makefile
(4): configure Healpix C++ package, and edit Makefile
(5): configure Healpix Python (healpy) package, and edit Makefile
(8): see what configuration files have been created so far
(9): edit your shell configuration file to have easier access to Healpix codes
(-1): reset
     (will *REMOVE* the Makefile and configuration files, and exit)
(0): exit

Enter your choice (configuration of packages can be done in any order): enter C compiler you want to use (gcc): enter options for C compiler (-O2 -Wall): enter archive creation (and indexing) command (ar -rsv): do you want the HEALPix/C library to include CFITSIO-related functions ? (Y|n): enter full name of cfitsio library (libcfitsio.a): enter location of cfitsio library (/usr/local/lib): error: fits library /usr/local/lib/libcfitsio.a not found

Something went wrong ...
Quitting configuration script !


Note: the configuration directory will be /home/vagrant/.julia/v0.4/LibHealpix/deps/downloads/Healpix_3.20/confdir/3_20_Linux


*************************
 Welcome to Healpix 3.20
*************************

This script takes care of the configuration and compilation
of the C, C++, F90, IDL and Python packages of the Healpix distribution.
 

Do you want to:
(0): exit
(1): configure Healpix IDL package
(2): configure Healpix C package, and edit Makefile
(3): configure Healpix F90 package, and edit Makefile
(4): configure Healpix C++ package, and edit Makefile
(5): configure Healpix Python (healpy) package, and edit Makefile
(8): see what configuration files have been created so far
(9): edit your shell configuration file to have easier access to Healpix codes
(-1): reset
     (will *REMOVE* the Makefile and configuration files, and exit)
(0): exit

Enter your choice (configuration of packages can be done in any order): enter location of cfitsio library (/usr/local/lib): enter location of cfitsio header fitsio.h (/usr/local/include): error: cfitsio include file /usr/local/include/fitsio.h not found

Something went wrong ...
Quitting configuration script !

patching file src/C/subs/Makefile
make: Nothing to be done for `c-all'.
make[1]: Entering directory `/home/vagrant/.julia/v0.4/LibHealpix/deps/downloads/Healpix_3.20/src/cxx'
Makefile:3: *** HEALPIX_TARGET undefined. Please see README.compilation for help.  Stop.
make[1]: Leaving directory `/home/vagrant/.julia/v0.4/LibHealpix/deps/downloads/Healpix_3.20/src/cxx'
Building the HEALPix wrapper...
make: Entering directory `/home/vagrant/.julia/v0.4/LibHealpix/deps/src'
g++ -c -Wall -Werror -fpic -Wno-unknown-pragmas map.cpp -I../downloads/Healpix_3.20/src/cxx/Healpix_cxx -I../downloads/Healpix_3.20/src/cxx/cxxsupport
g++ -c -Wall -Werror -fpic -Wno-unknown-pragmas alm.cpp -I../downloads/Healpix_3.20/src/cxx/Healpix_cxx -I../downloads/Healpix_3.20/src/cxx/cxxsupport
g++ -c -Wall -Werror -fpic -Wno-unknown-pragmas transforms.cpp -I../downloads/Healpix_3.20/src/cxx/Healpix_cxx -I../downloads/Healpix_3.20/src/cxx/cxxsupport
g++ -shared -o libhealpixwrapper.so map.o alm.o transforms.o -L../downloads/Healpix_3.20/lib -L../downloads/Healpix_3.20/src/cxx/gcc_with_fpic/lib -lhealpix_cxx -lcxxsupport -lsharp -lc_utils -lfftpack
/usr/bin/ld: cannot find -lhealpix_cxx
/usr/bin/ld: cannot find -lcxxsupport
/usr/bin/ld: cannot find -lsharp
/usr/bin/ld: cannot find -lc_utils
/usr/bin/ld: cannot find -lfftpack
collect2: error: ld returned 1 exit status
make: *** [libhealpixwrapper.so] Error 1
make: Leaving directory `/home/vagrant/.julia/v0.4/LibHealpix/deps/src'
=============================[ ERROR: LibHealpix ]==============================

LoadError: failed process: Process(`make -C /home/vagrant/.julia/v0.4/LibHealpix/deps/src`, ProcessExited(2)) [2]
while loading /home/vagrant/.julia/v0.4/LibHealpix/deps/build.jl, in expression starting on line 18

================================================================================

================================[ BUILD ERRORS ]================================

WARNING: LibHealpix had build errors.

 - packages with build errors remain installed in /home/vagrant/.julia/v0.4
 - build the package(s) and all dependencies with `Pkg.build("LibHealpix")`
 - build a single package by running its `deps/build.jl` script

================================================================================
INFO: Package database updated
INFO: METADATA is out-of-date — you may not have the latest version of LibHealpix
INFO: Use `Pkg.update()` to get the latest versions of your packages
