INFO: Cloning cache of Immerse from git://github.com/JuliaGraphics/Immerse.jl.git
INFO: Installing Cairo v0.2.31
INFO: Installing Calculus v0.1.10
INFO: Installing ColorTypes v0.1.4
INFO: Installing Colors v0.5.3
INFO: Installing Compose v0.3.15
INFO: Installing Contour v0.0.7
INFO: Installing DataStructures v0.3.13
INFO: Installing Dates v0.4.4
INFO: Installing Distances v0.2.0
INFO: Installing Distributions v0.8.6
INFO: Installing DualNumbers v0.1.3
INFO: Installing FixedPointNumbers v0.0.10
INFO: Installing Gadfly v0.3.16
INFO: Installing Graphics v0.1.3
INFO: Installing Grid v0.3.11
INFO: Installing Gtk v0.8.6
INFO: Installing GtkUtilities v0.0.5
INFO: Installing Hexagons v0.0.4
INFO: Installing Immerse v0.0.5
INFO: Installing ImmutableArrays v0.0.10
INFO: Installing Iterators v0.1.9
INFO: Installing KernelDensity v0.1.1
INFO: Installing Loess v0.0.4
INFO: Installing NaNMath v0.1.0
INFO: Installing Optim v0.4.2
INFO: Installing PDMats v0.3.5
INFO: Installing Showoff v0.0.5
INFO: Installing WoodburyMatrices v0.1.2
INFO: Building Cairo
INFO: Building Gtk
INFO: Package database updated
INFO: METADATA is out-of-date — you may not have the latest version of Immerse
INFO: Use `Pkg.update()` to get the latest versions of your packages
