INFO: Cloning cache of BayesNets from git://github.com/sisl/BayesNets.jl.git
INFO: Cloning cache of Graphs from git://github.com/JuliaLang/Graphs.jl.git
INFO: Cloning cache of TikzGraphs from git://github.com/sisl/TikzGraphs.jl.git
INFO: Cloning cache of TikzPictures from git://github.com/sisl/TikzPictures.jl.git
INFO: Installing ArrayViews v0.6.4
INFO: Installing BayesNets v0.1.0
INFO: Installing DataArrays v0.2.18
INFO: Installing DataFrames v0.6.9
INFO: Installing DataStructures v0.3.13
INFO: Installing Docile v0.5.19
INFO: Installing GZip v0.2.18
INFO: Installing Graphs v0.5.6
INFO: Installing LaTeXStrings v0.1.4
INFO: Installing Reexport v0.0.3
INFO: Installing SortingAlgorithms v0.0.6
INFO: Installing StatsBase v0.7.2
INFO: Installing StatsFuns v0.1.3
INFO: Installing TikzGraphs v0.0.1
INFO: Installing TikzPictures v0.2.4
INFO: Package database updated
INFO: METADATA is out-of-date — you may not have the latest version of BayesNets
INFO: Use `Pkg.update()` to get the latest versions of your packages
