INFO: Cloning cache of LaTeX from git://github.com/rened/LaTeX.jl.git
INFO: Installing ColorTypes v0.1.4
INFO: Installing ColorVectorSpace v0.0.3
INFO: Installing Colors v0.5.3
INFO: Installing FixedPointNumbers v0.0.10
INFO: Installing Graphics v0.1.3
INFO: Installing Images v0.4.47
INFO: Installing LaTeX v0.0.2
INFO: Installing SIUnits v0.0.5
INFO: Installing TexExtensions v0.0.2
INFO: Building Images
WARNING: Base.Uint8 is deprecated, use UInt8 instead.
WARNING: Base.Uint8 is deprecated, use UInt8 instead.
WARNING: Base.Uint8 is deprecated, use UInt8 instead.
WARNING: Base.Uint8 is deprecated, use UInt8 instead.
WARNING: Base.Uint8 is deprecated, use UInt8 instead.
WARNING: Base.Uint8 is deprecated, use UInt8 instead.
WARNING: Base.Uint8 is deprecated, use UInt8 instead.
INFO: Package database updated
INFO: METADATA is out-of-date — you may not have the latest version of LaTeX
INFO: Use `Pkg.update()` to get the latest versions of your packages
