INFO: Installing Blosc v0.1.4
INFO: Installing ColorTypes v0.1.4
INFO: Installing ColorVectorSpace v0.0.3
INFO: Installing Colors v0.5.3
INFO: Installing Docile v0.5.19
INFO: Installing FaceDatasets v0.1.4
INFO: Installing FixedPointNumbers v0.0.10
INFO: Installing Graphics v0.1.3
INFO: Installing HDF5 v0.5.5
INFO: Installing Images v0.4.47
INFO: Installing MAT v0.2.12
INFO: Installing Reexport v0.0.3
INFO: Installing SIUnits v0.0.5
INFO: Installing TexExtensions v0.0.2
INFO: Installing Zlib v0.1.9
INFO: Building Blosc
INFO: Building HDF5
INFO: Building Images
WARNING: Base.Uint8 is deprecated, use UInt8 instead.
WARNING: Base.Uint8 is deprecated, use UInt8 instead.
WARNING: Base.Uint8 is deprecated, use UInt8 instead.
WARNING: Base.Uint8 is deprecated, use UInt8 instead.
WARNING: Base.Uint8 is deprecated, use UInt8 instead.
WARNING: Base.Uint8 is deprecated, use UInt8 instead.
WARNING: Base.Uint8 is deprecated, use UInt8 instead.
INFO: Package database updated
INFO: METADATA is out-of-date — you may not have the latest version of FaceDatasets
INFO: Use `Pkg.update()` to get the latest versions of your packages
