INFO: Cloning cache of LibHealpix from git://github.com/mweastwood/LibHealpix.jl.git
INFO: Installing LibHealpix v0.0.1
INFO: Building LibHealpix
Downloading the HEALPix source...
  % Total    % Received % Xferd  Average Speed   Time    Time     Time  Current
                                 Dload  Upload   Total   Spent    Left  Speed
  0     0    0     0    0     0      0      0 --:--:-- --:--:-- --:--:--     0  0   361    0     0    0     0      0      0 --:--:-- --:--:-- --:--:--     0
  2 25.6M    2  584k    0     0   857k      0  0:00:30 --:--:--  0:00:30  857k 15 25.6M   15 3976k    0     0  2345k      0  0:00:11  0:00:01  0:00:10 3348k 32 25.6M   32 8672k    0     0  3086k      0  0:00:08  0:00:02  0:00:06 3800k 34 25.6M   34 9136k    0     0  2477k      0  0:00:10  0:00:03  0:00:07 2845k 38 25.6M   38  9.8M    0     0  2146k      0  0:00:12  0:00:04  0:00:08 2366k 43 25.6M   43 11.0M    0     0  1998k      0  0:00:13  0:00:05  0:00:08 2154k 50 25.6M   50 13.0M    0     0  1992k      0  0:00:13  0:00:06  0:00:07 1872k 57 25.6M   57 14.8M    0     0  1980k      0  0:00:13  0:00:07  0:00:06 1344k 61 25.6M   61 15.6M    0     0  1805k      0  0:00:14  0:00:08  0:00:06 1329k 63 25.6M   63 16.2M    0     0  1717k      0  0:00:15  0:00:09  0:00:06 1314k 70 25.6M   70 18.0M    0     0  1724k      0  0:00:15  0:00:10  0:00:05 1413k 72 25.6M   72 18.6M    0     0  1635k      0  0:00:16  0:00:11  0:00:05 1157k 76 25.6M   76 19.6M    0     0  1589k      0  0:00:16  0:00:12  0:00:04  986k 76 25.6M   76 19.7M    0     0  1472k      0  0:00:17  0:00:13  0:00:04  857k 81 25.6M   81 21.0M    0     0  1464k      0  0:00:17  0:00:14  0:00:03  975k 88 25.6M   88 22.7M    0     0  1463k      0  0:00:17  0:00:15  0:00:02  929k100 25.6M  100 25.6M    0     0  1587k      0  0:00:16  0:00:16 --:--:-- 1473k
patching file hpxconfig_functions.sh

Note: the configuration directory will be /home/vagrant/.julia/v0.4/LibHealpix/deps/downloads/Healpix_3.20/confdir/3_20_Linux


*************************
 Welcome to Healpix 3.20
*************************

This script takes care of the configuration and compilation
of the C, C++, F90, IDL and Python packages of the Healpix distribution.
 

Do you want to:
(0): exit
(1): configure Healpix IDL package
(2): configure Healpix C package, and edit Makefile
(3): configure Healpix F90 package, and edit Makefile
(4): configure Healpix C++ package, and edit Makefile
(5): configure Healpix Python (healpy) package, and edit Makefile
(8): see what configuration files have been created so far
(9): edit your shell configuration file to have easier access to Healpix codes
(-1): reset
     (will *REMOVE* the Makefile and configuration files, and exit)
(0): exit

Enter your choice (configuration of packages can be done in any order): enter C compiler you want to use (gcc): enter options for C compiler (-O2 -Wall): enter archive creation (and indexing) command (ar -rsv): do you want the HEALPix/C library to include CFITSIO-related functions ? (Y|n): enter full name of cfitsio library (libcfitsio.a): enter location of cfitsio library (/usr/local/lib): error: fits library /usr/local/lib/libcfitsio.a not found

Something went wrong ...
Quitting configuration script !


Note: the configuration directory will be /home/vagrant/.julia/v0.4/LibHealpix/deps/downloads/Healpix_3.20/confdir/3_20_Linux


*************************
 Welcome to Healpix 3.20
*************************

This script takes care of the configuration and compilation
of the C, C++, F90, IDL and Python packages of the Healpix distribution.
 

Do you want to:
(0): exit
(1): configure Healpix IDL package
(2): configure Healpix C package, and edit Makefile
(3): configure Healpix F90 package, and edit Makefile
(4): configure Healpix C++ package, and edit Makefile
(5): configure Healpix Python (healpy) package, and edit Makefile
(8): see what configuration files have been created so far
(9): edit your shell configuration file to have easier access to Healpix codes
(-1): reset
     (will *REMOVE* the Makefile and configuration files, and exit)
(0): exit

Enter your choice (configuration of packages can be done in any order): enter location of cfitsio library (/usr/local/lib): enter location of cfitsio header fitsio.h (/usr/local/include): error: cfitsio include file /usr/local/include/fitsio.h not found

Something went wrong ...
Quitting configuration script !

patching file src/C/subs/Makefile
make: Nothing to be done for `c-all'.
make[1]: Entering directory `/home/vagrant/.julia/v0.4/LibHealpix/deps/downloads/Healpix_3.20/src/cxx'
Makefile:3: *** HEALPIX_TARGET undefined. Please see README.compilation for help.  Stop.
make[1]: Leaving directory `/home/vagrant/.julia/v0.4/LibHealpix/deps/downloads/Healpix_3.20/src/cxx'
Building the HEALPix wrapper...
make: Entering directory `/home/vagrant/.julia/v0.4/LibHealpix/deps/src'
g++ -c -Wall -Werror -fpic -Wno-unknown-pragmas map.cpp -I../downloads/Healpix_3.20/src/cxx/Healpix_cxx -I../downloads/Healpix_3.20/src/cxx/cxxsupport
g++ -c -Wall -Werror -fpic -Wno-unknown-pragmas alm.cpp -I../downloads/Healpix_3.20/src/cxx/Healpix_cxx -I../downloads/Healpix_3.20/src/cxx/cxxsupport
g++ -c -Wall -Werror -fpic -Wno-unknown-pragmas transforms.cpp -I../downloads/Healpix_3.20/src/cxx/Healpix_cxx -I../downloads/Healpix_3.20/src/cxx/cxxsupport
g++ -shared -o libhealpixwrapper.so map.o alm.o transforms.o -L../downloads/Healpix_3.20/lib -L../downloads/Healpix_3.20/src/cxx/gcc_with_fpic/lib -lhealpix_cxx -lcxxsupport -lsharp -lc_utils -lfftpack
/usr/bin/ld: cannot find -lhealpix_cxx
/usr/bin/ld: cannot find -lcxxsupport
/usr/bin/ld: cannot find -lsharp
/usr/bin/ld: cannot find -lc_utils
/usr/bin/ld: cannot find -lfftpack
collect2: error: ld returned 1 exit status
make: *** [libhealpixwrapper.so] Error 1
make: Leaving directory `/home/vagrant/.julia/v0.4/LibHealpix/deps/src'
=============================[ ERROR: LibHealpix ]==============================

LoadError: failed process: Process(`make -C /home/vagrant/.julia/v0.4/LibHealpix/deps/src`, ProcessExited(2)) [2]
while loading /home/vagrant/.julia/v0.4/LibHealpix/deps/build.jl, in expression starting on line 18

================================================================================

================================[ BUILD ERRORS ]================================

WARNING: LibHealpix had build errors.

 - packages with build errors remain installed in /home/vagrant/.julia/v0.4
 - build the package(s) and all dependencies with `Pkg.build("LibHealpix")`
 - build a single package by running its `deps/build.jl` script

================================================================================
INFO: Package database updated
