INFO: Cloning cache of ShapeModels from git://github.com/rened/ShapeModels.jl.git
INFO: Installing Blosc v0.1.4
INFO: Installing ColorTypes v0.1.5
INFO: Installing Colors v0.5.4
INFO: Installing Dates v0.4.4
INFO: Installing FactCheck v0.4.0
INFO: Installing FixedPointNumbers v0.0.11
INFO: Installing FunctionalData v0.0.15
INFO: Installing FunctionalDataUtils v0.0.8
INFO: Installing HDF5 v0.5.5
INFO: Installing LaTeXStrings v0.1.4
INFO: Installing MultivariateStats v0.2.1
INFO: Installing PyCall v1.0.2
INFO: Installing PyPlot v2.1.0
INFO: Installing ShapeModels v0.0.3
INFO: Building Blosc
INFO: Building HDF5
INFO: Building PyCall
INFO: PyCall is using python (Python 2.7.6) at /usr/bin/python, libpython = libpython2.7
INFO: Package database updated
