INFO: Cloning cache of GeoIP from git://github.com/JuliaWeb/GeoIP.jl.git
INFO: Cloning cache of IPNets from git://github.com/JuliaWeb/IPNets.jl.git
INFO: Cloning cache of ZipFile from git://github.com/fhs/ZipFile.jl.git
INFO: Installing ArrayViews v0.6.4
INFO: Installing Codecs v0.1.4
INFO: Installing DataArrays v0.2.18
INFO: Installing DataFrames v0.6.9
INFO: Installing Docile v0.5.19
INFO: Installing GZip v0.2.18
INFO: Installing GeoIP v0.2.2
INFO: Installing IPNets v0.2.0
INFO: Installing MbedTLS v0.1.3
INFO: Installing Reexport v0.0.3
INFO: Installing Requests v0.3.1
INFO: Installing SortingAlgorithms v0.0.6
INFO: Installing StatsBase v0.7.2
INFO: Installing StatsFuns v0.1.3
INFO: Installing ZipFile v0.2.4
INFO: Installing Zlib v0.1.9
INFO: Building HttpParser
INFO: Building MbedTLS
INFO: Package database updated
