INFO: Installing Homebrew v0.1.16
INFO: Building Homebrew
WARNING: Base.String is deprecated, use AbstractString instead.
WARNING: Base.String is deprecated, use AbstractString instead.
WARNING: Base.String is deprecated, use AbstractString instead.
WARNING: Base.String is deprecated, use AbstractString instead.
WARNING: Base.String is deprecated, use AbstractString instead.
WARNING: Base.String is deprecated, use AbstractString instead.
WARNING: Base.String is deprecated, use AbstractString instead.
WARNING: Base.String is deprecated, use AbstractString instead.
WARNING: Base.String is deprecated, use AbstractString instead.
WARNING: Base.String is deprecated, use AbstractString instead.
WARNING: Base.String is deprecated, use AbstractString instead.
WARNING: Base.String is deprecated, use AbstractString instead.
WARNING: Base.String is deprecated, use AbstractString instead.
WARNING: Base.String is deprecated, use AbstractString instead.
WARNING: Base.String is deprecated, use AbstractString instead.
WARNING: Base.String is deprecated, use AbstractString instead.
WARNING: Base.String is deprecated, use AbstractString instead.
WARNING: Base.String is deprecated, use AbstractString instead.
WARNING: Base.String is deprecated, use AbstractString instead.
WARNING: Base.String is deprecated, use AbstractString instead.
WARNING: Base.String is deprecated, use AbstractString instead.
WARNING: Base.String is deprecated, use AbstractString instead.
WARNING: Base.String is deprecated, use AbstractString instead.
WARNING: Base.String is deprecated, use AbstractString instead.
WARNING: Base.String is deprecated, use AbstractString instead.
WARNING: Base.String is deprecated, use AbstractString instead.
WARNING: Base.String is deprecated, use AbstractString instead.
WARNING: Base.String is deprecated, use AbstractString instead.
WARNING: Base.String is deprecated, use AbstractString instead.
WARNING: Base.String is deprecated, use AbstractString instead.
WARNING: Base.String is deprecated, use AbstractString instead.
WARNING: Base.String is deprecated, use AbstractString instead.
WARNING: Base.String is deprecated, use AbstractString instead.
WARNING: Base.String is deprecated, use AbstractString instead.
in anonymous at null:-1
WARNING: Base.String is deprecated, use AbstractString instead.
in anonymous at null:-1
WARNING: Base.String is deprecated, use AbstractString instead.
in anonymous at null:-1
WARNING: Base.String is deprecated, use AbstractString instead.
in anonymous at null:-1
WARNING: Base.String is deprecated, use AbstractString instead.
WARNING: Base.String is deprecated, use AbstractString instead.
WARNING: Base.String is deprecated, use AbstractString instead.
WARNING: Base.String is deprecated, use AbstractString instead.
WARNING: Base.String is deprecated, use AbstractString instead.
WARNING: Base.String is deprecated, use AbstractString instead.
WARNING: Base.String is deprecated, use AbstractString instead.
WARNING: Base.String is deprecated, use AbstractString instead.
WARNING: Base.String is deprecated, use AbstractString instead.
WARNING: Base.String is deprecated, use AbstractString instead.
WARNING: Base.String is deprecated, use AbstractString instead.
WARNING: Base.String is deprecated, use AbstractString instead.
WARNING: Base.String is deprecated, use AbstractString instead.
WARNING: Base.Nothing is deprecated, use Void instead.
WARNING: Base.String is deprecated, use AbstractString instead.
WARNING: Base.String is deprecated, use AbstractString instead.
WARNING: Base.String is deprecated, use AbstractString instead.
WARNING: Base.String is deprecated, use AbstractString instead.
WARNING: Base.String is deprecated, use AbstractString instead.
WARNING: Base.String is deprecated, use AbstractString instead.
WARNING: Base.String is deprecated, use AbstractString instead.
WARNING: Base.String is deprecated, use AbstractString instead.
WARNING: Base.String is deprecated, use AbstractString instead.
WARNING: Base.String is deprecated, use AbstractString instead.
WARNING: Base.String is deprecated, use AbstractString instead.
WARNING: Base.String is deprecated, use AbstractString instead.
WARNING: Base.String is deprecated, use AbstractString instead.
WARNING: Base.String is deprecated, use AbstractString instead.
WARNING: Base.String is deprecated, use AbstractString instead.
WARNING: Base.String is deprecated, use AbstractString instead.
WARNING: Base.String is deprecated, use AbstractString instead.
WARNING: Base.String is deprecated, use AbstractString instead.
WARNING: Base.String is deprecated, use AbstractString instead.
WARNING: Base.String is deprecated, use AbstractString instead.
WARNING: Base.String is deprecated, use AbstractString instead.
WARNING: Base.String is deprecated, use AbstractString instead.
WARNING: Union(args...) is deprecated, use Union{args...} instead.
 in depwarn at deprecated.jl:73
 in call at deprecated.jl:50
 in include at ./boot.jl:261
 in include_from_node1 at ./loading.jl:304
 in include at ./boot.jl:261
 in include_from_node1 at ./loading.jl:304
 in require at ./loading.jl:243
 in include at ./boot.jl:261
 in include_from_node1 at ./loading.jl:304
 in include at ./boot.jl:261
 in include_from_node1 at ./loading.jl:304
 in require at ./loading.jl:243
 in include at ./boot.jl:261
 in include_from_node1 at ./loading.jl:304
 in evalfile at loading.jl:320 (repeats 2 times)
 in anonymous at pkg/entry.jl:659
 in cd at ./file.jl:22
 in build! at pkg/entry.jl:658
 in build at pkg/entry.jl:670
 in resolve at ./pkg/entry.jl:479
 in edit at pkg/entry.jl:26
 in anonymous at task.jl:447
while loading /home/vagrant/.julia/v0.4/BinDeps/src/dependencies.jl, in expression starting on line 266
WARNING: Union(args...) is deprecated, use Union{args...} instead.
 in depwarn at deprecated.jl:73
 in call at deprecated.jl:50
 in include at ./boot.jl:261
 in include_from_node1 at ./loading.jl:304
 in include at ./boot.jl:261
 in include_from_node1 at ./loading.jl:304
 in require at ./loading.jl:243
 in include at ./boot.jl:261
 in include_from_node1 at ./loading.jl:304
 in include at ./boot.jl:261
 in include_from_node1 at ./loading.jl:304
 in require at ./loading.jl:243
 in include at ./boot.jl:261
 in include_from_node1 at ./loading.jl:304
 in evalfile at loading.jl:320 (repeats 2 times)
 in anonymous at pkg/entry.jl:659
 in cd at ./file.jl:22
 in build! at pkg/entry.jl:658
 in build at pkg/entry.jl:670
 in resolve at ./pkg/entry.jl:479
 in edit at pkg/entry.jl:26
 in anonymous at task.jl:447
while loading /home/vagrant/.julia/v0.4/BinDeps/src/dependencies.jl, in expression starting on line 266
WARNING: Union(args...) is deprecated, use Union{args...} instead.
 in depwarn at deprecated.jl:73
 in call at deprecated.jl:50
 in include at ./boot.jl:261
 in include_from_node1 at ./loading.jl:304
 in include at ./boot.jl:261
 in include_from_node1 at ./loading.jl:304
 in require at ./loading.jl:243
 in include at ./boot.jl:261
 in include_from_node1 at ./loading.jl:304
 in include at ./boot.jl:261
 in include_from_node1 at ./loading.jl:304
 in require at ./loading.jl:243
 in include at ./boot.jl:261
 in include_from_node1 at ./loading.jl:304
 in evalfile at loading.jl:320 (repeats 2 times)
 in anonymous at pkg/entry.jl:659
 in cd at ./file.jl:22
 in build! at pkg/entry.jl:658
 in build at pkg/entry.jl:670
 in resolve at ./pkg/entry.jl:479
 in edit at pkg/entry.jl:26
 in anonymous at task.jl:447
while loading /home/vagrant/.julia/v0.4/BinDeps/src/dependencies.jl, in expression starting on line 266
WARNING: Base.String is deprecated, use AbstractString instead.
WARNING: Base.String is deprecated, use AbstractString instead.
WARNING: Base.String is deprecated, use AbstractString instead.
WARNING: Base.String is deprecated, use AbstractString instead.
WARNING: Base.String is deprecated, use AbstractString instead.
WARNING: Base.String is deprecated, use AbstractString instead.
WARNING: Base.String is deprecated, use AbstractString instead.
From https://github.com/Homebrew/homebrew
   98c28ae..7be4cea  master     -> origin/master
HEAD is now at 7be4cea wireshark: update 1.12.7 bottle.
From https://github.com/staticfloat/homebrew-juliadeps
   013fac4..538f9fe  master     -> origin/master
HEAD is now at 538f9fe Merge pull request #70 from staticfloat/staging
INFO: Package database updated
INFO: METADATA is out-of-date — you may not have the latest version of Homebrew
INFO: Use `Pkg.update()` to get the latest versions of your packages
