INFO: Installing MathProgBase v0.3.17
INFO: Installing Mosek v0.1.4
INFO: Building Mosek
WARNING: Base.String is deprecated, use AbstractString instead.
WARNING: Base.String is deprecated, use AbstractString instead.
WARNING: Base.String is deprecated, use AbstractString instead.
WARNING: Base.String is deprecated, use AbstractString instead.
WARNING: Base.String is deprecated, use AbstractString instead.
WARNING: Base.String is deprecated, use AbstractString instead.
WARNING: Base.String is deprecated, use AbstractString instead.
WARNING: Base.String is deprecated, use AbstractString instead.
WARNING: Base.String is deprecated, use AbstractString instead.
WARNING: Base.String is deprecated, use AbstractString instead.
WARNING: Base.String is deprecated, use AbstractString instead.
WARNING: Base.String is deprecated, use AbstractString instead.
WARNING: Base.String is deprecated, use AbstractString instead.
WARNING: Base.String is deprecated, use AbstractString instead.
WARNING: Base.String is deprecated, use AbstractString instead.
WARNING: Base.String is deprecated, use AbstractString instead.
WARNING: Base.String is deprecated, use AbstractString instead.
WARNING: Base.String is deprecated, use AbstractString instead.
WARNING: Base.String is deprecated, use AbstractString instead.
WARNING: Base.String is deprecated, use AbstractString instead.
WARNING: Base.String is deprecated, use AbstractString instead.
WARNING: Base.String is deprecated, use AbstractString instead.
WARNING: Base.String is deprecated, use AbstractString instead.
WARNING: Base.String is deprecated, use AbstractString instead.
WARNING: Base.String is deprecated, use AbstractString instead.
WARNING: Base.String is deprecated, use AbstractString instead.
WARNING: Base.String is deprecated, use AbstractString instead.
WARNING: Base.String is deprecated, use AbstractString instead.
WARNING: Base.String is deprecated, use AbstractString instead.
WARNING: Base.String is deprecated, use AbstractString instead.
WARNING: Base.String is deprecated, use AbstractString instead.
WARNING: Base.String is deprecated, use AbstractString instead.
WARNING: Base.String is deprecated, use AbstractString instead.
WARNING: Base.String is deprecated, use AbstractString instead.
in anonymous at null:-1
WARNING: Base.String is deprecated, use AbstractString instead.
in anonymous at null:-1
WARNING: Base.String is deprecated, use AbstractString instead.
in anonymous at null:-1
WARNING: Base.String is deprecated, use AbstractString instead.
in anonymous at null:-1
WARNING: Base.String is deprecated, use AbstractString instead.
WARNING: Base.String is deprecated, use AbstractString instead.
WARNING: Base.String is deprecated, use AbstractString instead.
WARNING: Base.String is deprecated, use AbstractString instead.
WARNING: Base.String is deprecated, use AbstractString instead.
WARNING: Base.String is deprecated, use AbstractString instead.
WARNING: Base.String is deprecated, use AbstractString instead.
WARNING: Base.String is deprecated, use AbstractString instead.
WARNING: Base.String is deprecated, use AbstractString instead.
WARNING: Base.String is deprecated, use AbstractString instead.
WARNING: Base.String is deprecated, use AbstractString instead.
WARNING: Base.String is deprecated, use AbstractString instead.
WARNING: Base.String is deprecated, use AbstractString instead.
WARNING: Base.Nothing is deprecated, use Void instead.
WARNING: Base.String is deprecated, use AbstractString instead.
WARNING: Base.String is deprecated, use AbstractString instead.
WARNING: Base.String is deprecated, use AbstractString instead.
WARNING: Base.String is deprecated, use AbstractString instead.
WARNING: Base.String is deprecated, use AbstractString instead.
WARNING: Base.String is deprecated, use AbstractString instead.
WARNING: Base.String is deprecated, use AbstractString instead.
WARNING: Base.String is deprecated, use AbstractString instead.
WARNING: Base.String is deprecated, use AbstractString instead.
WARNING: Base.String is deprecated, use AbstractString instead.
WARNING: Base.String is deprecated, use AbstractString instead.
WARNING: Base.String is deprecated, use AbstractString instead.
WARNING: Base.String is deprecated, use AbstractString instead.
WARNING: Base.String is deprecated, use AbstractString instead.
WARNING: Base.String is deprecated, use AbstractString instead.
WARNING: Base.String is deprecated, use AbstractString instead.
WARNING: Base.String is deprecated, use AbstractString instead.
WARNING: Base.String is deprecated, use AbstractString instead.
WARNING: Base.String is deprecated, use AbstractString instead.
WARNING: Base.String is deprecated, use AbstractString instead.
WARNING: Base.String is deprecated, use AbstractString instead.
WARNING: Base.String is deprecated, use AbstractString instead.
WARNING: Union(args...) is deprecated, use Union{args...} instead.
 in depwarn at deprecated.jl:73
 in call at deprecated.jl:50
 in include at ./boot.jl:261
 in include_from_node1 at ./loading.jl:304
 in include at ./boot.jl:261
 in include_from_node1 at ./loading.jl:304
 in require at ./loading.jl:243
 in include at ./boot.jl:261
 in include_from_node1 at ./loading.jl:304
 in evalfile at loading.jl:320 (repeats 2 times)
 in anonymous at pkg/entry.jl:659
 in cd at ./file.jl:22
 in build! at pkg/entry.jl:658
 in build at pkg/entry.jl:670
 in resolve at ./pkg/entry.jl:479
 in edit at pkg/entry.jl:26
 in anonymous at task.jl:447
while loading /home/vagrant/.julia/v0.4/BinDeps/src/dependencies.jl, in expression starting on line 266
WARNING: Union(args...) is deprecated, use Union{args...} instead.
 in depwarn at deprecated.jl:73
 in call at deprecated.jl:50
 in include at ./boot.jl:261
 in include_from_node1 at ./loading.jl:304
 in include at ./boot.jl:261
 in include_from_node1 at ./loading.jl:304
 in require at ./loading.jl:243
 in include at ./boot.jl:261
 in include_from_node1 at ./loading.jl:304
 in evalfile at loading.jl:320 (repeats 2 times)
 in anonymous at pkg/entry.jl:659
 in cd at ./file.jl:22
 in build! at pkg/entry.jl:658
 in build at pkg/entry.jl:670
 in resolve at ./pkg/entry.jl:479
 in edit at pkg/entry.jl:26
 in anonymous at task.jl:447
while loading /home/vagrant/.julia/v0.4/BinDeps/src/dependencies.jl, in expression starting on line 266
WARNING: Union(args...) is deprecated, use Union{args...} instead.
 in depwarn at deprecated.jl:73
 in call at deprecated.jl:50
 in include at ./boot.jl:261
 in include_from_node1 at ./loading.jl:304
 in include at ./boot.jl:261
 in include_from_node1 at ./loading.jl:304
 in require at ./loading.jl:243
 in include at ./boot.jl:261
 in include_from_node1 at ./loading.jl:304
 in evalfile at loading.jl:320 (repeats 2 times)
 in anonymous at pkg/entry.jl:659
 in cd at ./file.jl:22
 in build! at pkg/entry.jl:658
 in build at pkg/entry.jl:670
 in resolve at ./pkg/entry.jl:479
 in edit at pkg/entry.jl:26
 in anonymous at task.jl:447
while loading /home/vagrant/.julia/v0.4/BinDeps/src/dependencies.jl, in expression starting on line 266
WARNING: Base.String is deprecated, use AbstractString instead.
WARNING: Base.String is deprecated, use AbstractString instead.
WARNING: Base.String is deprecated, use AbstractString instead.
WARNING: Base.String is deprecated, use AbstractString instead.
WARNING: Base.String is deprecated, use AbstractString instead.
WARNING: Base.String is deprecated, use AbstractString instead.
WARNING: Base.String is deprecated, use AbstractString instead.
WARNING: Base.String is deprecated, use AbstractString instead.
WARNING: Base.String is deprecated, use AbstractString instead.
WARNING: Base.String is deprecated, use AbstractString instead.
WARNING: Base.String is deprecated, use AbstractString instead.
WARNING: Base.String is deprecated, use AbstractString instead.
WARNING: Base.String is deprecated, use AbstractString instead.
WARNING: Base.String is deprecated, use AbstractString instead.
WARNING: Base.String is deprecated, use AbstractString instead.
WARNING: Base.String is deprecated, use AbstractString instead.
WARNING: Base.String is deprecated, use AbstractString instead.
WARNING: Base.String is deprecated, use AbstractString instead.
WARNING: Base.String is deprecated, use AbstractString instead.
================================[ ERROR: Mosek ]================================

LoadError: MethodError: `provides` has no method matching provides(::Type{__anon__.LessSimpleBuild}, ::BinDeps.GetSources, ::UTF8String, ::BinDeps.LibraryDependency)
Closest candidates are:
  provides(::Type{__anon__.LessSimpleBuild}, ::Any, !Matched::ASCIIString, ::Any)
  provides{T}(::Type{T}, ::Any, !Matched::BinDeps.LibraryDependency)
  provides{T}(::Type{T}, ::Any, !Matched::Array{BinDeps.LibraryDependency,1})
  ...
while loading /home/vagrant/.julia/v0.4/Mosek/deps/build.jl, in expression starting on line 73

================================================================================

================================[ BUILD ERRORS ]================================

WARNING: Mosek had build errors.

 - packages with build errors remain installed in /home/vagrant/.julia/v0.4
 - build the package(s) and all dependencies with `Pkg.build("Mosek")`
 - build a single package by running its `deps/build.jl` script

================================================================================
INFO: Package database updated
INFO: METADATA is out-of-date — you may not have the latest version of Mosek
INFO: Use `Pkg.update()` to get the latest versions of your packages
