INFO: Installing ArrayViews v0.6.3
INFO: Installing Calculus v0.1.10
INFO: Installing Codecs v0.1.4
INFO: Installing ColorTypes v0.1.4
INFO: Installing Colors v0.5.3
INFO: Installing Compose v0.3.15
INFO: Installing Contour v0.0.7
INFO: Installing DataArrays v0.2.18
INFO: Installing DataFrames v0.6.9
INFO: Installing DataStructures v0.3.12
INFO: Installing Dates v0.4.4
INFO: Installing Distances v0.2.0
INFO: Installing Distributions v0.8.6
INFO: Installing Docile v0.5.18
INFO: Installing DualNumbers v0.1.3
INFO: Installing FixedPointNumbers v0.0.10
INFO: Installing GZip v0.2.17
INFO: Installing Gadfly v0.3.16
INFO: Installing Grid v0.3.11
INFO: Installing Hexagons v0.0.4
INFO: Installing ImmutableArrays v0.0.10
INFO: Installing Iterators v0.1.8
INFO: Installing KernelDensity v0.1.1
INFO: Installing Loess v0.0.4
INFO: Installing Lumira v0.0.2
INFO: Installing NaNMath v0.1.0
INFO: Installing Optim v0.4.2
INFO: Installing PDMats v0.3.5
INFO: Installing Reexport v0.0.3
INFO: Installing Showoff v0.0.5
INFO: Installing SortingAlgorithms v0.0.5
INFO: Installing StatsBase v0.7.2
INFO: Installing StatsFuns v0.1.3
INFO: Installing WoodburyMatrices v0.1.2
INFO: Package database updated
INFO: METADATA is out-of-date — you may not have the latest version of Lumira
INFO: Use `Pkg.update()` to get the latest versions of your packages
