INFO: Installing ActiveAppearanceModels v0.1.2
INFO: Installing ArrayViews v0.6.3
INFO: Installing Blosc v0.1.4
INFO: Installing Cairo v0.2.30
INFO: Installing ColorTypes v0.1.4
INFO: Installing ColorVectorSpace v0.0.3
INFO: Installing Colors v0.5.3
INFO: Installing Docile v0.5.18
INFO: Installing FaceDatasets v0.1.4
INFO: Installing FixedPointNumbers v0.0.10
INFO: Installing GeometricalPredicates v0.0.4
INFO: Installing Graphics v0.1.3
INFO: Installing HDF5 v0.5.5
INFO: Installing ImageView v0.1.16
INFO: Installing Images v0.4.47
INFO: Installing IniFile v0.2.4
INFO: Installing MAT v0.2.12
INFO: Installing MultivariateStats v0.2.1
INFO: Installing PiecewiseAffineTransforms v0.1.2
INFO: Installing Reexport v0.0.3
INFO: Installing SIUnits v0.0.5
INFO: Installing StatsBase v0.7.2
INFO: Installing StatsFuns v0.1.3
INFO: Installing TexExtensions v0.0.2
INFO: Installing Tk v0.3.6
INFO: Installing VoronoiDelaunay v0.0.1
INFO: Installing Winston v0.11.12
INFO: Installing Zlib v0.1.9
INFO: Building Blosc
WARNING: Base.String is deprecated, use AbstractString instead.
WARNING: Base.String is deprecated, use AbstractString instead.
WARNING: Base.String is deprecated, use AbstractString instead.
WARNING: Base.String is deprecated, use AbstractString instead.
WARNING: Base.String is deprecated, use AbstractString instead.
WARNING: Base.String is deprecated, use AbstractString instead.
WARNING: Base.String is deprecated, use AbstractString instead.
WARNING: Base.String is deprecated, use AbstractString instead.
WARNING: Base.String is deprecated, use AbstractString instead.
WARNING: Base.String is deprecated, use AbstractString instead.
WARNING: Base.String is deprecated, use AbstractString instead.
WARNING: Base.String is deprecated, use AbstractString instead.
WARNING: Base.String is deprecated, use AbstractString instead.
WARNING: Base.String is deprecated, use AbstractString instead.
WARNING: Base.String is deprecated, use AbstractString instead.
WARNING: Base.String is deprecated, use AbstractString instead.
WARNING: Base.String is deprecated, use AbstractString instead.
WARNING: Base.String is deprecated, use AbstractString instead.
WARNING: Base.String is deprecated, use AbstractString instead.
WARNING: Base.String is deprecated, use AbstractString instead.
WARNING: Base.String is deprecated, use AbstractString instead.
WARNING: Base.String is deprecated, use AbstractString instead.
WARNING: Base.String is deprecated, use AbstractString instead.
WARNING: Base.String is deprecated, use AbstractString instead.
WARNING: Base.String is deprecated, use AbstractString instead.
WARNING: Base.String is deprecated, use AbstractString instead.
WARNING: Base.String is deprecated, use AbstractString instead.
WARNING: Base.String is deprecated, use AbstractString instead.
WARNING: Base.String is deprecated, use AbstractString instead.
WARNING: Base.String is deprecated, use AbstractString instead.
WARNING: Base.String is deprecated, use AbstractString instead.
WARNING: Base.String is deprecated, use AbstractString instead.
WARNING: Base.String is deprecated, use AbstractString instead.
WARNING: Base.String is deprecated, use AbstractString instead.
in anonymous at null:-1
WARNING: Base.String is deprecated, use AbstractString instead.
in anonymous at null:-1
WARNING: Base.String is deprecated, use AbstractString instead.
in anonymous at null:-1
WARNING: Base.String is deprecated, use AbstractString instead.
in anonymous at null:-1
WARNING: Base.String is deprecated, use AbstractString instead.
WARNING: Base.String is deprecated, use AbstractString instead.
WARNING: Base.String is deprecated, use AbstractString instead.
WARNING: Base.String is deprecated, use AbstractString instead.
WARNING: Base.String is deprecated, use AbstractString instead.
WARNING: Base.String is deprecated, use AbstractString instead.
WARNING: Base.String is deprecated, use AbstractString instead.
WARNING: Base.String is deprecated, use AbstractString instead.
WARNING: Base.String is deprecated, use AbstractString instead.
WARNING: Base.String is deprecated, use AbstractString instead.
WARNING: Base.String is deprecated, use AbstractString instead.
WARNING: Base.String is deprecated, use AbstractString instead.
WARNING: Base.String is deprecated, use AbstractString instead.
WARNING: Base.Nothing is deprecated, use Void instead.
WARNING: Base.String is deprecated, use AbstractString instead.
WARNING: Base.String is deprecated, use AbstractString instead.
WARNING: Base.String is deprecated, use AbstractString instead.
WARNING: Base.String is deprecated, use AbstractString instead.
WARNING: Base.String is deprecated, use AbstractString instead.
WARNING: Base.String is deprecated, use AbstractString instead.
WARNING: Base.String is deprecated, use AbstractString instead.
WARNING: Base.String is deprecated, use AbstractString instead.
WARNING: Base.String is deprecated, use AbstractString instead.
WARNING: Base.String is deprecated, use AbstractString instead.
WARNING: Base.String is deprecated, use AbstractString instead.
WARNING: Base.String is deprecated, use AbstractString instead.
WARNING: Base.String is deprecated, use AbstractString instead.
WARNING: Base.String is deprecated, use AbstractString instead.
INFO: Recompiling stale cache file /home/vagrant/.julia/lib/v0.4/URIParser.ji for module URIParser.
WARNING: Base.String is deprecated, use AbstractString instead.
WARNING: Base.String is deprecated, use AbstractString instead.
WARNING: Base.String is deprecated, use AbstractString instead.
WARNING: Base.String is deprecated, use AbstractString instead.
WARNING: Base.String is deprecated, use AbstractString instead.
WARNING: Base.String is deprecated, use AbstractString instead.
WARNING: Base.String is deprecated, use AbstractString instead.
WARNING: Base.String is deprecated, use AbstractString instead.
WARNING: Union(args...) is deprecated, use Union{args...} instead.
 in depwarn at deprecated.jl:73
 in call at deprecated.jl:50
 in include at ./boot.jl:261
 in include_from_node1 at ./loading.jl:304
 in include at ./boot.jl:261
 in include_from_node1 at ./loading.jl:304
 in require at ./loading.jl:243
 in include at ./boot.jl:261
 in include_from_node1 at ./loading.jl:304
 in evalfile at loading.jl:320 (repeats 2 times)
 in anonymous at pkg/entry.jl:659
 in cd at ./file.jl:22
 in build! at pkg/entry.jl:658
 in build! at pkg/entry.jl:653 (repeats 4 times)
 in build at pkg/entry.jl:670
 in resolve at ./pkg/entry.jl:479
 in edit at pkg/entry.jl:26
 in anonymous at task.jl:447
while loading /home/vagrant/.julia/v0.4/BinDeps/src/dependencies.jl, in expression starting on line 266
WARNING: Union(args...) is deprecated, use Union{args...} instead.
 in depwarn at deprecated.jl:73
 in call at deprecated.jl:50
 in include at ./boot.jl:261
 in include_from_node1 at ./loading.jl:304
 in include at ./boot.jl:261
 in include_from_node1 at ./loading.jl:304
 in require at ./loading.jl:243
 in include at ./boot.jl:261
 in include_from_node1 at ./loading.jl:304
 in evalfile at loading.jl:320 (repeats 2 times)
 in anonymous at pkg/entry.jl:659
 in cd at ./file.jl:22
 in build! at pkg/entry.jl:658
 in build! at pkg/entry.jl:653 (repeats 4 times)
 in build at pkg/entry.jl:670
 in resolve at ./pkg/entry.jl:479
 in edit at pkg/entry.jl:26
 in anonymous at task.jl:447
while loading /home/vagrant/.julia/v0.4/BinDeps/src/dependencies.jl, in expression starting on line 266
WARNING: Union(args...) is deprecated, use Union{args...} instead.
 in depwarn at deprecated.jl:73
 in call at deprecated.jl:50
 in include at ./boot.jl:261
 in include_from_node1 at ./loading.jl:304
 in include at ./boot.jl:261
 in include_from_node1 at ./loading.jl:304
 in require at ./loading.jl:243
 in include at ./boot.jl:261
 in include_from_node1 at ./loading.jl:304
 in evalfile at loading.jl:320 (repeats 2 times)
 in anonymous at pkg/entry.jl:659
 in cd at ./file.jl:22
 in build! at pkg/entry.jl:658
 in build! at pkg/entry.jl:653 (repeats 4 times)
 in build at pkg/entry.jl:670
 in resolve at ./pkg/entry.jl:479
 in edit at pkg/entry.jl:26
 in anonymous at task.jl:447
while loading /home/vagrant/.julia/v0.4/BinDeps/src/dependencies.jl, in expression starting on line 266
WARNING: Base.String is deprecated, use AbstractString instead.
WARNING: Base.String is deprecated, use AbstractString instead.
WARNING: Base.String is deprecated, use AbstractString instead.
WARNING: Base.String is deprecated, use AbstractString instead.
INFO: Recompiling stale cache file /home/vagrant/.julia/lib/v0.4/SHA.ji for module SHA.
WARNING: Base.Uint32 is deprecated, use UInt32 instead.
WARNING: Base.Uint32 is deprecated, use UInt32 instead.
WARNING: Base.Uint64 is deprecated, use UInt64 instead.
WARNING: Base.Uint8 is deprecated, use UInt8 instead.
WARNING: Base.Uint32 is deprecated, use UInt32 instead.
WARNING: Base.Uint64 is deprecated, use UInt64 instead.
WARNING: Base.Uint8 is deprecated, use UInt8 instead.
WARNING: Base.Uint32 is deprecated, use UInt32 instead.
WARNING: Base.String is deprecated, use AbstractString instead.
WARNING: Base.String is deprecated, use AbstractString instead.
WARNING: Base.String is deprecated, use AbstractString instead.
INFO: Building HDF5
WARNING: Base.String is deprecated, use AbstractString instead.
WARNING: Base.String is deprecated, use AbstractString instead.
WARNING: Base.String is deprecated, use AbstractString instead.
WARNING: Base.String is deprecated, use AbstractString instead.
WARNING: Base.String is deprecated, use AbstractString instead.
WARNING: Base.String is deprecated, use AbstractString instead.
WARNING: Base.String is deprecated, use AbstractString instead.
WARNING: Base.String is deprecated, use AbstractString instead.
WARNING: Base.String is deprecated, use AbstractString instead.
WARNING: Base.String is deprecated, use AbstractString instead.
WARNING: Base.String is deprecated, use AbstractString instead.
WARNING: Base.String is deprecated, use AbstractString instead.
WARNING: Base.String is deprecated, use AbstractString instead.
WARNING: Base.String is deprecated, use AbstractString instead.
WARNING: Base.String is deprecated, use AbstractString instead.
WARNING: Base.String is deprecated, use AbstractString instead.
WARNING: Base.String is deprecated, use AbstractString instead.
WARNING: Base.String is deprecated, use AbstractString instead.
WARNING: Base.String is deprecated, use AbstractString instead.
WARNING: Base.String is deprecated, use AbstractString instead.
WARNING: Base.String is deprecated, use AbstractString instead.
WARNING: Base.String is deprecated, use AbstractString instead.
WARNING: Base.String is deprecated, use AbstractString instead.
WARNING: Base.String is deprecated, use AbstractString instead.
WARNING: Base.Uint8 is deprecated, use UInt8 instead.
WARNING: Base.Uint8 is deprecated, use UInt8 instead.
WARNING: Base.Uint8 is deprecated, use UInt8 instead.
WARNING: Base.Uint8 is deprecated, use UInt8 instead.
WARNING: Base.Uint8 is deprecated, use UInt8 instead.
WARNING: Base.Uint8 is deprecated, use UInt8 instead.
WARNING: Base.Uint8 is deprecated, use UInt8 instead.
WARNING: Base.Uint8 is deprecated, use UInt8 instead.
WARNING: Base.Uint8 is deprecated, use UInt8 instead.
WARNING: Base.Uint8 is deprecated, use UInt8 instead.
WARNING: Base.Uint8 is deprecated, use UInt8 instead.
WARNING: Base.Uint8 is deprecated, use UInt8 instead.
WARNING: Base.Uint8 is deprecated, use UInt8 instead.
WARNING: Base.Uint8 is deprecated, use UInt8 instead.
WARNING: Base.String is deprecated, use AbstractString instead.
WARNING: Base.Uint8 is deprecated, use UInt8 instead.
WARNING: Base.Uint8 is deprecated, use UInt8 instead.
WARNING: Base.Uint8 is deprecated, use UInt8 instead.
WARNING: Base.Uint8 is deprecated, use UInt8 instead.
WARNING: Base.String is deprecated, use AbstractString instead.
WARNING: Base.Uint8 is deprecated, use UInt8 instead.
WARNING: Base.Uint8 is deprecated, use UInt8 instead.
WARNING: Base.Uint8 is deprecated, use UInt8 instead.
WARNING: Base.Uint8 is deprecated, use UInt8 instead.
WARNING: Base.String is deprecated, use AbstractString instead.
WARNING: Base.Uint8 is deprecated, use UInt8 instead.
WARNING: Base.Uint8 is deprecated, use UInt8 instead.
WARNING: Base.Uint8 is deprecated, use UInt8 instead.
WARNING: Base.Uint8 is deprecated, use UInt8 instead.
WARNING: Base.String is deprecated, use AbstractString instead.
WARNING: Base.String is deprecated, use AbstractString instead.
WARNING: Base.Uint8 is deprecated, use UInt8 instead.
WARNING: Base.Uint8 is deprecated, use UInt8 instead.
WARNING: Base.Uint8 is deprecated, use UInt8 instead.
WARNING: Base.Uint8 is deprecated, use UInt8 instead.
WARNING: Base.String is deprecated, use AbstractString instead.
WARNING: Base.Uint8 is deprecated, use UInt8 instead.
WARNING: Base.Uint8 is deprecated, use UInt8 instead.
WARNING: Base.Uint8 is deprecated, use UInt8 instead.
WARNING: Base.Uint8 is deprecated, use UInt8 instead.
WARNING: Base.String is deprecated, use AbstractString instead.
WARNING: Base.Uint8 is deprecated, use UInt8 instead.
WARNING: Base.Uint8 is deprecated, use UInt8 instead.
WARNING: Base.Uint8 is deprecated, use UInt8 instead.
WARNING: Base.Uint8 is deprecated, use UInt8 instead.
WARNING: Base.String is deprecated, use AbstractString instead.
WARNING: Base.String is deprecated, use AbstractString instead.
WARNING: Base.Uint8 is deprecated, use UInt8 instead.
WARNING: Base.Uint8 is deprecated, use UInt8 instead.
WARNING: Base.String is deprecated, use AbstractString instead.
WARNING: Base.String is deprecated, use AbstractString instead.
WARNING: Base.String is deprecated, use AbstractString instead.
WARNING: Base.String is deprecated, use AbstractString instead.
WARNING: Base.String is deprecated, use AbstractString instead.
WARNING: Base.String is deprecated, use AbstractString instead.
WARNING: Base.String is deprecated, use AbstractString instead.
WARNING: Base.Uint8 is deprecated, use UInt8 instead.
WARNING: Base.Uint8 is deprecated, use UInt8 instead.
WARNING: Base.Uint8 is deprecated, use UInt8 instead.
WARNING: Base.Uint8 is deprecated, use UInt8 instead.
WARNING: Base.String is deprecated, use AbstractString instead.
WARNING: Base.Uint8 is deprecated, use UInt8 instead.
WARNING: Base.Uint8 is deprecated, use UInt8 instead.
WARNING: Base.Uint8 is deprecated, use UInt8 instead.
WARNING: Base.Uint8 is deprecated, use UInt8 instead.
WARNING: Base.String is deprecated, use AbstractString instead.
WARNING: Base.Uint8 is deprecated, use UInt8 instead.
WARNING: Base.Uint8 is deprecated, use UInt8 instead.
WARNING: Base.Uint8 is deprecated, use UInt8 instead.
WARNING: Base.Uint8 is deprecated, use UInt8 instead.
WARNING: Base.String is deprecated, use AbstractString instead.
WARNING: Base.Uint8 is deprecated, use UInt8 instead.
WARNING: Base.Uint8 is deprecated, use UInt8 instead.
WARNING: Base.Uint8 is deprecated, use UInt8 instead.
WARNING: Base.Uint8 is deprecated, use UInt8 instead.
WARNING: Base.String is deprecated, use AbstractString instead.
WARNING: Base.String is deprecated, use AbstractString instead.
WARNING: Base.Uint8 is deprecated, use UInt8 instead.
WARNING: Base.Uint8 is deprecated, use UInt8 instead.
WARNING: Base.Uint8 is deprecated, use UInt8 instead.
WARNING: Base.Uint8 is deprecated, use UInt8 instead.
WARNING: Base.String is deprecated, use AbstractString instead.
WARNING: Base.Uint8 is deprecated, use UInt8 instead.
WARNING: Base.Uint8 is deprecated, use UInt8 instead.
WARNING: Base.Uint8 is deprecated, use UInt8 instead.
WARNING: Base.Uint8 is deprecated, use UInt8 instead.
WARNING: Base.String is deprecated, use AbstractString instead.
WARNING: Base.Uint8 is deprecated, use UInt8 instead.
WARNING: Base.Uint8 is deprecated, use UInt8 instead.
WARNING: Base.Uint8 is deprecated, use UInt8 instead.
WARNING: Base.Uint8 is deprecated, use UInt8 instead.
WARNING: Base.String is deprecated, use AbstractString instead.
WARNING: Base.String is deprecated, use AbstractString instead.
WARNING: Base.Uint8 is deprecated, use UInt8 instead.
WARNING: Base.Uint8 is deprecated, use UInt8 instead.
WARNING: Base.String is deprecated, use AbstractString instead.
WARNING: Base.String is deprecated, use AbstractString instead.
WARNING: Base.String is deprecated, use AbstractString instead.
WARNING: Base.Uint8 is deprecated, use UInt8 instead.
WARNING: Base.Uint8 is deprecated, use UInt8 instead.
WARNING: Base.Uint8 is deprecated, use UInt8 instead.
WARNING: Base.Uint8 is deprecated, use UInt8 instead.
WARNING: Base.String is deprecated, use AbstractString instead.
WARNING: Base.Uint8 is deprecated, use UInt8 instead.
WARNING: Base.Uint8 is deprecated, use UInt8 instead.
WARNING: Base.Uint8 is deprecated, use UInt8 instead.
WARNING: Base.Uint8 is deprecated, use UInt8 instead.
WARNING: Base.String is deprecated, use AbstractString instead.
WARNING: Base.Uint8 is deprecated, use UInt8 instead.
WARNING: Base.Uint8 is deprecated, use UInt8 instead.
WARNING: Base.Uint8 is deprecated, use UInt8 instead.
WARNING: Base.Uint8 is deprecated, use UInt8 instead.
WARNING: Base.String is deprecated, use AbstractString instead.
WARNING: Base.Uint8 is deprecated, use UInt8 instead.
WARNING: Base.Uint8 is deprecated, use UInt8 instead.
WARNING: Base.Uint8 is deprecated, use UInt8 instead.
WARNING: Base.Uint8 is deprecated, use UInt8 instead.
WARNING: Base.String is deprecated, use AbstractString instead.
WARNING: Base.String is deprecated, use AbstractString instead.
WARNING: Base.Uint8 is deprecated, use UInt8 instead.
WARNING: Base.Uint8 is deprecated, use UInt8 instead.
WARNING: Base.Uint8 is deprecated, use UInt8 instead.
WARNING: Base.Uint8 is deprecated, use UInt8 instead.
WARNING: Base.String is deprecated, use AbstractString instead.
WARNING: Base.Uint8 is deprecated, use UInt8 instead.
WARNING: Base.Uint8 is deprecated, use UInt8 instead.
WARNING: Base.Uint8 is deprecated, use UInt8 instead.
WARNING: Base.Uint8 is deprecated, use UInt8 instead.
WARNING: Base.String is deprecated, use AbstractString instead.
WARNING: Base.Uint8 is deprecated, use UInt8 instead.
WARNING: Base.Uint8 is deprecated, use UInt8 instead.
WARNING: Base.Uint8 is deprecated, use UInt8 instead.
WARNING: Base.Uint8 is deprecated, use UInt8 instead.
WARNING: Base.String is deprecated, use AbstractString instead.
WARNING: Base.String is deprecated, use AbstractString instead.
WARNING: Base.Uint8 is deprecated, use UInt8 instead.
WARNING: Base.Uint8 is deprecated, use UInt8 instead.
WARNING: Base.String is deprecated, use AbstractString instead.
in ___find_library#21__ at /home/vagrant/.julia/v0.4/BinDeps/src/dependencies.jl:443
WARNING: Base.String is deprecated, use AbstractString instead.
in ___find_library#21__ at /home/vagrant/.julia/v0.4/BinDeps/src/dependencies.jl:443
WARNING: Base.String is deprecated, use AbstractString instead.
in ___find_library#21__ at /home/vagrant/.julia/v0.4/BinDeps/src/dependencies.jl:443
WARNING: Base.Uint8 is deprecated, use UInt8 instead.
WARNING: Base.Uint8 is deprecated, use UInt8 instead.
INFO: Building Images
WARNING: Base.String is deprecated, use AbstractString instead.
WARNING: Base.String is deprecated, use AbstractString instead.
WARNING: Base.String is deprecated, use AbstractString instead.
WARNING: Base.String is deprecated, use AbstractString instead.
WARNING: Base.Uint8 is deprecated, use UInt8 instead.
WARNING: Base.Uint8 is deprecated, use UInt8 instead.
WARNING: Base.Uint8 is deprecated, use UInt8 instead.
WARNING: Base.Uint8 is deprecated, use UInt8 instead.
WARNING: Base.Uint8 is deprecated, use UInt8 instead.
WARNING: Base.Uint8 is deprecated, use UInt8 instead.
WARNING: Base.Uint8 is deprecated, use UInt8 instead.
INFO: Building Cairo
WARNING: Base.String is deprecated, use AbstractString instead.
WARNING: Base.String is deprecated, use AbstractString instead.
WARNING: Base.String is deprecated, use AbstractString instead.
WARNING: Base.String is deprecated, use AbstractString instead.
WARNING: Base.String is deprecated, use AbstractString instead.
WARNING: Base.String is deprecated, use AbstractString instead.
WARNING: Base.String is deprecated, use AbstractString instead.
WARNING: Base.String is deprecated, use AbstractString instead.
WARNING: Base.String is deprecated, use AbstractString instead.
WARNING: Base.String is deprecated, use AbstractString instead.
WARNING: Base.String is deprecated, use AbstractString instead.
WARNING: Base.String is deprecated, use AbstractString instead.
WARNING: Base.String is deprecated, use AbstractString instead.
WARNING: Base.String is deprecated, use AbstractString instead.
WARNING: Base.String is deprecated, use AbstractString instead.
WARNING: Base.String is deprecated, use AbstractString instead.
WARNING: Base.String is deprecated, use AbstractString instead.
WARNING: Base.String is deprecated, use AbstractString instead.
WARNING: Base.String is deprecated, use AbstractString instead.
WARNING: Base.String is deprecated, use AbstractString instead.
WARNING: Base.String is deprecated, use AbstractString instead.
WARNING: Base.String is deprecated, use AbstractString instead.
WARNING: Base.String is deprecated, use AbstractString instead.
WARNING: Base.String is deprecated, use AbstractString instead.
WARNING: Base.String is deprecated, use AbstractString instead.
WARNING: Base.String is deprecated, use AbstractString instead.
WARNING: Base.String is deprecated, use AbstractString instead.
WARNING: Base.String is deprecated, use AbstractString instead.
WARNING: Base.String is deprecated, use AbstractString instead.
WARNING: Base.String is deprecated, use AbstractString instead.
WARNING: Base.String is deprecated, use AbstractString instead.
WARNING: Base.String is deprecated, use AbstractString instead.
WARNING: Base.String is deprecated, use AbstractString instead.
WARNING: Base.String is deprecated, use AbstractString instead.
WARNING: Base.String is deprecated, use AbstractString instead.
WARNING: Base.String is deprecated, use AbstractString instead.
WARNING: Base.String is deprecated, use AbstractString instead.
WARNING: Base.String is deprecated, use AbstractString instead.
WARNING: Base.String is deprecated, use AbstractString instead.
WARNING: Base.String is deprecated, use AbstractString instead.
WARNING: Base.String is deprecated, use AbstractString instead.
WARNING: Base.String is deprecated, use AbstractString instead.
WARNING: Base.String is deprecated, use AbstractString instead.
WARNING: Base.String is deprecated, use AbstractString instead.
WARNING: Base.String is deprecated, use AbstractString instead.
WARNING: Base.String is deprecated, use AbstractString instead.
WARNING: Base.String is deprecated, use AbstractString instead.
WARNING: Base.String is deprecated, use AbstractString instead.
WARNING: Base.String is deprecated, use AbstractString instead.
WARNING: Base.String is deprecated, use AbstractString instead.
WARNING: Base.String is deprecated, use AbstractString instead.
WARNING: Base.String is deprecated, use AbstractString instead.
WARNING: Base.String is deprecated, use AbstractString instead.
WARNING: Base.String is deprecated, use AbstractString instead.
WARNING: Base.String is deprecated, use AbstractString instead.
WARNING: Base.String is deprecated, use AbstractString instead.
WARNING: Base.String is deprecated, use AbstractString instead.
WARNING: Base.String is deprecated, use AbstractString instead.
WARNING: Base.String is deprecated, use AbstractString instead.
WARNING: Base.String is deprecated, use AbstractString instead.
WARNING: Base.String is deprecated, use AbstractString instead.
WARNING: Base.String is deprecated, use AbstractString instead.
WARNING: Base.String is deprecated, use AbstractString instead.
WARNING: Base.String is deprecated, use AbstractString instead.
WARNING: Base.String is deprecated, use AbstractString instead.
WARNING: Base.String is deprecated, use AbstractString instead.
WARNING: Base.String is deprecated, use AbstractString instead.
WARNING: Base.String is deprecated, use AbstractString instead.
WARNING: Base.String is deprecated, use AbstractString instead.
WARNING: Base.String is deprecated, use AbstractString instead.
WARNING: Base.String is deprecated, use AbstractString instead.
WARNING: Base.String is deprecated, use AbstractString instead.
WARNING: Base.String is deprecated, use AbstractString instead.
WARNING: Base.String is deprecated, use AbstractString instead.
WARNING: Base.String is deprecated, use AbstractString instead.
WARNING: Base.String is deprecated, use AbstractString instead.
WARNING: Base.String is deprecated, use AbstractString instead.
WARNING: Base.String is deprecated, use AbstractString instead.
WARNING: Base.String is deprecated, use AbstractString instead.
WARNING: Base.String is deprecated, use AbstractString instead.
WARNING: Base.String is deprecated, use AbstractString instead.
WARNING: Base.String is deprecated, use AbstractString instead.
WARNING: Base.String is deprecated, use AbstractString instead.
WARNING: Base.String is deprecated, use AbstractString instead.
WARNING: Base.String is deprecated, use AbstractString instead.
WARNING: Base.String is deprecated, use AbstractString instead.
WARNING: Base.String is deprecated, use AbstractString instead.
WARNING: Base.String is deprecated, use AbstractString instead.
WARNING: Base.String is deprecated, use AbstractString instead.
WARNING: Base.String is deprecated, use AbstractString instead.
WARNING: Base.String is deprecated, use AbstractString instead.
WARNING: Base.String is deprecated, use AbstractString instead.
WARNING: Base.String is deprecated, use AbstractString instead.
WARNING: Base.String is deprecated, use AbstractString instead.
WARNING: Base.String is deprecated, use AbstractString instead.
WARNING: Base.String is deprecated, use AbstractString instead.
WARNING: Base.String is deprecated, use AbstractString instead.
WARNING: Base.String is deprecated, use AbstractString instead.
WARNING: Base.String is deprecated, use AbstractString instead.
WARNING: Base.String is deprecated, use AbstractString instead.
WARNING: Base.String is deprecated, use AbstractString instead.
WARNING: Base.String is deprecated, use AbstractString instead.
WARNING: Base.String is deprecated, use AbstractString instead.
WARNING: Base.String is deprecated, use AbstractString instead.
WARNING: Base.String is deprecated, use AbstractString instead.
WARNING: Base.String is deprecated, use AbstractString instead.
WARNING: Base.String is deprecated, use AbstractString instead.
WARNING: Base.String is deprecated, use AbstractString instead.
in lower at /home/vagrant/.julia/v0.4/BinDeps/src/BinDeps.jl:331
WARNING: Base.String is deprecated, use AbstractString instead.
in lower at /home/vagrant/.julia/v0.4/BinDeps/src/BinDeps.jl:331
WARNING: Base.String is deprecated, use AbstractString instead.
in lower at /home/vagrant/.julia/v0.4/BinDeps/src/BinDeps.jl:331
WARNING: Base.String is deprecated, use AbstractString instead.
WARNING: Base.String is deprecated, use AbstractString instead.
WARNING: Base.String is deprecated, use AbstractString instead.
WARNING: Base.String is deprecated, use AbstractString instead.
WARNING: Base.String is deprecated, use AbstractString instead.
WARNING: Base.String is deprecated, use AbstractString instead.
WARNING: Base.String is deprecated, use AbstractString instead.
WARNING: Base.String is deprecated, use AbstractString instead.
WARNING: Base.String is deprecated, use AbstractString instead.
WARNING: Base.String is deprecated, use AbstractString instead.
WARNING: Base.String is deprecated, use AbstractString instead.
WARNING: Base.String is deprecated, use AbstractString instead.
WARNING: Base.String is deprecated, use AbstractString instead.
WARNING: Base.String is deprecated, use AbstractString instead.
WARNING: Base.String is deprecated, use AbstractString instead.
WARNING: Base.String is deprecated, use AbstractString instead.
WARNING: Base.String is deprecated, use AbstractString instead.
WARNING: Base.String is deprecated, use AbstractString instead.
WARNING: Base.String is deprecated, use AbstractString instead.
WARNING: Base.String is deprecated, use AbstractString instead.
WARNING: Base.String is deprecated, use AbstractString instead.
WARNING: Base.String is deprecated, use AbstractString instead.
WARNING: Base.String is deprecated, use AbstractString instead.
WARNING: Base.String is deprecated, use AbstractString instead.
WARNING: Base.String is deprecated, use AbstractString instead.
WARNING: Base.String is deprecated, use AbstractString instead.
WARNING: Base.String is deprecated, use AbstractString instead.
WARNING: Base.String is deprecated, use AbstractString instead.
WARNING: Base.String is deprecated, use AbstractString instead.
WARNING: Base.String is deprecated, use AbstractString instead.
in call at /home/vagrant/.julia/v0.4/BinDeps/src/BinDeps.jl:312
WARNING: Base.String is deprecated, use AbstractString instead.
in call at /home/vagrant/.julia/v0.4/BinDeps/src/BinDeps.jl:312
WARNING: Base.String is deprecated, use AbstractString instead.
in call at /home/vagrant/.julia/v0.4/BinDeps/src/BinDeps.jl:312
WARNING: Base.String is deprecated, use AbstractString instead.
WARNING: Base.String is deprecated, use AbstractString instead.
WARNING: Base.String is deprecated, use AbstractString instead.
WARNING: Base.String is deprecated, use AbstractString instead.
INFO: Building Tk
WARNING: Base.String is deprecated, use AbstractString instead.
WARNING: Base.String is deprecated, use AbstractString instead.
WARNING: Base.String is deprecated, use AbstractString instead.
in call at /home/vagrant/.julia/v0.4/BinDeps/src/BinDeps.jl:312
WARNING: Base.String is deprecated, use AbstractString instead.
in call at /home/vagrant/.julia/v0.4/BinDeps/src/BinDeps.jl:312
WARNING: Base.String is deprecated, use AbstractString instead.
in call at /home/vagrant/.julia/v0.4/BinDeps/src/BinDeps.jl:312
WARNING: Base.String is deprecated, use AbstractString instead.
WARNING: Base.String is deprecated, use AbstractString instead.
WARNING: Base.String is deprecated, use AbstractString instead.
WARNING: Base.String is deprecated, use AbstractString instead.
WARNING: Base.String is deprecated, use AbstractString instead.
WARNING: Base.String is deprecated, use AbstractString instead.
WARNING: Base.String is deprecated, use AbstractString instead.
WARNING: Base.String is deprecated, use AbstractString instead.
WARNING: Base.String is deprecated, use AbstractString instead.
WARNING: Base.String is deprecated, use AbstractString instead.
INFO: Package database updated
INFO: METADATA is out-of-date — you may not have the latest version of ActiveAppearanceModels
INFO: Use `Pkg.update()` to get the latest versions of your packages
