INFO: Cloning cache of Escher from git://github.com/shashi/Escher.jl.git
INFO: Cloning cache of HttpServer from git://github.com/JuliaWeb/HttpServer.jl.git
INFO: Cloning cache of Markdown from git://github.com/one-more-minute/Markdown.jl.git
INFO: Cloning cache of Mux from git://github.com/one-more-minute/Mux.jl.git
INFO: Cloning cache of Nettle from git://github.com/staticfloat/Nettle.jl.git
INFO: Cloning cache of Patchwork from git://github.com/shashi/Patchwork.jl.git
INFO: Cloning cache of Reactive from git://github.com/JuliaLang/Reactive.jl.git
INFO: Cloning cache of WebSockets from git://github.com/JuliaWeb/WebSockets.jl.git
INFO: Installing ArgParse v0.2.12
INFO: Installing ArrayViews v0.6.4
INFO: Installing Benchmark v0.1.0
INFO: Installing Codecs v0.1.4
INFO: Installing Color v0.4.8
INFO: Installing ColorTypes v0.1.5
INFO: Installing Colors v0.5.4
INFO: Installing DataArrays v0.2.18
INFO: Installing DataFrames v0.6.9
INFO: Installing Docile v0.5.19
INFO: Installing Escher v0.1.0
INFO: Installing FactCheck v0.4.0
INFO: Installing FixedPointNumbers v0.0.11
INFO: Installing FunctionalCollections v0.1.2
INFO: Installing GZip v0.2.18
INFO: Installing Graphics v0.1.3
INFO: Installing Hiccup v0.0.1
INFO: Installing HttpServer v0.1.3
INFO: Installing Lazy v0.10.0
INFO: Installing MacroTools v0.2.0
INFO: Installing Markdown v0.3.0
INFO: Installing MbedTLS v0.1.3
INFO: Installing Mux v0.1.0
INFO: Installing Nettle v0.1.10
INFO: Installing Options v0.2.5
INFO: Installing Patchwork v0.1.8
INFO: Installing Reactive v0.2.2
INFO: Installing Reexport v0.0.3
INFO: Installing Requires v0.2.0
INFO: Installing SortingAlgorithms v0.0.6
INFO: Installing StatsBase v0.7.2
INFO: Installing StatsFuns v0.1.3
INFO: Installing TextWrap v0.1.4
INFO: Installing WebSockets v0.1.0
INFO: Building HttpParser
INFO: Building MbedTLS
INFO: Building Nettle
WARNING: Base.String is deprecated, use AbstractString instead.
WARNING: Base.String is deprecated, use AbstractString instead.
INFO: Package database updated
