INFO: Installing ArrayViews v0.6.3
INFO: Installing Calculus v0.1.10
INFO: Installing DataArrays v0.2.18
INFO: Installing DataFrames v0.6.9
INFO: Installing Docile v0.5.18
INFO: Installing DualNumbers v0.1.3
INFO: Installing GZip v0.2.17
INFO: Installing Iterators v0.1.8
INFO: Installing LowRankModels v0.1.0
INFO: Installing MLBase v0.5.2
INFO: Installing NMF v0.2.4
INFO: Installing NaNMath v0.1.0
INFO: Installing Optim v0.4.2
INFO: Installing Reexport v0.0.3
INFO: Installing SortingAlgorithms v0.0.5
INFO: Installing StatsBase v0.7.2
INFO: Installing StatsFuns v0.1.3
INFO: Package database updated
INFO: METADATA is out-of-date — you may not have the latest version of LowRankModels
INFO: Use `Pkg.update()` to get the latest versions of your packages
