INFO: Installing AutoHashEquals v0.0.5
INFO: Installing Blosc v0.1.4
INFO: Installing Calculus v0.1.10
INFO: Installing DSP v0.0.10
INFO: Installing DataStructures v0.3.13
INFO: Installing Distributions v0.8.6
INFO: Installing DualNumbers v0.1.3
INFO: Installing FactCheck v0.4.0
INFO: Installing Formatting v0.1.4
INFO: Installing Grid v0.3.11
INFO: Installing HDF5 v0.5.5
INFO: Installing IterationManagers v0.0.1
INFO: Installing JLD v0.5.4
INFO: Installing LightGraphs v0.3.3
INFO: Installing LightXML v0.2.0
INFO: Installing MAT v0.2.12
INFO: Installing NaNMath v0.1.0
INFO: Installing Optim v0.4.2
INFO: Installing PDMats v0.3.5
INFO: Installing ParserCombinator v1.6.3
INFO: Installing Polynomials v0.0.3
INFO: Installing QuantEcon v0.2.1
INFO: Installing WoodburyMatrices v0.1.2
INFO: Building Blosc
INFO: Building HDF5
INFO: Building LightXML
INFO: Package database updated
