INFO: Installing BioSeq v0.3.0
INFO: Installing BiomolecularStructures v0.0.1
INFO: Installing Codecs v0.1.4
INFO: Installing Dates v0.4.4
INFO: Installing FastaIO v0.1.3
INFO: Installing Formatting v0.1.3
INFO: Installing GZip v0.2.17
INFO: Installing LaTeXStrings v0.1.4
INFO: Installing LightXML v0.2.0
INFO: Installing MbedTLS v0.1.3
INFO: Installing PyCall v1.0.2
INFO: Installing PyPlot v2.1.0
INFO: Installing Requests v0.3.1
INFO: Installing Zlib v0.1.9
INFO: Building HttpParser
WARNING: Base.String is deprecated, use AbstractString instead.
WARNING: Base.String is deprecated, use AbstractString instead.
WARNING: Base.String is deprecated, use AbstractString instead.
WARNING: Base.String is deprecated, use AbstractString instead.
WARNING: Base.String is deprecated, use AbstractString instead.
WARNING: Base.String is deprecated, use AbstractString instead.
WARNING: Base.String is deprecated, use AbstractString instead.
WARNING: Base.String is deprecated, use AbstractString instead.
WARNING: Base.String is deprecated, use AbstractString instead.
WARNING: Base.String is deprecated, use AbstractString instead.
WARNING: Base.String is deprecated, use AbstractString instead.
WARNING: Base.String is deprecated, use AbstractString instead.
WARNING: Base.String is deprecated, use AbstractString instead.
WARNING: Base.String is deprecated, use AbstractString instead.
WARNING: Base.String is deprecated, use AbstractString instead.
WARNING: Base.String is deprecated, use AbstractString instead.
WARNING: Base.String is deprecated, use AbstractString instead.
WARNING: Base.String is deprecated, use AbstractString instead.
WARNING: Base.String is deprecated, use AbstractString instead.
WARNING: Base.String is deprecated, use AbstractString instead.
WARNING: Base.String is deprecated, use AbstractString instead.
WARNING: Base.String is deprecated, use AbstractString instead.
WARNING: Base.String is deprecated, use AbstractString instead.
WARNING: Base.String is deprecated, use AbstractString instead.
WARNING: Base.String is deprecated, use AbstractString instead.
WARNING: Base.String is deprecated, use AbstractString instead.
WARNING: Base.String is deprecated, use AbstractString instead.
WARNING: Base.String is deprecated, use AbstractString instead.
WARNING: Base.String is deprecated, use AbstractString instead.
WARNING: Base.String is deprecated, use AbstractString instead.
WARNING: Base.String is deprecated, use AbstractString instead.
WARNING: Base.String is deprecated, use AbstractString instead.
WARNING: Base.String is deprecated, use AbstractString instead.
WARNING: Base.String is deprecated, use AbstractString instead.
in anonymous at null:-1
WARNING: Base.String is deprecated, use AbstractString instead.
in anonymous at null:-1
WARNING: Base.String is deprecated, use AbstractString instead.
in anonymous at null:-1
WARNING: Base.String is deprecated, use AbstractString instead.
in anonymous at null:-1
WARNING: Base.String is deprecated, use AbstractString instead.
WARNING: Base.String is deprecated, use AbstractString instead.
WARNING: Base.String is deprecated, use AbstractString instead.
WARNING: Base.String is deprecated, use AbstractString instead.
WARNING: Base.String is deprecated, use AbstractString instead.
WARNING: Base.String is deprecated, use AbstractString instead.
WARNING: Base.String is deprecated, use AbstractString instead.
WARNING: Base.String is deprecated, use AbstractString instead.
WARNING: Base.String is deprecated, use AbstractString instead.
WARNING: Base.String is deprecated, use AbstractString instead.
WARNING: Base.String is deprecated, use AbstractString instead.
WARNING: Base.String is deprecated, use AbstractString instead.
WARNING: Base.String is deprecated, use AbstractString instead.
WARNING: Base.Nothing is deprecated, use Void instead.
WARNING: Base.String is deprecated, use AbstractString instead.
WARNING: Base.String is deprecated, use AbstractString instead.
WARNING: Base.String is deprecated, use AbstractString instead.
WARNING: Base.String is deprecated, use AbstractString instead.
WARNING: Base.String is deprecated, use AbstractString instead.
WARNING: Base.String is deprecated, use AbstractString instead.
WARNING: Base.String is deprecated, use AbstractString instead.
WARNING: Base.String is deprecated, use AbstractString instead.
WARNING: Base.String is deprecated, use AbstractString instead.
WARNING: Base.String is deprecated, use AbstractString instead.
WARNING: Base.String is deprecated, use AbstractString instead.
WARNING: Base.String is deprecated, use AbstractString instead.
WARNING: Base.String is deprecated, use AbstractString instead.
WARNING: Base.String is deprecated, use AbstractString instead.
WARNING: Base.String is deprecated, use AbstractString instead.
WARNING: Base.String is deprecated, use AbstractString instead.
WARNING: Base.String is deprecated, use AbstractString instead.
WARNING: Base.String is deprecated, use AbstractString instead.
WARNING: Base.String is deprecated, use AbstractString instead.
WARNING: Base.String is deprecated, use AbstractString instead.
WARNING: Base.String is deprecated, use AbstractString instead.
WARNING: Base.String is deprecated, use AbstractString instead.
WARNING: Union(args...) is deprecated, use Union{args...} instead.
 in depwarn at deprecated.jl:73
 in call at deprecated.jl:50
 in include at ./boot.jl:261
 in include_from_node1 at ./loading.jl:304
 in include at ./boot.jl:261
 in include_from_node1 at ./loading.jl:304
 in require at ./loading.jl:243
 in include at ./boot.jl:261
 in include_from_node1 at ./loading.jl:304
 in evalfile at loading.jl:320 (repeats 2 times)
 in anonymous at pkg/entry.jl:659
 in cd at ./file.jl:22
 in build! at pkg/entry.jl:658
 in build! at pkg/entry.jl:653 (repeats 2 times)
 in build at pkg/entry.jl:670
 in resolve at ./pkg/entry.jl:479
 in edit at pkg/entry.jl:26
 in anonymous at task.jl:447
while loading /home/vagrant/.julia/v0.4/BinDeps/src/dependencies.jl, in expression starting on line 266
WARNING: Union(args...) is deprecated, use Union{args...} instead.
 in depwarn at deprecated.jl:73
 in call at deprecated.jl:50
 in include at ./boot.jl:261
 in include_from_node1 at ./loading.jl:304
 in include at ./boot.jl:261
 in include_from_node1 at ./loading.jl:304
 in require at ./loading.jl:243
 in include at ./boot.jl:261
 in include_from_node1 at ./loading.jl:304
 in evalfile at loading.jl:320 (repeats 2 times)
 in anonymous at pkg/entry.jl:659
 in cd at ./file.jl:22
 in build! at pkg/entry.jl:658
 in build! at pkg/entry.jl:653 (repeats 2 times)
 in build at pkg/entry.jl:670
 in resolve at ./pkg/entry.jl:479
 in edit at pkg/entry.jl:26
 in anonymous at task.jl:447
while loading /home/vagrant/.julia/v0.4/BinDeps/src/dependencies.jl, in expression starting on line 266
WARNING: Union(args...) is deprecated, use Union{args...} instead.
 in depwarn at deprecated.jl:73
 in call at deprecated.jl:50
 in include at ./boot.jl:261
 in include_from_node1 at ./loading.jl:304
 in include at ./boot.jl:261
 in include_from_node1 at ./loading.jl:304
 in require at ./loading.jl:243
 in include at ./boot.jl:261
 in include_from_node1 at ./loading.jl:304
 in evalfile at loading.jl:320 (repeats 2 times)
 in anonymous at pkg/entry.jl:659
 in cd at ./file.jl:22
 in build! at pkg/entry.jl:658
 in build! at pkg/entry.jl:653 (repeats 2 times)
 in build at pkg/entry.jl:670
 in resolve at ./pkg/entry.jl:479
 in edit at pkg/entry.jl:26
 in anonymous at task.jl:447
while loading /home/vagrant/.julia/v0.4/BinDeps/src/dependencies.jl, in expression starting on line 266
WARNING: Base.String is deprecated, use AbstractString instead.
WARNING: Base.String is deprecated, use AbstractString instead.
WARNING: Base.String is deprecated, use AbstractString instead.
WARNING: Base.String is deprecated, use AbstractString instead.
WARNING: Base.String is deprecated, use AbstractString instead.
WARNING: Base.String is deprecated, use AbstractString instead.
WARNING: Base.String is deprecated, use AbstractString instead.
WARNING: Base.String is deprecated, use AbstractString instead.
WARNING: Base.String is deprecated, use AbstractString instead.
WARNING: Base.String is deprecated, use AbstractString instead.
WARNING: Base.String is deprecated, use AbstractString instead.
WARNING: Base.String is deprecated, use AbstractString instead.
WARNING: Base.String is deprecated, use AbstractString instead.
WARNING: Base.String is deprecated, use AbstractString instead.
WARNING: Base.String is deprecated, use AbstractString instead.
WARNING: Base.String is deprecated, use AbstractString instead.
WARNING: Base.String is deprecated, use AbstractString instead.
WARNING: Base.String is deprecated, use AbstractString instead.
WARNING: Base.String is deprecated, use AbstractString instead.
WARNING: Base.String is deprecated, use AbstractString instead.
WARNING: Base.String is deprecated, use AbstractString instead.
WARNING: Base.String is deprecated, use AbstractString instead.
WARNING: Base.String is deprecated, use AbstractString instead.
WARNING: Base.String is deprecated, use AbstractString instead.
WARNING: Base.String is deprecated, use AbstractString instead.
WARNING: Base.String is deprecated, use AbstractString instead.
WARNING: Base.String is deprecated, use AbstractString instead.
WARNING: Base.String is deprecated, use AbstractString instead.
WARNING: Base.String is deprecated, use AbstractString instead.
WARNING: Base.String is deprecated, use AbstractString instead.
WARNING: Base.String is deprecated, use AbstractString instead.
WARNING: Base.String is deprecated, use AbstractString instead.
WARNING: Base.String is deprecated, use AbstractString instead.
in call at /home/vagrant/.julia/v0.4/BinDeps/src/BinDeps.jl:312
WARNING: Base.String is deprecated, use AbstractString instead.
in call at /home/vagrant/.julia/v0.4/BinDeps/src/BinDeps.jl:312
WARNING: Base.String is deprecated, use AbstractString instead.
in call at /home/vagrant/.julia/v0.4/BinDeps/src/BinDeps.jl:312
WARNING: Base.String is deprecated, use AbstractString instead.
WARNING: Base.String is deprecated, use AbstractString instead.
WARNING: Base.String is deprecated, use AbstractString instead.
WARNING: Base.String is deprecated, use AbstractString instead.
WARNING: Base.String is deprecated, use AbstractString instead.
WARNING: Base.String is deprecated, use AbstractString instead.
WARNING: Base.String is deprecated, use AbstractString instead.
WARNING: Base.String is deprecated, use AbstractString instead.
WARNING: Base.String is deprecated, use AbstractString instead.
WARNING: Base.String is deprecated, use AbstractString instead.
WARNING: Base.String is deprecated, use AbstractString instead.
WARNING: Base.String is deprecated, use AbstractString instead.
WARNING: Base.String is deprecated, use AbstractString instead.
WARNING: Base.String is deprecated, use AbstractString instead.
WARNING: Base.String is deprecated, use AbstractString instead.
WARNING: Base.String is deprecated, use AbstractString instead.
WARNING: Base.String is deprecated, use AbstractString instead.
WARNING: Base.String is deprecated, use AbstractString instead.
in call at /home/vagrant/.julia/v0.4/BinDeps/src/BinDeps.jl:312
WARNING: Base.String is deprecated, use AbstractString instead.
in call at /home/vagrant/.julia/v0.4/BinDeps/src/BinDeps.jl:312
WARNING: Base.String is deprecated, use AbstractString instead.
in call at /home/vagrant/.julia/v0.4/BinDeps/src/BinDeps.jl:312
WARNING: Base.String is deprecated, use AbstractString instead.
WARNING: Base.String is deprecated, use AbstractString instead.
WARNING: Base.String is deprecated, use AbstractString instead.
WARNING: Base.Uint8 is deprecated, use UInt8 instead.
WARNING: Base.Uint8 is deprecated, use UInt8 instead.
WARNING: Base.Uint8 is deprecated, use UInt8 instead.
WARNING: Base.Uint8 is deprecated, use UInt8 instead.
WARNING: Base.Uint8 is deprecated, use UInt8 instead.
WARNING: Base.Uint8 is deprecated, use UInt8 instead.
WARNING: Base.Uint8 is deprecated, use UInt8 instead.
WARNING: Base.Uint8 is deprecated, use UInt8 instead.
WARNING: Base.Uint8 is deprecated, use UInt8 instead.
WARNING: Base.Uint8 is deprecated, use UInt8 instead.
WARNING: Base.Uint8 is deprecated, use UInt8 instead.
WARNING: Base.Uint8 is deprecated, use UInt8 instead.
WARNING: Base.Uint8 is deprecated, use UInt8 instead.
WARNING: Base.Uint8 is deprecated, use UInt8 instead.
WARNING: Base.String is deprecated, use AbstractString instead.
WARNING: Base.Uint8 is deprecated, use UInt8 instead.
WARNING: Base.Uint8 is deprecated, use UInt8 instead.
WARNING: Base.Uint8 is deprecated, use UInt8 instead.
WARNING: Base.Uint8 is deprecated, use UInt8 instead.
WARNING: Base.String is deprecated, use AbstractString instead.
WARNING: Base.Uint8 is deprecated, use UInt8 instead.
WARNING: Base.Uint8 is deprecated, use UInt8 instead.
WARNING: Base.Uint8 is deprecated, use UInt8 instead.
WARNING: Base.Uint8 is deprecated, use UInt8 instead.
WARNING: Base.String is deprecated, use AbstractString instead.
WARNING: Base.Uint8 is deprecated, use UInt8 instead.
WARNING: Base.Uint8 is deprecated, use UInt8 instead.
WARNING: Base.Uint8 is deprecated, use UInt8 instead.
WARNING: Base.Uint8 is deprecated, use UInt8 instead.
WARNING: Base.String is deprecated, use AbstractString instead.
WARNING: Base.String is deprecated, use AbstractString instead.
WARNING: Base.Uint8 is deprecated, use UInt8 instead.
WARNING: Base.Uint8 is deprecated, use UInt8 instead.
WARNING: Base.Uint8 is deprecated, use UInt8 instead.
WARNING: Base.Uint8 is deprecated, use UInt8 instead.
WARNING: Base.String is deprecated, use AbstractString instead.
WARNING: Base.Uint8 is deprecated, use UInt8 instead.
WARNING: Base.Uint8 is deprecated, use UInt8 instead.
WARNING: Base.Uint8 is deprecated, use UInt8 instead.
WARNING: Base.Uint8 is deprecated, use UInt8 instead.
WARNING: Base.String is deprecated, use AbstractString instead.
WARNING: Base.Uint8 is deprecated, use UInt8 instead.
WARNING: Base.Uint8 is deprecated, use UInt8 instead.
WARNING: Base.Uint8 is deprecated, use UInt8 instead.
WARNING: Base.Uint8 is deprecated, use UInt8 instead.
WARNING: Base.String is deprecated, use AbstractString instead.
WARNING: Base.String is deprecated, use AbstractString instead.
WARNING: Base.Uint8 is deprecated, use UInt8 instead.
WARNING: Base.Uint8 is deprecated, use UInt8 instead.
WARNING: Base.String is deprecated, use AbstractString instead.
WARNING: Base.Uint8 is deprecated, use UInt8 instead.
WARNING: Base.Uint8 is deprecated, use UInt8 instead.
WARNING: Base.Uint8 is deprecated, use UInt8 instead.
WARNING: Base.Uint8 is deprecated, use UInt8 instead.
WARNING: Base.String is deprecated, use AbstractString instead.
WARNING: Base.Uint8 is deprecated, use UInt8 instead.
WARNING: Base.Uint8 is deprecated, use UInt8 instead.
WARNING: Base.Uint8 is deprecated, use UInt8 instead.
WARNING: Base.Uint8 is deprecated, use UInt8 instead.
WARNING: Base.String is deprecated, use AbstractString instead.
WARNING: Base.Uint8 is deprecated, use UInt8 instead.
WARNING: Base.Uint8 is deprecated, use UInt8 instead.
WARNING: Base.Uint8 is deprecated, use UInt8 instead.
WARNING: Base.Uint8 is deprecated, use UInt8 instead.
WARNING: Base.String is deprecated, use AbstractString instead.
WARNING: Base.Uint8 is deprecated, use UInt8 instead.
WARNING: Base.Uint8 is deprecated, use UInt8 instead.
WARNING: Base.Uint8 is deprecated, use UInt8 instead.
WARNING: Base.Uint8 is deprecated, use UInt8 instead.
WARNING: Base.String is deprecated, use AbstractString instead.
WARNING: Base.String is deprecated, use AbstractString instead.
WARNING: Base.Uint8 is deprecated, use UInt8 instead.
WARNING: Base.Uint8 is deprecated, use UInt8 instead.
WARNING: Base.Uint8 is deprecated, use UInt8 instead.
WARNING: Base.Uint8 is deprecated, use UInt8 instead.
WARNING: Base.String is deprecated, use AbstractString instead.
WARNING: Base.Uint8 is deprecated, use UInt8 instead.
WARNING: Base.Uint8 is deprecated, use UInt8 instead.
WARNING: Base.Uint8 is deprecated, use UInt8 instead.
WARNING: Base.Uint8 is deprecated, use UInt8 instead.
WARNING: Base.String is deprecated, use AbstractString instead.
WARNING: Base.Uint8 is deprecated, use UInt8 instead.
WARNING: Base.Uint8 is deprecated, use UInt8 instead.
WARNING: Base.Uint8 is deprecated, use UInt8 instead.
WARNING: Base.Uint8 is deprecated, use UInt8 instead.
WARNING: Base.String is deprecated, use AbstractString instead.
WARNING: Base.String is deprecated, use AbstractString instead.
WARNING: Base.Uint8 is deprecated, use UInt8 instead.
WARNING: Base.Uint8 is deprecated, use UInt8 instead.
WARNING: Base.String is deprecated, use AbstractString instead.
WARNING: Base.String is deprecated, use AbstractString instead.
WARNING: Base.String is deprecated, use AbstractString instead.
WARNING: Base.Uint8 is deprecated, use UInt8 instead.
WARNING: Base.Uint8 is deprecated, use UInt8 instead.
WARNING: Base.Uint8 is deprecated, use UInt8 instead.
WARNING: Base.Uint8 is deprecated, use UInt8 instead.
WARNING: Base.String is deprecated, use AbstractString instead.
WARNING: Base.Uint8 is deprecated, use UInt8 instead.
WARNING: Base.Uint8 is deprecated, use UInt8 instead.
WARNING: Base.Uint8 is deprecated, use UInt8 instead.
WARNING: Base.Uint8 is deprecated, use UInt8 instead.
WARNING: Base.String is deprecated, use AbstractString instead.
WARNING: Base.Uint8 is deprecated, use UInt8 instead.
WARNING: Base.Uint8 is deprecated, use UInt8 instead.
WARNING: Base.Uint8 is deprecated, use UInt8 instead.
WARNING: Base.Uint8 is deprecated, use UInt8 instead.
WARNING: Base.String is deprecated, use AbstractString instead.
WARNING: Base.Uint8 is deprecated, use UInt8 instead.
WARNING: Base.Uint8 is deprecated, use UInt8 instead.
WARNING: Base.Uint8 is deprecated, use UInt8 instead.
WARNING: Base.Uint8 is deprecated, use UInt8 instead.
WARNING: Base.String is deprecated, use AbstractString instead.
WARNING: Base.String is deprecated, use AbstractString instead.
WARNING: Base.Uint8 is deprecated, use UInt8 instead.
WARNING: Base.Uint8 is deprecated, use UInt8 instead.
WARNING: Base.Uint8 is deprecated, use UInt8 instead.
WARNING: Base.Uint8 is deprecated, use UInt8 instead.
WARNING: Base.String is deprecated, use AbstractString instead.
WARNING: Base.Uint8 is deprecated, use UInt8 instead.
WARNING: Base.Uint8 is deprecated, use UInt8 instead.
WARNING: Base.Uint8 is deprecated, use UInt8 instead.
WARNING: Base.Uint8 is deprecated, use UInt8 instead.
WARNING: Base.String is deprecated, use AbstractString instead.
WARNING: Base.Uint8 is deprecated, use UInt8 instead.
WARNING: Base.Uint8 is deprecated, use UInt8 instead.
WARNING: Base.Uint8 is deprecated, use UInt8 instead.
WARNING: Base.Uint8 is deprecated, use UInt8 instead.
WARNING: Base.String is deprecated, use AbstractString instead.
WARNING: Base.String is deprecated, use AbstractString instead.
WARNING: Base.Uint8 is deprecated, use UInt8 instead.
WARNING: Base.Uint8 is deprecated, use UInt8 instead.
WARNING: Base.String is deprecated, use AbstractString instead.
in ___find_library#21__ at /home/vagrant/.julia/v0.4/BinDeps/src/dependencies.jl:443
WARNING: Base.String is deprecated, use AbstractString instead.
in ___find_library#21__ at /home/vagrant/.julia/v0.4/BinDeps/src/dependencies.jl:443
WARNING: Base.String is deprecated, use AbstractString instead.
in ___find_library#21__ at /home/vagrant/.julia/v0.4/BinDeps/src/dependencies.jl:443
WARNING: Base.Uint8 is deprecated, use UInt8 instead.
WARNING: Base.Uint8 is deprecated, use UInt8 instead.
INFO: Building MbedTLS
WARNING: Base.String is deprecated, use AbstractString instead.
WARNING: Base.String is deprecated, use AbstractString instead.
WARNING: Base.String is deprecated, use AbstractString instead.
WARNING: Base.String is deprecated, use AbstractString instead.
WARNING: Base.String is deprecated, use AbstractString instead.
WARNING: Base.String is deprecated, use AbstractString instead.
WARNING: Base.String is deprecated, use AbstractString instead.
WARNING: Base.String is deprecated, use AbstractString instead.
WARNING: Base.String is deprecated, use AbstractString instead.
WARNING: Base.String is deprecated, use AbstractString instead.
WARNING: Base.String is deprecated, use AbstractString instead.
WARNING: Base.String is deprecated, use AbstractString instead.
WARNING: Base.String is deprecated, use AbstractString instead.
WARNING: Base.String is deprecated, use AbstractString instead.
WARNING: Base.String is deprecated, use AbstractString instead.
WARNING: Base.String is deprecated, use AbstractString instead.
WARNING: Base.String is deprecated, use AbstractString instead.
WARNING: Base.String is deprecated, use AbstractString instead.
WARNING: Base.String is deprecated, use AbstractString instead.
WARNING: Base.String is deprecated, use AbstractString instead.
WARNING: Base.String is deprecated, use AbstractString instead.
WARNING: Base.String is deprecated, use AbstractString instead.
WARNING: Base.String is deprecated, use AbstractString instead.
WARNING: Base.String is deprecated, use AbstractString instead.
WARNING: Base.String is deprecated, use AbstractString instead.
WARNING: Base.String is deprecated, use AbstractString instead.
WARNING: Base.String is deprecated, use AbstractString instead.
WARNING: Base.String is deprecated, use AbstractString instead.
WARNING: Base.String is deprecated, use AbstractString instead.
WARNING: Base.String is deprecated, use AbstractString instead.
WARNING: Base.String is deprecated, use AbstractString instead.
WARNING: Base.String is deprecated, use AbstractString instead.
WARNING: Base.String is deprecated, use AbstractString instead.
WARNING: Base.String is deprecated, use AbstractString instead.
WARNING: Base.String is deprecated, use AbstractString instead.
WARNING: Base.String is deprecated, use AbstractString instead.
WARNING: Base.String is deprecated, use AbstractString instead.
WARNING: Base.String is deprecated, use AbstractString instead.
WARNING: Base.String is deprecated, use AbstractString instead.
WARNING: Base.String is deprecated, use AbstractString instead.
WARNING: Base.String is deprecated, use AbstractString instead.
WARNING: Base.String is deprecated, use AbstractString instead.
WARNING: Base.String is deprecated, use AbstractString instead.
WARNING: Base.String is deprecated, use AbstractString instead.
WARNING: Base.String is deprecated, use AbstractString instead.
WARNING: Base.String is deprecated, use AbstractString instead.
WARNING: Base.String is deprecated, use AbstractString instead.
WARNING: Base.String is deprecated, use AbstractString instead.
WARNING: Base.String is deprecated, use AbstractString instead.
WARNING: Base.String is deprecated, use AbstractString instead.
WARNING: Base.String is deprecated, use AbstractString instead.
WARNING: Base.String is deprecated, use AbstractString instead.
WARNING: Base.String is deprecated, use AbstractString instead.
WARNING: Base.String is deprecated, use AbstractString instead.
WARNING: Base.String is deprecated, use AbstractString instead.
WARNING: Base.String is deprecated, use AbstractString instead.
WARNING: Base.String is deprecated, use AbstractString instead.
WARNING: Base.String is deprecated, use AbstractString instead.
WARNING: Base.String is deprecated, use AbstractString instead.
WARNING: Base.String is deprecated, use AbstractString instead.
WARNING: Base.String is deprecated, use AbstractString instead.
WARNING: Base.String is deprecated, use AbstractString instead.
WARNING: Base.String is deprecated, use AbstractString instead.
WARNING: Base.String is deprecated, use AbstractString instead.
WARNING: Base.String is deprecated, use AbstractString instead.
WARNING: Base.String is deprecated, use AbstractString instead.
WARNING: Base.String is deprecated, use AbstractString instead.
WARNING: Base.String is deprecated, use AbstractString instead.
WARNING: Base.String is deprecated, use AbstractString instead.
WARNING: Base.String is deprecated, use AbstractString instead.
WARNING: Base.String is deprecated, use AbstractString instead.
WARNING: Base.String is deprecated, use AbstractString instead.
WARNING: Base.String is deprecated, use AbstractString instead.
WARNING: Base.String is deprecated, use AbstractString instead.
WARNING: Base.String is deprecated, use AbstractString instead.
WARNING: Base.String is deprecated, use AbstractString instead.
WARNING: Base.String is deprecated, use AbstractString instead.
WARNING: Base.String is deprecated, use AbstractString instead.
WARNING: Base.String is deprecated, use AbstractString instead.
WARNING: Base.String is deprecated, use AbstractString instead.
WARNING: Base.String is deprecated, use AbstractString instead.
WARNING: Base.String is deprecated, use AbstractString instead.
WARNING: Base.String is deprecated, use AbstractString instead.
WARNING: Base.String is deprecated, use AbstractString instead.
WARNING: Base.String is deprecated, use AbstractString instead.
WARNING: Base.String is deprecated, use AbstractString instead.
WARNING: Base.String is deprecated, use AbstractString instead.
WARNING: Base.String is deprecated, use AbstractString instead.
WARNING: Base.String is deprecated, use AbstractString instead.
WARNING: Base.String is deprecated, use AbstractString instead.
WARNING: Base.String is deprecated, use AbstractString instead.
WARNING: Base.String is deprecated, use AbstractString instead.
WARNING: Base.String is deprecated, use AbstractString instead.
WARNING: Base.String is deprecated, use AbstractString instead.
in lower at /home/vagrant/.julia/v0.4/BinDeps/src/BinDeps.jl:331
WARNING: Base.String is deprecated, use AbstractString instead.
in lower at /home/vagrant/.julia/v0.4/BinDeps/src/BinDeps.jl:331
WARNING: Base.String is deprecated, use AbstractString instead.
in lower at /home/vagrant/.julia/v0.4/BinDeps/src/BinDeps.jl:331
WARNING: Base.String is deprecated, use AbstractString instead.
WARNING: Base.String is deprecated, use AbstractString instead.
WARNING: Base.String is deprecated, use AbstractString instead.
WARNING: Base.String is deprecated, use AbstractString instead.
WARNING: Base.String is deprecated, use AbstractString instead.
WARNING: Base.String is deprecated, use AbstractString instead.
WARNING: Base.String is deprecated, use AbstractString instead.
WARNING: Base.String is deprecated, use AbstractString instead.
WARNING: Base.String is deprecated, use AbstractString instead.
WARNING: Base.String is deprecated, use AbstractString instead.
WARNING: Base.String is deprecated, use AbstractString instead.
WARNING: Base.String is deprecated, use AbstractString instead.
WARNING: Base.String is deprecated, use AbstractString instead.
WARNING: Base.String is deprecated, use AbstractString instead.
WARNING: Base.String is deprecated, use AbstractString instead.
WARNING: Base.String is deprecated, use AbstractString instead.
WARNING: Base.String is deprecated, use AbstractString instead.
WARNING: Base.String is deprecated, use AbstractString instead.
WARNING: Base.String is deprecated, use AbstractString instead.
WARNING: Base.String is deprecated, use AbstractString instead.
WARNING: Base.String is deprecated, use AbstractString instead.
WARNING: Base.String is deprecated, use AbstractString instead.
INFO: Building PyCall
INFO: PyCall is using python (Python 2.7.6) at /usr/bin/python, libpython = libpython2.7
INFO: Building LightXML
INFO: Building BiomolecularStructures
Reading package lists...
Building dependency tree...
Reading state information...
mafft is already the newest version.
0 upgraded, 0 newly installed, 0 to remove and 0 not upgraded.
Reading package lists...
Building dependency tree...
Reading state information...
python-biopython is already the newest version.
0 upgraded, 0 newly installed, 0 to remove and 0 not upgraded.
INFO: Package database updated
INFO: METADATA is out-of-date — you may not have the latest version of BiomolecularStructures
INFO: Use `Pkg.update()` to get the latest versions of your packages
