INFO: Cloning cache of Conda from git://github.com/Luthaf/Conda.jl.git
INFO: Installing Conda v0.1.2
INFO: Building Conda
INFO: Downloading miniconda installer ...
  % Total    % Received % Xferd  Average Speed   Time    Time     Time  Current
                                 Dload  Upload   Total   Spent    Left  Speed
  0     0    0     0    0     0      0      0 --:--:-- --:--:-- --:--:--     0 12 22.4M   12 2787k    0     0  1838k      0  0:00:12  0:00:01  0:00:11 1839k 16 22.4M   16 3884k    0     0  1599k      0  0:00:14  0:00:02  0:00:12 1599k 34 22.4M   34 7921k    0     0  3004k      0  0:00:07  0:00:02  0:00:05 3004k 68 22.4M   68 15.3M    0     0  4325k      0  0:00:05  0:00:03  0:00:02 4324k100 22.4M  100 22.4M    0     0  5069k      0  0:00:04  0:00:04 --:--:-- 5070k
INFO: Installing miniconda ...
PREFIX=/home/vagrant/.julia/v0.4/Conda/deps/usr
installing: python-2.7.9-1 ...
installing: conda-env-2.1.3-py27_0 ...
installing: openssl-1.0.1k-0 ...
installing: pycosat-0.6.1-py27_0 ...
installing: pyyaml-3.11-py27_0 ...
installing: readline-6.2-2 ...
installing: requests-2.5.3-py27_0 ...
installing: sqlite-3.8.4.1-0 ...
installing: system-5.8-1 ...
installing: tk-8.5.15-0 ...
installing: yaml-0.1.4-0 ...
installing: zlib-1.2.8-0 ...
installing: conda-3.9.1-py27_0 ...
Python 2.7.9 :: Continuum Analytics, Inc.
creating default environment...
installation finished.
INFO: Package database updated
