INFO: Cloning cache of FLANN from git://github.com/wildart/FLANN.jl.git
INFO: Installing ArrayViews v0.6.4
INFO: Installing Distance v0.5.1
INFO: Installing FLANN v0.0.2
INFO: Building FLANN

WARNING: deprecated syntax "{a=>b, ...}" at /home/vagrant/.julia/v0.4/FLANN/deps/build.jl:8.
Use "Dict{Any,Any}(a=>b, ...)" instead.

WARNING: deprecated syntax "{a=>b, ...}" at /home/vagrant/.julia/v0.4/FLANN/deps/build.jl:9.
Use "Dict{Any,Any}(a=>b, ...)" instead.

WARNING: deprecated syntax "[a=>b, ...]" at /home/vagrant/.julia/v0.4/FLANN/deps/build.jl:32.
Use "Dict(a=>b, ...)" instead.
Installing dependency libflann1.8 via `sudo apt-get install libflann1.8`:
Reading package lists...
Building dependency tree...
Reading state information...
The following NEW packages will be installed:
  libflann1.8
0 upgraded, 1 newly installed, 0 to remove and 0 not upgraded.
Need to get 584 kB of archives.
After this operation, 5,247 kB of additional disk space will be used.
Get:1 http://archive.ubuntu.com/ubuntu/ trusty/universe libflann1.8 amd64 1.8.4-3 [584 kB]
dpkg-preconfigure: unable to re-open stdin: No such file or directory
Fetched 584 kB in 0s (8,049 kB/s)
Selecting previously unselected package libflann1.8:amd64.
(Reading database ... 75940 files and directories currently installed.)
Preparing to unpack .../libflann1.8_1.8.4-3_amd64.deb ...
Unpacking libflann1.8:amd64 (1.8.4-3) ...
Setting up libflann1.8:amd64 (1.8.4-3) ...
Processing triggers for libc-bin (2.19-0ubuntu6.6) ...
INFO: Package database updated
