INFO: Cloning cache of Cubature from git://github.com/stevengj/Cubature.jl.git
INFO: Installing Cubature v1.0.7
INFO: Building Cubature
  % Total    % Received % Xferd  Average Speed   Time    Time     Time  Current
                                 Dload  Upload   Total   Spent    Left  Speed
  0     0    0     0    0     0      0      0 --:--:-- --:--:-- --:--:--     0 34 14.5M   34 5139k    0     0  5644k      0  0:00:02 --:--:--  0:00:02 5641k 75 14.5M   75 10.9M    0     0  5891k      0  0:00:02  0:00:01  0:00:01 5890k100 14.5M  100 14.5M    0     0  5968k      0  0:00:02  0:00:02 --:--:-- 5971k
Compiling hcubature.c...
Compiling pcubature.c...
Linking libcubature...
WARNING: src::AbstractCmd |> dest::AbstractString is deprecated, use pipeline(src,dest) instead.
 in depwarn at deprecated.jl:73
 in |> at deprecated.jl:50
 in include at ./boot.jl:261
 in include_from_node1 at ./loading.jl:304
 in evalfile at loading.jl:320 (repeats 2 times)
 in anonymous at pkg/entry.jl:659
 in cd at ./file.jl:22
 in build! at pkg/entry.jl:658
 in build at pkg/entry.jl:670
 in resolve at ./pkg/entry.jl:479
 in edit at pkg/entry.jl:26
 in anonymous at task.jl:447
while loading /home/vagrant/.julia/v0.4/Cubature/deps/build.jl, in expression starting on line 26
INFO: Package database updated
