INFO: Installing AbstractDomains v0.0.1
INFO: Removing ApproxFun v0.0.8
INFO: Removing ArrayViews v0.6.3
INFO: Removing AutoHashEquals v0.0.5
INFO: Removing Benchmark v0.1.0
INFO: Removing Blosc v0.1.4
INFO: Removing Cairo v0.2.30
INFO: Removing Calculus v0.1.10
INFO: Removing Clustering v0.4.0
INFO: Removing Codecs v0.1.4
INFO: Removing ColorTypes v0.1.4
INFO: Removing ColorVectorSpace v0.0.3
INFO: Removing Colors v0.5.3
INFO: Removing Combinatorics v0.1.2
INFO: Removing Cubature v1.0.7
INFO: Removing DSP v0.0.10
INFO: Removing DataArrays v0.2.18
INFO: Removing DataFrames v0.6.9
INFO: Removing DataStructures v0.3.12
INFO: Removing Dates v0.4.4
INFO: Removing Devectorize v0.4.1
INFO: Removing Distances v0.2.0
INFO: Removing Distributions v0.8.6
INFO: Removing DualNumbers v0.1.3
INFO: Removing EmpiricalRisks v0.2.4
INFO: Removing Expect v0.1.2
INFO: Removing FITSIO v0.8.0
INFO: Removing FactCheck v0.4.0
INFO: Removing FixedPointNumbers v0.0.10
INFO: Removing FunctionalData v0.0.15
INFO: Removing FunctionalDataUtils v0.0.8
INFO: Removing GZip v0.2.17
INFO: Removing GetC v1.1.1
INFO: Removing Graphics v0.1.3
INFO: Removing Graphs v0.5.6
INFO: Removing Grid v0.3.11
INFO: Removing HDF5 v0.5.5
INFO: Removing HTTPClient v0.1.5
INFO: Removing HttpParser v0.1.0
INFO: Removing Interact v0.2.0
INFO: Removing LaTeXStrings v0.1.4
INFO: Removing LibCURL v0.1.5
INFO: Removing MAT v0.2.12
INFO: Removing MacroTools v0.2.0
INFO: Removing MathProgBase v0.3.17
INFO: Removing NaNMath v0.1.0
INFO: Removing OSC v0.0.1
INFO: Removing OSXNotifier v0.0.1
INFO: Removing OpenCL v0.3.4
INFO: Removing OpenSlide v0.0.1
INFO: Removing OptimPack v0.1.2
INFO: Removing Options v0.2.4
INFO: Removing PDMats v0.3.5
INFO: Removing PEGParser v0.1.2
INFO: Removing PGM v0.0.1
INFO: Removing PLX v0.0.5
INFO: Removing PTools v0.0.0
INFO: Removing PValueAdjust v2.0.0
INFO: Removing ParallelSparseMatMul v0.0.2
INFO: Removing Pardiso v0.0.2
INFO: Removing PatternDispatch v0.0.2
INFO: Removing Pcap v0.0.1
INFO: Removing PdbTool v0.1.0
INFO: Removing Permutations v0.0.1
INFO: Removing Phylogenetics v0.0.2
INFO: Removing PicoSAT v0.1.0
INFO: Removing PiecewiseIncreasingRanges v0.0.3
INFO: Removing Pipe v0.0.2
INFO: Removing PolarFact v0.0.5
INFO: Removing Polynomial v0.1.1
INFO: Removing Polynomials v0.0.3
INFO: Removing PowerSeries v0.1.13
INFO: Removing ProgressMeter v0.2.0
INFO: Removing PropertyGraph v0.1.0
INFO: Removing ProtoBuf v0.1.1
INFO: Removing PublicSuffix v0.0.2
INFO: Removing Push v0.0.1
INFO: Removing PyCall v1.0.2
INFO: Removing QuickCheck v0.0.0
INFO: Removing RCall v0.2.1
INFO: Removing RDF v0.0.1
INFO: Removing RDatasets v0.1.2
INFO: Removing REPLCompletions v0.0.3
INFO: Removing RLEVectors v0.0.1
INFO: Removing RNGTest v0.0.5
INFO: Removing Rainflow v0.1.0
INFO: Removing Ratios v0.0.3
INFO: Removing React v0.1.6
INFO: Removing Redis v0.0.1
INFO: Removing Reel v0.1.0
INFO: Removing Reexport v0.0.3
INFO: Removing Requires v0.2.0
INFO: Removing Resampling v0.0.0
INFO: Removing ReverseDiffOverload v0.0.1
INFO: Removing ReverseDiffSource v0.1.4
INFO: Removing ReverseDiffSparse v0.2.10
INFO: Removing Rif v0.0.12
INFO: Removing RobotOS v0.3.3
INFO: Removing RomanNumerals v0.1.0
INFO: Removing Roots v0.1.17
INFO: Removing RouletteWheels v0.0.4
INFO: Removing RudeOil v0.1.0
INFO: Removing RunTests v0.0.3
INFO: Removing SFML v0.0.9
INFO: Removing SGDOptim v0.2.2
INFO: Removing SGP4 v0.0.2
INFO: Removing SIUnits v0.0.5
INFO: Removing Sampling v0.0.8
INFO: Removing SaveREPL v0.0.1
INFO: Removing SemidefiniteProgramming v0.1.0
INFO: Removing SerialLib v0.0.1
INFO: Removing SerialPorts v0.0.2
INFO: Removing Shapefile v0.0.3
INFO: Removing ShowSet v0.0.1
INFO: Removing SigmoidalProgramming v0.0.1
INFO: Removing Silo v0.1.0
INFO: Removing SimJulia v0.3.7
INFO: Removing Sims v0.1.0
INFO: Removing SkyCoords v0.1.0
INFO: Removing SliceSampler v0.0.0
INFO: Removing Slugify v0.1.1
INFO: Removing Smile v0.1.3
INFO: Removing SmoothingKernels v0.0.0
INFO: Removing Snappy v0.0.1
INFO: Package database updated
INFO: METADATA is out-of-date — you may not have the latest version of AbstractDomains
INFO: Use `Pkg.update()` to get the latest versions of your packages
