INFO: Installing ArrayViews v0.6.3
INFO: Installing ColorTypes v0.1.4
INFO: Installing Colors v0.5.3
INFO: Installing Dates v0.4.4
INFO: Installing Docile v0.5.18
INFO: Installing FactCheck v0.4.0
INFO: Installing FixedPointNumbers v0.0.10
INFO: Installing FunctionalData v0.0.15
INFO: Installing FunctionalDataUtils v0.0.8
INFO: Installing InformedDifferentialEvolution v0.0.4
INFO: Installing LaTeXStrings v0.1.4
INFO: Installing MultivariateStats v0.2.1
INFO: Installing PyCall v1.0.2
INFO: Installing PyPlot v2.1.0
INFO: Installing Reexport v0.0.3
INFO: Installing StatsBase v0.7.2
INFO: Installing StatsFuns v0.1.3
INFO: Building PyCall
INFO: PyCall is using python (Python 2.7.6) at /usr/bin/python, libpython = libpython2.7
INFO: Package database updated
INFO: METADATA is out-of-date — you may not have the latest version of InformedDifferentialEvolution
INFO: Use `Pkg.update()` to get the latest versions of your packages
