INFO: Cloning cache of Metis from git://github.com/JuliaSparse/Metis.jl.git
INFO: Installing AutoHashEquals v0.0.5
INFO: Installing DataStructures v0.3.13
INFO: Installing Graphs v0.5.6
INFO: Installing LightGraphs v0.3.3
INFO: Installing LightXML v0.2.0
INFO: Installing Metis v0.0.10
INFO: Installing ParserCombinator v1.6.3
INFO: Building LightXML
INFO: Building Metis
Installing dependency libmetis5 via `sudo apt-get install libmetis5`:
Reading package lists...
Building dependency tree...
Reading state information...
The following NEW packages will be installed:
  libmetis5
0 upgraded, 1 newly installed, 0 to remove and 0 not upgraded.
Need to get 183 kB of archives.
After this operation, 441 kB of additional disk space will be used.
Get:1 http://archive.ubuntu.com/ubuntu/ trusty/universe libmetis5 amd64 5.1.0.dfsg-2 [183 kB]
dpkg-preconfigure: unable to re-open stdin: No such file or directory
Fetched 183 kB in 0s (4,474 kB/s)
Selecting previously unselected package libmetis5:amd64.
(Reading database ... 79275 files and directories currently installed.)
Preparing to unpack .../libmetis5_5.1.0.dfsg-2_amd64.deb ...
Unpacking libmetis5:amd64 (5.1.0.dfsg-2) ...
Setting up libmetis5:amd64 (5.1.0.dfsg-2) ...
Processing triggers for libc-bin (2.19-0ubuntu6.6) ...
INFO: Package database updated
