INFO: Installing Cairo v0.2.31
INFO: Installing ColorTypes v0.1.5
INFO: Installing ColorVectorSpace v0.0.4
INFO: Installing Colors v0.5.4
INFO: Installing FixedPointNumbers v0.0.11
INFO: Installing GeometricalPredicates v0.0.4
INFO: Installing Graphics v0.1.3
INFO: Installing ImageView v0.1.16
INFO: Installing Images v0.4.48
INFO: Installing IniFile v0.2.4
INFO: Installing PiecewiseAffineTransforms v0.1.2
INFO: Installing SIUnits v0.0.5
INFO: Installing TexExtensions v0.0.2
INFO: Installing Tk v0.3.6
INFO: Installing VoronoiDelaunay v0.0.1
INFO: Installing Winston v0.11.12
INFO: Building Cairo
INFO: Building Tk
INFO: Building Images
INFO: Package database updated
