INFO: Cloning cache of MelGeneralizedCepstrums from git://github.com/r9y9/MelGeneralizedCepstrums.jl.git
INFO: Cloning cache of SPTK from git://github.com/r9y9/SPTK.jl.git
INFO: Installing MelGeneralizedCepstrums v0.0.1
INFO: Installing SPTK v0.0.1
INFO: Building SPTK
INFO: Attempting to Create directory /home/vagrant/.julia/v0.4/SPTK/deps/downloads
INFO: Downloading file https://github.com/r9y9/SPTK/archive/v3.8.7.tar.gz
  % Total    % Received % Xferd  Average Speed   Time    Time     Time  Current
                                 Dload  Upload   Total   Spent    Left  Speed
  0     0    0     0    0     0      0      0 --:--:-- --:--:-- --:--:--     0100   117    0   117    0     0    716      0 --:--:-- --:--:-- --:--:--   717
  0     0    0 14567    0     0  28944      0 --:--:-- --:--:-- --:--:-- 28944  0     0    0 1273k    0     0  1709k      0 --:--:-- --:--:-- --:--:-- 5223k
INFO: Done downloading file https://github.com/r9y9/SPTK/archive/v3.8.7.tar.gz
INFO: Attempting to Create directory /home/vagrant/.julia/v0.4/SPTK/deps/src
INFO: Attempting to Create directory /home/vagrant/.julia/v0.4/SPTK/deps
INFO: Directory /home/vagrant/.julia/v0.4/SPTK/deps already created
INFO: Changing Directory to /home/vagrant/.julia/v0.4/SPTK/deps/src/SPTK-3.8.7
Setting top to                           : /home/vagrant/.julia/v0.4/SPTK/deps/src/SPTK-3.8.7 
Setting out to                           : /home/vagrant/.julia/v0.4/SPTK/deps/src/SPTK-3.8.7/build 
Checking for 'gcc' (C compiler)          : /usr/bin/gcc 
Checking for header fcntl.h              : yes 
Checking for header limits.h             : yes 
Checking for header stdlib.h             : yes 
Checking for header string.h             : yes 
Checking for header strings.h            : yes 

SPTK has been configured as follows:

[Build information]
Package:                 SPTK-3.8.7
build (compile on):      x86_64-linux
host endian:             little
Compiler:                gcc
Compiler version:        4.8.4
CFLAGS:                  -O2 -Wall
Generate python bindings False

'configure' finished successfully (0.136s)
INFO: Changing Directory to /home/vagrant/.julia/v0.4/SPTK/deps/src/SPTK-3.8.7
Waf: Entering directory `/home/vagrant/.julia/v0.4/SPTK/deps/src/SPTK-3.8.7/build'
[ 1/98] Compiling bin/acep/_acep.c
[ 2/98] Compiling bin/acorr/_acorr.c
[ 3/98] Compiling bin/agcep/_agcep.c
[ 4/98] Compiling bin/amcep/_amcep.c
[ 5/98] Compiling bin/average/_average.c
[ 6/98] Compiling bin/b2mc/_b2mc.c
[ 7/98] Compiling bin/c2acr/_c2acr.c
[ 8/98] Compiling bin/c2ir/_c2ir.c
[ 9/98] Compiling bin/c2ndps/_c2ndps.c
[10/98] Compiling bin/c2sp/_c2sp.c
[11/98] Compiling bin/clip/_clip.c
[12/98] Compiling bin/dct/_dct.c
[13/98] Compiling bin/df2/_df2.c
[14/98] Compiling bin/dfs/_dfs.c
[15/98] Compiling bin/fft/_fft.c
[16/98] Compiling bin/fft2/_fft2.c
[17/98] Compiling bin/fftcep/_fftcep.c
[18/98] Compiling bin/fftr/_fftr.c
[19/98] Compiling bin/fftr2/_fftr2.c
[20/98] Compiling bin/freqt/_freqt.c
[21/98] Compiling bin/gc2gc/_gc2gc.c
[22/98] Compiling bin/gcep/_gcep.c
[23/98] Compiling bin/glsadf/_glsadf.c
[24/98] Compiling bin/gmm/_gmm.c
[25/98] Compiling bin/gnorm/_gnorm.c
[26/98] Compiling bin/grpdelay/_grpdelay.c
[27/98] Compiling bin/histogram/_histogram.c
[28/98] Compiling bin/ifft/_ifft.c
[29/98] Compiling bin/ifft2/_ifft2.c
[30/98] Compiling bin/ifftr/_ifftr.c
[31/98] Compiling bin/ignorm/_ignorm.c
[32/98] Compiling bin/imsvq/_imsvq.c
[33/98] Compiling bin/ivq/_ivq.c
[34/98] Compiling bin/lbg/_lbg.c
[35/98] Compiling bin/levdur/_levdur.c
[36/98] Compiling bin/lmadf/_lmadf.c
[37/98] Compiling bin/lpc/_lpc.c
[38/98] Compiling bin/lpc2c/_lpc2c.c
[39/98] Compiling bin/lpc2lsp/_lpc2lsp.c
[40/98] Compiling bin/lpc2par/_lpc2par.c
[41/98] Compiling bin/lsp2lpc/_lsp2lpc.c
[42/98] Compiling bin/lsp2sp/_lsp2sp.c
[43/98] Compiling bin/lspcheck/_lspcheck.c
[44/98] Compiling bin/lspdf/_lspdf.c
[45/98] Compiling bin/ltcdf/_ltcdf.c
[46/98] Compiling bin/mc2b/_mc2b.c
[47/98] Compiling bin/mcep/_mcep.c
[48/98] Compiling bin/mfcc/_mfcc.c
[49/98] Compiling bin/mgc2mgc/_mgc2mgc.c
[50/98] Compiling bin/mgc2sp/_mgc2sp.c
[51/98] Compiling bin/mgcep/_mgcep.c
[52/98] Compiling bin/mgclsp2sp/_mgclsp2sp.c
[53/98] Compiling bin/mglsadf/_mglsadf.c
[54/98] Compiling bin/mlpg/_mlpg.c
../bin/mlpg/_mlpg.c: In function ‘str2darray’:
../bin/mlpg/_mlpg.c:97:4: warning: implicit declaration of function ‘strlen’ [-Wimplicit-function-declaration]
    buf = getmem(strlen(c), sizeof(*buf));
    ^
../bin/mlpg/_mlpg.c:97:17: warning: incompatible implicit declaration of built-in function ‘strlen’ [enabled by default]
    buf = getmem(strlen(c), sizeof(*buf));
                 ^
../bin/mlpg/_mlpg.c: In function ‘isfloat’:
../bin/mlpg/_mlpg.c:109:8: warning: incompatible implicit declaration of built-in function ‘strlen’ [enabled by default]
    if (strlen(c) == 0)
        ^

[55/98] Compiling bin/mlsadf/_mlsadf.c
[56/98] Compiling bin/msvq/_msvq.c
[57/98] Compiling bin/ndps2c/_ndps2c.c
[58/98] Compiling bin/norm0/_norm0.c
[59/98] Compiling bin/nrand/_nrand.c
[60/98] Compiling bin/par2lpc/_par2lpc.c
[61/98] Compiling bin/phase/_phase.c
[62/98] Compiling bin/poledf/_poledf.c
[63/98] Compiling bin/reverse/_reverse.c
[64/98] Compiling bin/rmse/_rmse.c
[65/98] Compiling bin/root_pol/_root_pol.c
[66/98] Compiling bin/smcep/_smcep.c
[67/98] Compiling bin/transpose/_transpose.c
[68/98] Compiling bin/uels/_uels.c
[69/98] Compiling bin/ulaw/_ulaw.c
[70/98] Compiling bin/vc/_vc.c
[71/98] Compiling bin/vq/_vq.c
[72/98] Compiling bin/wavjoin/_wavjoin.c
[73/98] Compiling bin/wavsplit/_wavsplit.c
[74/98] Compiling bin/window/_window.c
[75/98] Compiling bin/zcross/_zcross.c
[76/98] Compiling bin/zerodf/_zerodf.c
[77/98] Compiling bin/pitch/swipe/swipe.c
[78/98] Compiling bin/pitch/swipe/vector.c
[79/98] Compiling bin/vc/hts_engine_API/HTS_misc.c
[80/98] Compiling bin/vc/hts_engine_API/HTS_pstream.c
[81/98] Compiling bin/vc/hts_engine_API/HTS_sstream.c
[82/98] Compiling lib/agexp.c
[83/98] Compiling lib/cholesky.c
[84/98] Compiling lib/fileio.c
[85/98] Compiling lib/fillz.c
[86/98] Compiling lib/getfp.c
[87/98] Compiling lib/getmem.c
[88/98] Compiling lib/gexp.c
[89/98] Compiling lib/glog.c
[90/98] Compiling lib/invert.c
[91/98] Compiling lib/matrix.c
[92/98] Compiling lib/movem.c
[93/98] Compiling lib/mseq.c
[94/98] Compiling lib/theq.c
[95/98] Compiling lib/toeplitz.c
[96/98] Linking build/bin/libSPTK.so
[97/98] Symlinking build/bin/libSPTK.so
[98/98] Compiling SPTK.pc.in
Waf: Leaving directory `/home/vagrant/.julia/v0.4/SPTK/deps/src/SPTK-3.8.7/build'
'build' finished successfully (3.822s)
INFO: Changing Directory to /home/vagrant/.julia/v0.4/SPTK/deps/src/SPTK-3.8.7
Waf: Entering directory `/home/vagrant/.julia/v0.4/SPTK/deps/src/SPTK-3.8.7/build'
+ install /home/vagrant/.julia/v0.4/SPTK/deps/usr/include/SPTK/SPTK.h (from include/SPTK.h)
+ install /home/vagrant/.julia/v0.4/SPTK/deps/usr/lib/libSPTK.so.3.8.7 (from build/bin/libSPTK.so)
+ symlink /home/vagrant/.julia/v0.4/SPTK/deps/usr/lib/libSPTK.so (to libSPTK.so.3.8.7)
+ symlink /home/vagrant/.julia/v0.4/SPTK/deps/usr/lib/libSPTK.so.3 (to libSPTK.so.3.8.7)
+ install /home/vagrant/.julia/v0.4/SPTK/deps/usr/lib/pkgconfig/SPTK.pc (from build/SPTK.pc)
Waf: Leaving directory `/home/vagrant/.julia/v0.4/SPTK/deps/src/SPTK-3.8.7/build'
'install' finished successfully (0.038s)
INFO: Package database updated
