INFO: Cloning cache of Cubature from git://github.com/stevengj/Cubature.jl.git
INFO: Cloning cache of SDE from git://github.com/mschauer/SDE.jl.git
INFO: Installing ArrayViews v0.6.4
INFO: Installing BinDeps v0.3.17
INFO: Installing Cubature v1.0.7
INFO: Installing Distributions v0.8.6
INFO: Installing HttpCommon v0.2.3
INFO: Installing PDMats v0.3.5
INFO: Installing SDE v0.3.1
INFO: Installing SHA v0.1.2
INFO: Installing StatsBase v0.7.2
INFO: Installing StatsFuns v0.1.3
INFO: Installing URIParser v0.1.0
INFO: Building Cubature
  % Total    % Received % Xferd  Average Speed   Time    Time     Time  Current
                                 Dload  Upload   Total   Spent    Left  Speed
  0     0    0     0    0     0      0      0 --:--:-- --:--:-- --:--:--     0 25 14.5M   25 3857k    0     0  5791k      0  0:00:02 --:--:--  0:00:02 5792k 65 14.5M   65 9730k    0     0  5839k      0  0:00:02  0:00:01  0:00:01 5840k100 14.5M  100 14.5M    0     0  5892k      0  0:00:02  0:00:02 --:--:-- 5893k
Compiling hcubature.c...
Compiling pcubature.c...
Linking libcubature...
WARNING: src::AbstractCmd |> dest::AbstractString is deprecated, use pipeline(src,dest) instead.
 in depwarn at deprecated.jl:73
 in |> at deprecated.jl:50
 in include at ./boot.jl:261
 in include_from_node1 at ./loading.jl:304
 in evalfile at loading.jl:320 (repeats 2 times)
 in anonymous at pkg/entry.jl:659
 in cd at ./file.jl:22
 in build! at pkg/entry.jl:658
 in build at pkg/entry.jl:670
 in resolve at ./pkg/entry.jl:479
 in edit at pkg/entry.jl:26
 in anonymous at task.jl:447
while loading /home/vagrant/.julia/v0.4/Cubature/deps/build.jl, in expression starting on line 26
INFO: Building SDE
Compiling sigma.c...
Linking libsigma...
INFO: Package database updated
INFO: METADATA is out-of-date — you may not have the latest version of SDE
INFO: Use `Pkg.update()` to get the latest versions of your packages
