INFO: Cloning cache of NLreg from git://github.com/dmbates/NLreg.jl.git
INFO: Installing ArrayViews v0.6.4
INFO: Installing BinDeps v0.3.17
INFO: Installing DataArrays v0.2.18
INFO: Installing DataFrames v0.6.9
INFO: Installing Distributions v0.8.6
INFO: Installing Docile v0.5.19
INFO: Installing GZip v0.2.18
INFO: Installing HttpCommon v0.2.3
INFO: Installing MathProgBase v0.3.17
INFO: Installing NLopt v0.2.2
INFO: Installing NLreg v0.1.1
INFO: Installing NumericExtensions v0.6.2
INFO: Installing NumericFuns v0.2.3
INFO: Installing PDMats v0.3.5
INFO: Installing Reexport v0.0.3
INFO: Installing SHA v0.1.2
INFO: Installing SortingAlgorithms v0.0.6
INFO: Installing StatsBase v0.7.2
INFO: Installing StatsFuns v0.1.3
INFO: Installing URIParser v0.1.0
INFO: Building NLopt
INFO: Package database updated
INFO: METADATA is out-of-date — you may not have the latest version of NLreg
INFO: Use `Pkg.update()` to get the latest versions of your packages
