INFO: Cloning cache of AutoHashEquals from git://github.com/andrewcooke/AutoHashEquals.jl.git
INFO: Cloning cache of LightGraphs from git://github.com/JuliaGraphs/LightGraphs.jl.git
INFO: Cloning cache of MetadataTools from git://github.com/IainNZ/MetadataTools.jl.git
INFO: Cloning cache of ParserCombinator from git://github.com/andrewcooke/ParserCombinator.jl.git
INFO: Installing ArrayViews v0.6.4
INFO: Installing AutoHashEquals v0.0.5
INFO: Installing BinDeps v0.3.17
INFO: Installing Codecs v0.1.4
INFO: Installing Docile v0.5.19
INFO: Installing GZip v0.2.18
INFO: Installing HttpCommon v0.2.3
INFO: Installing HttpParser v0.1.0
INFO: Installing LightGraphs v0.3.3
INFO: Installing LightXML v0.2.0
INFO: Installing MbedTLS v0.1.3
INFO: Installing MetadataTools v0.2.2
INFO: Installing ParserCombinator v1.6.3
INFO: Installing Requests v0.3.1
INFO: Installing SHA v0.1.2
INFO: Installing StatsBase v0.7.2
INFO: Installing StatsFuns v0.1.3
INFO: Installing URIParser v0.1.0
INFO: Installing Zlib v0.1.9
INFO: Building HttpParser
INFO: Building LightXML
INFO: Building MbedTLS
INFO: Package database updated
INFO: METADATA is out-of-date — you may not have the latest version of MetadataTools
INFO: Use `Pkg.update()` to get the latest versions of your packages
