INFO: Cloning cache of Datetime from git://github.com/quinnj/Datetime.jl.git
INFO: Cloning cache of TimeModels from git://github.com/JuliaStats/TimeModels.jl.git
INFO: Installing ArrayViews v0.6.4
INFO: Installing Calculus v0.1.10
INFO: Installing Datetime v0.1.6
INFO: Installing Distributions v0.8.6
INFO: Installing DualNumbers v0.1.3
INFO: Installing MathProgBase v0.3.17
INFO: Installing NLopt v0.2.2
INFO: Installing NaNMath v0.1.0
INFO: Installing Optim v0.4.2
INFO: Installing PDMats v0.3.5
INFO: Installing StatsBase v0.7.2
INFO: Installing StatsFuns v0.1.3
INFO: Installing TimeModels v0.0.2
INFO: Installing TimeSeries v0.6.2
INFO: Building Datetime
WARNING: int64(s::AbstractString) is deprecated, use parse(Int64,s) instead.
 in depwarn at deprecated.jl:73
 in int64 at deprecated.jl:50
 in anonymous at /home/vagrant/.julia/v0.4/Datetime/deps/build.jl:9
 in open at iostream.jl:114
 in make_leaps at /home/vagrant/.julia/v0.4/Datetime/deps/build.jl:6
 [inlined code] from /home/vagrant/.julia/v0.4/Datetime/deps/build.jl:18
 in anonymous at no file:0
 in include at ./boot.jl:261
 in include_from_node1 at ./loading.jl:304
 in evalfile at loading.jl:320 (repeats 2 times)
 in anonymous at pkg/entry.jl:659
 in cd at ./file.jl:22
 in build! at pkg/entry.jl:658
 in build at pkg/entry.jl:670
 in resolve at ./pkg/entry.jl:479
 in edit at pkg/entry.jl:26
 in anonymous at task.jl:447
while loading /home/vagrant/.julia/v0.4/Datetime/deps/build.jl, in expression starting on line 17

WARNING: deprecated syntax "{}" at /home/vagrant/.julia/v0.4/Datetime/deps/build.jl:24.
Use "[]" instead.
WARNING: int64(s::AbstractString) is deprecated, use parse(Int64,s) instead.
 in depwarn at deprecated.jl:73
 in int64 at deprecated.jl:50
 in anonymous at /home/vagrant/.julia/v0.4/Datetime/deps/build.jl:28
 in open at iostream.jl:114
 in make_zones at /home/vagrant/.julia/v0.4/Datetime/deps/build.jl:25
 in map at ./abstractarray.jl:1279
 in include at ./boot.jl:261
 in include_from_node1 at ./loading.jl:304
 in evalfile at loading.jl:320 (repeats 2 times)
 in anonymous at pkg/entry.jl:659
 in cd at ./file.jl:22
 in build! at pkg/entry.jl:658
 in build at pkg/entry.jl:670
 in resolve at ./pkg/entry.jl:479
 in edit at pkg/entry.jl:26
 in anonymous at task.jl:447
while loading /home/vagrant/.julia/v0.4/Datetime/deps/build.jl, in expression starting on line 41
INFO: Building NLopt
INFO: Package database updated
INFO: METADATA is out-of-date — you may not have the latest version of TimeModels
INFO: Use `Pkg.update()` to get the latest versions of your packages
