INFO: Cloning cache of NetCDF from git://github.com/meggart/NetCDF.jl.git
INFO: Installing BinDeps v0.3.17
INFO: Installing HttpCommon v0.2.3
INFO: Installing NetCDF v0.2.1
INFO: Installing SHA v0.1.2
INFO: Installing URIParser v0.1.0
INFO: Building NetCDF

WARNING: deprecated syntax "{a=>b, ...}" at /home/vagrant/.julia/v0.4/NetCDF/deps/build.jl:14.
Use "Dict{Any,Any}(a=>b, ...)" instead.

WARNING: deprecated syntax "{a=>b, ...}" at /home/vagrant/.julia/v0.4/NetCDF/deps/build.jl:15.
Use "Dict{Any,Any}(a=>b, ...)" instead.

WARNING: deprecated syntax "provides (" at /home/vagrant/.julia/v0.4/NetCDF/deps/build.jl:20.
Use "provides(" instead.
Installing dependency libnetcdf-dev via `sudo apt-get install libnetcdf-dev`:
Reading package lists...
Building dependency tree...
Reading state information...
The following extra packages will be installed:
  libcf0 libnetcdfc++4 libnetcdfc7 libnetcdff5
Suggested packages:
  netcdf-bin netcdf-doc
The following NEW packages will be installed:
  libcf0 libnetcdf-dev libnetcdfc++4 libnetcdfc7 libnetcdff5
0 upgraded, 5 newly installed, 0 to remove and 0 not upgraded.
Need to get 802 kB of archives.
After this operation, 5,157 kB of additional disk space will be used.
Get:1 http://archive.ubuntu.com/ubuntu/ trusty/universe libcf0 amd64 1:4.1.3-7ubuntu2 [24.2 kB]
Get:2 http://archive.ubuntu.com/ubuntu/ trusty/universe libnetcdfc7 amd64 1:4.1.3-7ubuntu2 [247 kB]
Get:3 http://archive.ubuntu.com/ubuntu/ trusty/universe libnetcdff5 amd64 1:4.1.3-7ubuntu2 [72.5 kB]
Get:4 http://archive.ubuntu.com/ubuntu/ trusty/universe libnetcdfc++4 amd64 1:4.1.3-7ubuntu2 [29.7 kB]
Get:5 http://archive.ubuntu.com/ubuntu/ trusty/universe libnetcdf-dev amd64 1:4.1.3-7ubuntu2 [429 kB]
dpkg-preconfigure: unable to re-open stdin: No such file or directory
Fetched 802 kB in 0s (6,405 kB/s)
Selecting previously unselected package libcf0.
(Reading database ... 72595 files and directories currently installed.)
Preparing to unpack .../libcf0_1%3a4.1.3-7ubuntu2_amd64.deb ...
Unpacking libcf0 (1:4.1.3-7ubuntu2) ...
Selecting previously unselected package libnetcdfc7.
Preparing to unpack .../libnetcdfc7_1%3a4.1.3-7ubuntu2_amd64.deb ...
Unpacking libnetcdfc7 (1:4.1.3-7ubuntu2) ...
Selecting previously unselected package libnetcdff5.
Preparing to unpack .../libnetcdff5_1%3a4.1.3-7ubuntu2_amd64.deb ...
Unpacking libnetcdff5 (1:4.1.3-7ubuntu2) ...
Selecting previously unselected package libnetcdfc++4.
Preparing to unpack .../libnetcdfc++4_1%3a4.1.3-7ubuntu2_amd64.deb ...
Unpacking libnetcdfc++4 (1:4.1.3-7ubuntu2) ...
Selecting previously unselected package libnetcdf-dev.
Preparing to unpack .../libnetcdf-dev_1%3a4.1.3-7ubuntu2_amd64.deb ...
Unpacking libnetcdf-dev (1:4.1.3-7ubuntu2) ...
Processing triggers for man-db (2.6.7.1-1ubuntu1) ...
Setting up libcf0 (1:4.1.3-7ubuntu2) ...
Setting up libnetcdfc7 (1:4.1.3-7ubuntu2) ...
Setting up libnetcdff5 (1:4.1.3-7ubuntu2) ...
Setting up libnetcdfc++4 (1:4.1.3-7ubuntu2) ...
Setting up libnetcdf-dev (1:4.1.3-7ubuntu2) ...
Processing triggers for libc-bin (2.19-0ubuntu6.6) ...
INFO: Package database updated
INFO: METADATA is out-of-date — you may not have the latest version of NetCDF
INFO: Use `Pkg.update()` to get the latest versions of your packages
