INFO: Cloning cache of Twitter from git://github.com/randyzwitch/Twitter.jl.git
INFO: Installing ArrayViews v0.6.4
INFO: Installing Codecs v0.1.4
INFO: Installing DataArrays v0.2.18
INFO: Installing DataFrames v0.6.9
INFO: Installing Docile v0.5.19
INFO: Installing FactCheck v0.4.0
INFO: Installing GZip v0.2.18
INFO: Installing HttpParser v0.1.0
INFO: Installing MbedTLS v0.1.3
INFO: Installing Nettle v0.1.10
INFO: Installing OAuth v0.2.0
INFO: Installing Reexport v0.0.3
INFO: Installing Requests v0.3.1
INFO: Installing SortingAlgorithms v0.0.6
INFO: Installing StatsBase v0.7.2
INFO: Installing StatsFuns v0.1.3
INFO: Installing Twitter v0.2.2
INFO: Installing Zlib v0.1.9
INFO: Building HttpParser
INFO: Building MbedTLS
INFO: Building Nettle
WARNING: Base.String is deprecated, use AbstractString instead.
WARNING: Base.String is deprecated, use AbstractString instead.
INFO: Package database updated
INFO: METADATA is out-of-date — you may not have the latest version of Twitter
INFO: Use `Pkg.update()` to get the latest versions of your packages
