INFO: Cloning cache of DataFramesMeta from git://github.com/JuliaStats/DataFramesMeta.jl.git
INFO: Cloning cache of TermWin from git://github.com/tonyhffong/TermWin.jl.git
INFO: Installing ArrayViews v0.6.4
INFO: Installing DataArrays v0.2.18
INFO: Installing DataFrames v0.6.9
INFO: Installing DataFramesMeta v0.0.1
INFO: Installing Docile v0.5.19
INFO: Installing Formatting v0.1.4
INFO: Installing GZip v0.2.18
INFO: Installing Lazy v0.10.0
INFO: Installing Lint v0.1.68
INFO: Installing MacroTools v0.2.0
INFO: Installing Reexport v0.0.3
INFO: Installing SortingAlgorithms v0.0.6
INFO: Installing StatsBase v0.7.2
INFO: Installing StatsFuns v0.1.3
INFO: Installing TermWin v0.0.31
INFO: Package database updated
INFO: METADATA is out-of-date — you may not have the latest version of TermWin
INFO: Use `Pkg.update()` to get the latest versions of your packages
