INFO: Cloning cache of ProfileView from git://github.com/timholy/ProfileView.jl.git
INFO: Installing BinDeps v0.3.17
INFO: Installing Cairo v0.2.31
INFO: Installing ColorTypes v0.1.4
INFO: Installing Colors v0.5.3
INFO: Installing Docile v0.5.19
INFO: Installing FixedPointNumbers v0.0.10
INFO: Installing Graphics v0.1.3
INFO: Installing Gtk v0.8.6
INFO: Installing GtkUtilities v0.0.5
INFO: Installing HttpCommon v0.2.3
INFO: Installing ProfileView v0.1.0
INFO: Installing Reexport v0.0.3
INFO: Installing SHA v0.1.2
INFO: Installing URIParser v0.1.0
INFO: Building Cairo
INFO: Building Gtk
INFO: Package database updated
INFO: METADATA is out-of-date — you may not have the latest version of ProfileView
INFO: Use `Pkg.update()` to get the latest versions of your packages
