INFO: Cloning cache of BinDeps from git://github.com/JuliaLang/BinDeps.jl.git
INFO: Cloning cache of Cairo from git://github.com/JuliaLang/Cairo.jl.git
INFO: Cloning cache of Graphics from git://github.com/JuliaLang/Graphics.jl.git
INFO: Cloning cache of Graphs from git://github.com/JuliaLang/Graphs.jl.git
INFO: Cloning cache of HttpCommon from git://github.com/JuliaWeb/HttpCommon.jl.git
INFO: Cloning cache of Mamba from git://github.com/brian-j-smith/Mamba.jl.git
INFO: Cloning cache of SHA from git://github.com/staticfloat/SHA.jl.git
INFO: Cloning cache of URIParser from git://github.com/JuliaWeb/URIParser.jl.git
INFO: Installing ArrayViews v0.6.4
INFO: Installing BinDeps v0.3.17
INFO: Installing Cairo v0.2.31
INFO: Installing Calculus v0.1.10
INFO: Installing Codecs v0.1.4
INFO: Installing ColorTypes v0.1.4
INFO: Installing Colors v0.5.3
INFO: Installing Compose v0.3.15
INFO: Installing Contour v0.0.7
INFO: Installing DataArrays v0.2.18
INFO: Installing DataFrames v0.6.9
INFO: Installing DataStructures v0.3.13
INFO: Installing Dates v0.4.4
INFO: Installing Distances v0.2.0
INFO: Installing Distributions v0.8.6
INFO: Installing Docile v0.5.19
INFO: Installing DualNumbers v0.1.3
INFO: Installing FixedPointNumbers v0.0.10
INFO: Installing GZip v0.2.18
INFO: Installing Gadfly v0.3.16
INFO: Installing Graphics v0.1.3
INFO: Installing Graphs v0.5.6
INFO: Installing Grid v0.3.11
INFO: Installing Hexagons v0.0.4
INFO: Installing HttpCommon v0.2.3
INFO: Installing ImmutableArrays v0.0.10
INFO: Installing Iterators v0.1.9
INFO: Installing KernelDensity v0.1.1
INFO: Installing Loess v0.0.4
INFO: Installing Mamba v0.6.2
INFO: Installing NaNMath v0.1.0
INFO: Installing Optim v0.4.2
INFO: Installing PDMats v0.3.5
INFO: Installing Reexport v0.0.3
INFO: Installing SHA v0.1.2
INFO: Installing Showoff v0.0.5
INFO: Installing SortingAlgorithms v0.0.6
INFO: Installing StatsBase v0.7.2
INFO: Installing StatsFuns v0.1.3
INFO: Installing URIParser v0.1.0
INFO: Installing WoodburyMatrices v0.1.2
INFO: Building Cairo
INFO: Package database updated
