INFO: Cloning cache of Interact from git://github.com/JuliaLang/Interact.jl.git
INFO: Cloning cache of Revealables from git://github.com/sisl/Revealables.jl.git
INFO: Installing DataStructures v0.3.13
INFO: Installing Docile v0.5.19
INFO: Installing FactCheck v0.4.0
INFO: Installing Interact v0.2.0
INFO: Installing Reactive v0.2.2
INFO: Installing Revealables v0.0.1
INFO: Building Revealables
=============================[ ERROR: Revealables ]=============================

LoadError: IPython 3 is required for Revealables.
could not spawn `ipython --version`: no such file or directory (ENOENT)
while loading /home/vagrant/.julia/v0.4/Revealables/deps/build.jl, in expression starting on line 7

================================================================================

================================[ BUILD ERRORS ]================================

WARNING: Revealables had build errors.

 - packages with build errors remain installed in /home/vagrant/.julia/v0.4
 - build the package(s) and all dependencies with `Pkg.build("Revealables")`
 - build a single package by running its `deps/build.jl` script

================================================================================
INFO: Package database updated
INFO: METADATA is out-of-date — you may not have the latest version of Revealables
INFO: Use `Pkg.update()` to get the latest versions of your packages
