INFO: Cloning cache of VLFeat from git://github.com/IHPostal/VLFeat.jl.git
INFO: Installing ColorTypes v0.1.4
INFO: Installing ColorVectorSpace v0.0.3
INFO: Installing Colors v0.5.3
INFO: Installing Docile v0.5.19
INFO: Installing FactCheck v0.4.0
INFO: Installing FixedPointNumbers v0.0.10
INFO: Installing Graphics v0.1.3
INFO: Installing Images v0.4.47
INFO: Installing Reexport v0.0.3
INFO: Installing SIUnits v0.0.5
INFO: Installing TestImages v0.0.8
INFO: Installing TexExtensions v0.0.2
INFO: Installing VLFeat v0.0.3
INFO: Installing ZipFile v0.2.4
INFO: Installing Zlib v0.1.9
INFO: Building Images
WARNING: Base.Uint8 is deprecated, use UInt8 instead.
WARNING: Base.Uint8 is deprecated, use UInt8 instead.
WARNING: Base.Uint8 is deprecated, use UInt8 instead.
WARNING: Base.Uint8 is deprecated, use UInt8 instead.
WARNING: Base.Uint8 is deprecated, use UInt8 instead.
WARNING: Base.Uint8 is deprecated, use UInt8 instead.
WARNING: Base.Uint8 is deprecated, use UInt8 instead.
INFO: Building TestImages
WARNING: Base.None is deprecated, use Union{} instead.
WARNING: Base.None is deprecated, use Union{} instead.
WARNING: Base.None is deprecated, use Union{} instead.
WARNING: Base.None is deprecated, use Union{} instead.
WARNING: Base.None is deprecated, use Union{} instead.
WARNING: Base.None is deprecated, use Union{} instead.
WARNING: Base.None is deprecated, use Union{} instead.
WARNING: Base.None is deprecated, use Union{} instead.
WARNING: Base.String is deprecated, use AbstractString instead.
WARNING: Base.String is deprecated, use AbstractString instead.
WARNING: Base.String is deprecated, use AbstractString instead.
WARNING: Base.String is deprecated, use AbstractString instead.
WARNING: Base.String is deprecated, use AbstractString instead.
WARNING: Base.String is deprecated, use AbstractString instead.
WARNING: Base.None is deprecated, use Union{} instead.
WARNING: Base.None is deprecated, use Union{} instead.
WARNING: Base.None is deprecated, use Union{} instead.
WARNING: Base.None is deprecated, use Union{} instead.
WARNING: Base.None is deprecated, use Union{} instead.
WARNING: Base.None is deprecated, use Union{} instead.
WARNING: Base.None is deprecated, use Union{} instead.
WARNING: Base.None is deprecated, use Union{} instead.
WARNING: Base.String is deprecated, use AbstractString instead.
WARNING: Base.String is deprecated, use AbstractString instead.
WARNING: Base.String is deprecated, use AbstractString instead.
WARNING: Base.String is deprecated, use AbstractString instead.
WARNING: Base.String is deprecated, use AbstractString instead.
WARNING: Base.String is deprecated, use AbstractString instead.

WARNING: deprecated syntax "[a=>b, ...]" at /home/vagrant/.julia/v0.4/TestImages/deps/build.jl:35.
Use "Dict(a=>b, ...)" instead.
INFO: Building VLFeat
INFO: Attempting to Create directory /home/vagrant/.julia/v0.4/VLFeat/deps/downloads
INFO: Downloading file http://www.vlfeat.org/download/vlfeat-0.9.20.tar.gz
  % Total    % Received % Xferd  Average Speed   Time    Time     Time  Current
                                 Dload  Upload   Total   Spent    Left  Speed
  0     0    0     0    0     0      0      0 --:--:-- --:--:-- --:--:--     0  6 2946k    6  194k    0     0   312k      0  0:00:09 --:--:--  0:00:09  312k 79 2946k   79 2344k    0     0  1111k      0  0:00:02  0:00:02 --:--:-- 1111k100 2946k  100 2946k    0     0  1393k      0  0:00:02  0:00:02 --:--:-- 1394k
INFO: Done downloading file http://www.vlfeat.org/download/vlfeat-0.9.20.tar.gz
INFO: Attempting to Create directory /home/vagrant/.julia/v0.4/VLFeat/deps/src
INFO: Attempting to Create directory /home/vagrant/.julia/v0.4/VLFeat/deps
INFO: Directory /home/vagrant/.julia/v0.4/VLFeat/deps already created
Detected compiler: gcc 40800
The MALTAB version will be detected in the next phase of Make
make: Entering directory `/home/vagrant/.julia/v0.4/VLFeat/deps/src/vlfeat-0.9.20'
             MK bin/glnxa64/
             MK bin/glnxa64/objs/
             CC bin/glnxa64/test_vec_comp.d
             CC bin/glnxa64/test_threads.d
             CC bin/glnxa64/test_svd2.d
             CC bin/glnxa64/test_stringop.d
             CC bin/glnxa64/test_sqrti.d
             CC bin/glnxa64/test_rand.d
             CC bin/glnxa64/test_qsort-def.d
             CC bin/glnxa64/test_nan.d
             CC bin/glnxa64/test_mathop.d
             CC bin/glnxa64/test_mathop_abs.d
             CC bin/glnxa64/test_liop.d
             CC bin/glnxa64/test_kmeans.d
             CC bin/glnxa64/test_imopv.d
             CC bin/glnxa64/test_host.d
             CC bin/glnxa64/test_heap-def.d
             CC bin/glnxa64/test_gmm.d
             CC bin/glnxa64/test_getopt_long.d
             CC bin/glnxa64/test_gauss_elimination.d
             CC bin/glnxa64/sift.d
             CC bin/glnxa64/mser.d
             CC bin/glnxa64/aib.d
             CC bin/glnxa64/objs/vlad.d
             CC bin/glnxa64/objs/svmdataset.d
             CC bin/glnxa64/objs/svm.d
             CC bin/glnxa64/objs/stringop.d
             CC bin/glnxa64/objs/slic.d
             CC bin/glnxa64/objs/sift.d
             CC bin/glnxa64/objs/scalespace.d
             CC bin/glnxa64/objs/rodrigues.d
             CC bin/glnxa64/objs/random.d
             CC bin/glnxa64/objs/quickshift.d
             CC bin/glnxa64/objs/pgm.d
             CC bin/glnxa64/objs/mser.d
             CC bin/glnxa64/objs/mathop_sse2.d
             CC bin/glnxa64/objs/mathop.d
             CC bin/glnxa64/objs/mathop_avx.d
             CC bin/glnxa64/objs/liop.d
             CC bin/glnxa64/objs/lbp.d
             CC bin/glnxa64/objs/kmeans.d
             CC bin/glnxa64/objs/kdtree.d
             CC bin/glnxa64/objs/imopv_sse2.d
             CC bin/glnxa64/objs/imopv.d
             CC bin/glnxa64/objs/ikmeans.d
             CC bin/glnxa64/objs/host.d
             CC bin/glnxa64/objs/homkermap.d
             CC bin/glnxa64/objs/hog.d
             CC bin/glnxa64/objs/hikmeans.d
             CC bin/glnxa64/objs/gmm.d
             CC bin/glnxa64/objs/getopt_long.d
             CC bin/glnxa64/objs/generic.d
             CC bin/glnxa64/objs/fisher.d
             CC bin/glnxa64/objs/dsift.d
             CC bin/glnxa64/objs/covdet.d
             CC bin/glnxa64/objs/array.d
             CC bin/glnxa64/objs/aib.d
make: Leaving directory `/home/vagrant/.julia/v0.4/VLFeat/deps/src/vlfeat-0.9.20'
Detected compiler: gcc 40800
The MALTAB version will be detected in the next phase of Make
make: Entering directory `/home/vagrant/.julia/v0.4/VLFeat/deps/src/vlfeat-0.9.20'
             CC bin/glnxa64/objs/aib.o
             CC bin/glnxa64/objs/array.o
             CC bin/glnxa64/objs/covdet.o
             CC bin/glnxa64/objs/dsift.o
             CC bin/glnxa64/objs/fisher.o
             CC bin/glnxa64/objs/generic.o
             CC bin/glnxa64/objs/getopt_long.o
             CC bin/glnxa64/objs/gmm.o
             CC bin/glnxa64/objs/hikmeans.o
             CC bin/glnxa64/objs/hog.o
             CC bin/glnxa64/objs/homkermap.o
             CC bin/glnxa64/objs/host.o
             CC bin/glnxa64/objs/ikmeans.o
             CC bin/glnxa64/objs/imopv.o
             CC bin/glnxa64/objs/imopv_sse2.o
             CC bin/glnxa64/objs/kdtree.o
             CC bin/glnxa64/objs/kmeans.o
             CC bin/glnxa64/objs/lbp.o
             CC bin/glnxa64/objs/liop.o
             CC bin/glnxa64/objs/mathop_avx.o
             CC bin/glnxa64/objs/mathop.o
             CC bin/glnxa64/objs/mathop_sse2.o
             CC bin/glnxa64/objs/mser.o
             CC bin/glnxa64/objs/pgm.o
             CC bin/glnxa64/objs/quickshift.o
             CC bin/glnxa64/objs/random.o
             CC bin/glnxa64/objs/rodrigues.o
             CC bin/glnxa64/objs/scalespace.o
             CC bin/glnxa64/objs/sift.o
             CC bin/glnxa64/objs/slic.o
             CC bin/glnxa64/objs/stringop.o
             CC bin/glnxa64/objs/svm.o
             CC bin/glnxa64/objs/svmdataset.o
             CC bin/glnxa64/objs/vlad.o
             CC bin/glnxa64/libvl.so
             CC bin/glnxa64/aib
             CC bin/glnxa64/mser
             CC bin/glnxa64/sift
             CC bin/glnxa64/test_gauss_elimination
             CC bin/glnxa64/test_getopt_long
             CC bin/glnxa64/test_gmm
             CC bin/glnxa64/test_heap-def
             CC bin/glnxa64/test_host
             CC bin/glnxa64/test_imopv
             CC bin/glnxa64/test_kmeans
             CC bin/glnxa64/test_liop
             CC bin/glnxa64/test_mathop_abs
             CC bin/glnxa64/test_mathop
             CC bin/glnxa64/test_nan
             CC bin/glnxa64/test_qsort-def
             CC bin/glnxa64/test_rand
             CC bin/glnxa64/test_sqrti
             CC bin/glnxa64/test_stringop
             CC bin/glnxa64/test_svd2
             CC bin/glnxa64/test_threads
             CC bin/glnxa64/test_vec_comp
make: Leaving directory `/home/vagrant/.julia/v0.4/VLFeat/deps/src/vlfeat-0.9.20'
INFO: Attempting to Create directory /home/vagrant/.julia/v0.4/VLFeat/deps/usr/lib
INFO: Package database updated
INFO: METADATA is out-of-date — you may not have the latest version of VLFeat
INFO: Use `Pkg.update()` to get the latest versions of your packages
