INFO: Cloning cache of DSP from git://github.com/JuliaDSP/DSP.jl.git
INFO: Cloning cache of MFCC from git://github.com/davidavdav/MFCC.jl.git
INFO: Cloning cache of Polynomials from git://github.com/Keno/Polynomials.jl.git
INFO: Cloning cache of WAV from git://github.com/dancasimiro/WAV.jl.git
INFO: Installing BinDeps v0.3.17
INFO: Installing Blosc v0.1.4
INFO: Installing DSP v0.0.10
INFO: Installing HDF5 v0.5.5
INFO: Installing HttpCommon v0.2.3
INFO: Installing MFCC v0.0.2
INFO: Installing Polynomials v0.0.3
INFO: Installing Reexport v0.0.3
INFO: Installing SHA v0.1.2
INFO: Installing URIParser v0.1.0
INFO: Installing WAV v0.6.1
INFO: Building Blosc
INFO: Building HDF5
INFO: Package database updated
INFO: METADATA is out-of-date — you may not have the latest version of MFCC
INFO: Use `Pkg.update()` to get the latest versions of your packages
