INFO: Cloning cache of YT from git://github.com/jzuhone/YT.jl.git
INFO: Installing ColorTypes v0.1.4
INFO: Installing Colors v0.5.3
INFO: Installing Dates v0.4.4
INFO: Installing Docile v0.5.19
INFO: Installing FixedPointNumbers v0.0.10
INFO: Installing LaTeXStrings v0.1.4
INFO: Installing MacroTools v0.2.0
INFO: Installing PyCall v1.0.2
INFO: Installing PyPlot v2.1.0
INFO: Installing Reexport v0.0.3
INFO: Installing Requires v0.2.0
INFO: Installing SymPy v0.2.28
INFO: Installing YT v0.2.0
INFO: Building PyCall
INFO: PyCall is using python (Python 2.7.6) at /usr/bin/python, libpython = libpython2.7
INFO: Building YT
INFO: Recompiling stale cache file /home/vagrant/.julia/lib/v0.4/PyCall.ji for module PyCall.
WARNING: Union(args...) is deprecated, use Union{args...} instead.
 in depwarn at deprecated.jl:73
 in call at deprecated.jl:50
 in include at ./boot.jl:261
 in include_from_node1 at ./loading.jl:304
 [inlined code] from none:2
 in anonymous at no file:0
 in process_options at ./client.jl:284
 in _start at ./client.jl:411
while loading /home/vagrant/.julia/v0.4/PyCall/src/PyCall.jl, in expression starting on line 106
WARNING: Union(args...) is deprecated, use Union{args...} instead.
 in depwarn at deprecated.jl:73
 in call at deprecated.jl:50
 in include at ./boot.jl:261
 in include_from_node1 at ./loading.jl:304
 in include at ./boot.jl:261
 in include_from_node1 at ./loading.jl:304
 [inlined code] from none:2
 in anonymous at no file:0
 in process_options at ./client.jl:284
 in _start at ./client.jl:411
while loading /home/vagrant/.julia/v0.4/PyCall/src/pybuffer.jl, in expression starting on line 106
WARNING: Union(args...) is deprecated, use Union{args...} instead.
 in depwarn at deprecated.jl:73
 in call at deprecated.jl:50
 in include at ./boot.jl:261
 in include_from_node1 at ./loading.jl:304
 in include at ./boot.jl:261
 in include_from_node1 at ./loading.jl:304
 [inlined code] from none:2
 in anonymous at no file:0
 in process_options at ./client.jl:284
 in _start at ./client.jl:411
while loading /home/vagrant/.julia/v0.4/PyCall/src/pybuffer.jl, in expression starting on line 106
WARNING: Union(args...) is deprecated, use Union{args...} instead.
 in depwarn at deprecated.jl:73
 in call at deprecated.jl:50
 in include at ./boot.jl:261
 in include_from_node1 at ./loading.jl:304
 in include at ./boot.jl:261
 in include_from_node1 at ./loading.jl:304
 in include at ./boot.jl:261
 in include_from_node1 at ./loading.jl:304
 [inlined code] from none:2
 in anonymous at no file:0
 in process_options at ./client.jl:284
 in _start at ./client.jl:411
while loading /home/vagrant/.julia/v0.4/PyCall/src/numpy.jl, in expression starting on line 165
WARNING: Union(args...) is deprecated, use Union{args...} instead.
 in depwarn at deprecated.jl:73
 in call at deprecated.jl:50
 in include at ./boot.jl:261
 in include_from_node1 at ./loading.jl:304
 [inlined code] from none:2
 in anonymous at no file:0
 in process_options at ./client.jl:284
 in _start at ./client.jl:411
while loading /home/vagrant/.julia/v0.4/PyCall/src/PyCall.jl, in expression starting on line 377
WARNING: Union(args...) is deprecated, use Union{args...} instead.
 in depwarn at deprecated.jl:73
 in call at deprecated.jl:50
 in include at ./boot.jl:261
 in include_from_node1 at ./loading.jl:304
 [inlined code] from none:2
 in anonymous at no file:0
 in process_options at ./client.jl:284
 in _start at ./client.jl:411
while loading /home/vagrant/.julia/v0.4/PyCall/src/PyCall.jl, in expression starting on line 379
WARNING: Union(args...) is deprecated, use Union{args...} instead.
 in depwarn at deprecated.jl:73
 in call at deprecated.jl:50
 in include at ./boot.jl:261
 in include_from_node1 at ./loading.jl:304
 [inlined code] from none:2
 in anonymous at no file:0
 in process_options at ./client.jl:284
 in _start at ./client.jl:411
while loading /home/vagrant/.julia/v0.4/PyCall/src/PyCall.jl, in expression starting on line 379
WARNING: Union(args...) is deprecated, use Union{args...} instead.
 in depwarn at deprecated.jl:73
 in call at deprecated.jl:50
 in include at ./boot.jl:261
 in include_from_node1 at ./loading.jl:304
 [inlined code] from none:2
 in anonymous at no file:0
 in process_options at ./client.jl:284
 in _start at ./client.jl:411
while loading /home/vagrant/.julia/v0.4/PyCall/src/PyCall.jl, in expression starting on line 379
=================================[ ERROR: YT ]==================================

LoadError: Cannot import yt! Please install yt version 3.1.0- or higher from source, or using Anaconda, pip, or the yt installation script found at http://yt-project.org.
while loading /home/vagrant/.julia/v0.4/YT/deps/build.jl, in expression starting on line 3

================================================================================

================================[ BUILD ERRORS ]================================

WARNING: YT had build errors.

 - packages with build errors remain installed in /home/vagrant/.julia/v0.4
 - build the package(s) and all dependencies with `Pkg.build("YT")`
 - build a single package by running its `deps/build.jl` script

================================================================================
INFO: Package database updated
INFO: METADATA is out-of-date — you may not have the latest version of YT
INFO: Use `Pkg.update()` to get the latest versions of your packages
