INFO: Cloning cache of ShapeModels from git://github.com/rened/ShapeModels.jl.git
INFO: Installing ArrayViews v0.6.4
INFO: Installing BinDeps v0.3.17
INFO: Installing Blosc v0.1.4
INFO: Installing ColorTypes v0.1.4
INFO: Installing Colors v0.5.3
INFO: Installing Dates v0.4.4
INFO: Installing Docile v0.5.19
INFO: Installing FactCheck v0.4.0
INFO: Installing FixedPointNumbers v0.0.10
INFO: Installing FunctionalData v0.0.15
INFO: Installing FunctionalDataUtils v0.0.8
INFO: Installing HDF5 v0.5.5
INFO: Installing HttpCommon v0.2.3
INFO: Installing LaTeXStrings v0.1.4
INFO: Installing MultivariateStats v0.2.1
INFO: Installing PyCall v1.0.2
INFO: Installing PyPlot v2.1.0
INFO: Installing Reexport v0.0.3
INFO: Installing SHA v0.1.2
INFO: Installing ShapeModels v0.0.3
INFO: Installing StatsBase v0.7.2
INFO: Installing StatsFuns v0.1.3
INFO: Installing URIParser v0.1.0
INFO: Building Blosc
INFO: Building HDF5
INFO: Building PyCall
INFO: PyCall is using python (Python 2.7.6) at /usr/bin/python, libpython = libpython2.7
INFO: Package database updated
INFO: METADATA is out-of-date — you may not have the latest version of ShapeModels
INFO: Use `Pkg.update()` to get the latest versions of your packages
