INFO: Cloning cache of GetC from git://github.com/rennis250/GetC.jl.git
INFO: Cloning cache of OpenGL from git://github.com/rennis250/OpenGL.jl.git
INFO: Installing BinDeps v0.3.17
INFO: Installing ColorTypes v0.1.4
INFO: Installing ColorVectorSpace v0.0.3
INFO: Installing Colors v0.5.3
INFO: Installing Docile v0.5.19
INFO: Installing FixedPointNumbers v0.0.10
INFO: Installing GetC v1.1.1
INFO: Installing Graphics v0.1.3
INFO: Installing HttpCommon v0.2.3
INFO: Installing Images v0.4.47
INFO: Installing OpenGL v2.0.3
INFO: Installing Reexport v0.0.3
INFO: Installing SHA v0.1.2
INFO: Installing SIUnits v0.0.5
INFO: Installing TexExtensions v0.0.2
INFO: Installing URIParser v0.1.0
INFO: Installing Zlib v0.1.9
INFO: Building Images
WARNING: Base.Uint8 is deprecated, use UInt8 instead.
WARNING: Base.Uint8 is deprecated, use UInt8 instead.
WARNING: Base.Uint8 is deprecated, use UInt8 instead.
WARNING: Base.Uint8 is deprecated, use UInt8 instead.
WARNING: Base.Uint8 is deprecated, use UInt8 instead.
WARNING: Base.Uint8 is deprecated, use UInt8 instead.
WARNING: Base.Uint8 is deprecated, use UInt8 instead.
INFO: Package database updated
INFO: METADATA is out-of-date — you may not have the latest version of OpenGL
INFO: Use `Pkg.update()` to get the latest versions of your packages
