INFO: Cloning cache of ThreeJS from git://github.com/rohitvarkey/ThreeJS.jl.git
INFO: Installing ArrayViews v0.6.4
INFO: Installing Benchmark v0.1.0
INFO: Installing ColorTypes v0.1.4
INFO: Installing Colors v0.5.3
INFO: Installing DataArrays v0.2.18
INFO: Installing DataFrames v0.6.9
INFO: Installing Docile v0.5.19
INFO: Installing FactCheck v0.4.0
INFO: Installing FixedPointNumbers v0.0.10
INFO: Installing FunctionalCollections v0.1.2
INFO: Installing GZip v0.2.18
INFO: Installing Patchwork v0.1.8
INFO: Installing Reexport v0.0.3
INFO: Installing SortingAlgorithms v0.0.6
INFO: Installing StatsBase v0.7.2
INFO: Installing StatsFuns v0.1.3
INFO: Installing ThreeJS v0.1.1
INFO: Package database updated
INFO: METADATA is out-of-date — you may not have the latest version of ThreeJS
INFO: Use `Pkg.update()` to get the latest versions of your packages
