INFO: Cloning cache of Quandl from git://github.com/milktrader/Quandl.jl.git
INFO: Installing ArrayViews v0.6.4
INFO: Installing BinDeps v0.3.17
INFO: Installing Codecs v0.1.4
INFO: Installing DataArrays v0.2.18
INFO: Installing DataFrames v0.6.9
INFO: Installing Dates v0.4.4
INFO: Installing Docile v0.5.19
INFO: Installing GZip v0.2.18
INFO: Installing HttpCommon v0.2.3
INFO: Installing HttpParser v0.1.0
INFO: Installing MbedTLS v0.1.3
INFO: Installing Quandl v0.4.3
INFO: Installing Reexport v0.0.3
INFO: Installing Requests v0.3.1
INFO: Installing SHA v0.1.2
INFO: Installing SortingAlgorithms v0.0.6
INFO: Installing StatsBase v0.7.2
INFO: Installing StatsFuns v0.1.3
INFO: Installing TimeSeries v0.6.2
INFO: Installing URIParser v0.1.0
INFO: Installing Zlib v0.1.9
INFO: Building HttpParser
INFO: Building MbedTLS
INFO: Package database updated
INFO: METADATA is out-of-date — you may not have the latest version of Quandl
INFO: Use `Pkg.update()` to get the latest versions of your packages
