INFO: Cloning cache of Geodesy from git://github.com/JuliaGeo/Geodesy.jl.git
INFO: Cloning cache of LibExpat from git://github.com/amitmurthy/LibExpat.jl.git
INFO: Cloning cache of OpenStreetMap from git://github.com/tedsteiner/OpenStreetMap.jl.git
INFO: Installing BinDeps v0.3.17
INFO: Installing Cairo v0.2.31
INFO: Installing ColorTypes v0.1.4
INFO: Installing Colors v0.5.3
INFO: Installing DataStructures v0.3.13
INFO: Installing Docile v0.5.19
INFO: Installing FixedPointNumbers v0.0.10
INFO: Installing Geodesy v0.0.1
INFO: Installing Graphics v0.1.3
INFO: Installing Graphs v0.5.6
INFO: Installing HttpCommon v0.2.3
INFO: Installing IniFile v0.2.4
INFO: Installing LibExpat v0.0.8
INFO: Installing LightXML v0.2.0
INFO: Installing OpenStreetMap v0.8.1
INFO: Installing Reexport v0.0.3
INFO: Installing SHA v0.1.2
INFO: Installing Tk v0.3.6
INFO: Installing URIParser v0.1.0
INFO: Installing Winston v0.11.12
INFO: Building Cairo
INFO: Building LightXML
INFO: Building Tk
INFO: Package database updated
INFO: METADATA is out-of-date — you may not have the latest version of OpenStreetMap
INFO: Use `Pkg.update()` to get the latest versions of your packages
