INFO: Cloning cache of ArrayViews from git://github.com/JuliaLang/ArrayViews.jl.git
INFO: Cloning cache of Calculus from git://github.com/johnmyleswhite/Calculus.jl.git
INFO: Cloning cache of Codecs from git://github.com/dcjones/Codecs.jl.git
INFO: Cloning cache of ColorTypes from git://github.com/JuliaGraphics/ColorTypes.jl.git
INFO: Cloning cache of Colors from git://github.com/JuliaGraphics/Colors.jl.git
INFO: Cloning cache of Compat from git://github.com/JuliaLang/Compat.jl.git
INFO: Cloning cache of Compose from git://github.com/dcjones/Compose.jl.git
INFO: Cloning cache of Contour from git://github.com/tlycken/Contour.jl.git
INFO: Cloning cache of DataArrays from git://github.com/JuliaStats/DataArrays.jl.git
INFO: Cloning cache of DataFrames from git://github.com/JuliaStats/DataFrames.jl.git
INFO: Cloning cache of DataStructures from git://github.com/JuliaLang/DataStructures.jl.git
INFO: Cloning cache of Dates from git://github.com/quinnj/Dates.jl.git
INFO: Cloning cache of Devectorize from git://github.com/lindahua/Devectorize.jl.git
INFO: Cloning cache of Distances from git://github.com/JuliaStats/Distances.jl.git
INFO: Cloning cache of Distributions from git://github.com/JuliaStats/Distributions.jl.git
INFO: Cloning cache of Docile from git://github.com/MichaelHatherly/Docile.jl.git
INFO: Cloning cache of DualNumbers from git://github.com/JuliaDiff/DualNumbers.jl.git
INFO: Cloning cache of FixedPointNumbers from git://github.com/JeffBezanson/FixedPointNumbers.jl.git
INFO: Cloning cache of GZip from git://github.com/JuliaLang/GZip.jl.git
INFO: Cloning cache of Gadfly from git://github.com/dcjones/Gadfly.jl.git
INFO: Cloning cache of Grid from git://github.com/timholy/Grid.jl.git
INFO: Cloning cache of Hexagons from git://github.com/dcjones/Hexagons.jl.git
INFO: Cloning cache of ImmutableArrays from git://github.com/JuliaGeometry/ImmutableArrays.jl.git
INFO: Cloning cache of Iterators from git://github.com/JuliaLang/Iterators.jl.git
INFO: Cloning cache of JSON from git://github.com/JuliaLang/JSON.jl.git
INFO: Cloning cache of KernelDensity from git://github.com/JuliaStats/KernelDensity.jl.git
INFO: Cloning cache of Loess from git://github.com/dcjones/Loess.jl.git
INFO: Cloning cache of MachineLearning from git://github.com/benhamner/MachineLearning.jl.git
INFO: Cloning cache of NaNMath from git://github.com/mlubin/NaNMath.jl.git
INFO: Cloning cache of Optim from git://github.com/JuliaOpt/Optim.jl.git
INFO: Cloning cache of PDMats from git://github.com/JuliaStats/PDMats.jl.git
INFO: Cloning cache of RDatasets from git://github.com/johnmyleswhite/RDatasets.jl.git
INFO: Cloning cache of Reexport from git://github.com/simonster/Reexport.jl.git
INFO: Cloning cache of Showoff from git://github.com/dcjones/Showoff.jl.git
INFO: Cloning cache of SortingAlgorithms from git://github.com/JuliaLang/SortingAlgorithms.jl.git
INFO: Cloning cache of StatsBase from git://github.com/JuliaStats/StatsBase.jl.git
INFO: Cloning cache of StatsFuns from git://github.com/JuliaStats/StatsFuns.jl.git
INFO: Cloning cache of WoodburyMatrices from git://github.com/timholy/WoodburyMatrices.jl.git
INFO: Installing ArrayViews v0.6.4
INFO: Installing Calculus v0.1.10
INFO: Installing Codecs v0.1.4
INFO: Installing ColorTypes v0.1.4
INFO: Installing Colors v0.5.3
INFO: Installing Compat v0.7.3
INFO: Installing Compose v0.3.15
INFO: Installing Contour v0.0.7
INFO: Installing DataArrays v0.2.18
INFO: Installing DataFrames v0.6.9
INFO: Installing DataStructures v0.3.13
INFO: Installing Dates v0.4.4
INFO: Installing Devectorize v0.4.1
INFO: Installing Distances v0.2.0
INFO: Installing Distributions v0.8.6
INFO: Installing Docile v0.5.19
INFO: Installing DualNumbers v0.1.3
INFO: Installing FixedPointNumbers v0.0.10
INFO: Installing GZip v0.2.18
INFO: Installing Gadfly v0.3.16
INFO: Installing Grid v0.3.11
INFO: Installing Hexagons v0.0.4
INFO: Installing ImmutableArrays v0.0.10
INFO: Installing Iterators v0.1.9
INFO: Installing JSON v0.4.6
INFO: Installing KernelDensity v0.1.1
INFO: Installing Loess v0.0.4
INFO: Installing MachineLearning v0.0.3
INFO: Installing NaNMath v0.1.0
INFO: Installing Optim v0.4.2
INFO: Installing PDMats v0.3.5
INFO: Installing RDatasets v0.1.2
INFO: Installing Reexport v0.0.3
INFO: Installing Showoff v0.0.5
INFO: Installing SortingAlgorithms v0.0.6
INFO: Installing StatsBase v0.7.2
INFO: Installing StatsFuns v0.1.3
INFO: Installing WoodburyMatrices v0.1.2
INFO: Package database updated
