INFO: Cloning cache of Clustering from git://github.com/JuliaStats/Clustering.jl.git
INFO: Cloning cache of SALSA from git://github.com/jumutc/SALSA.jl.git
INFO: Installing ArrayViews v0.6.4
INFO: Installing BinDeps v0.3.17
INFO: Installing Blosc v0.1.4
INFO: Installing Clustering v0.4.0
INFO: Installing DataArrays v0.2.18
INFO: Installing DataFrames v0.6.9
INFO: Installing Distances v0.2.0
INFO: Installing Distributions v0.8.6
INFO: Installing Docile v0.5.19
INFO: Installing GZip v0.2.18
INFO: Installing HDF5 v0.5.5
INFO: Installing HttpCommon v0.2.3
INFO: Installing Iterators v0.1.9
INFO: Installing MAT v0.2.12
INFO: Installing MLBase v0.5.2
INFO: Installing PDMats v0.3.5
INFO: Installing Reexport v0.0.3
INFO: Installing SALSA v0.0.4
INFO: Installing SHA v0.1.2
INFO: Installing SortingAlgorithms v0.0.6
INFO: Installing StatsBase v0.7.2
INFO: Installing StatsFuns v0.1.3
INFO: Installing URIParser v0.1.0
INFO: Installing Zlib v0.1.9
INFO: Building Blosc
INFO: Building HDF5
INFO: Package database updated
INFO: METADATA is out-of-date — you may not have the latest version of SALSA
INFO: Use `Pkg.update()` to get the latest versions of your packages
