INFO: Cloning cache of SVMLightLoader from git://github.com/IshitaTakeshi/SVMLightLoader.jl.git
INFO: Cloning cache of SoftConfidenceWeighted from git://github.com/IshitaTakeshi/SoftConfidenceWeighted.jl.git
INFO: Installing ArrayViews v0.6.4
INFO: Installing BinDeps v0.3.17
INFO: Installing Devectorize v0.4.1
INFO: Installing Distributions v0.8.6
INFO: Installing HTTPClient v0.1.5
INFO: Installing HttpCommon v0.2.3
INFO: Installing LibCURL v0.1.5
INFO: Installing PDMats v0.3.5
INFO: Installing SHA v0.1.2
INFO: Installing SVMLightLoader v0.2.1
INFO: Installing SoftConfidenceWeighted v0.1.2
INFO: Installing StatsBase v0.7.2
INFO: Installing StatsFuns v0.1.3
INFO: Installing URIParser v0.1.0
INFO: Building LibCURL
INFO: Package database updated
INFO: METADATA is out-of-date — you may not have the latest version of SoftConfidenceWeighted
INFO: Use `Pkg.update()` to get the latest versions of your packages
