INFO: Cloning cache of JavaCall from git://github.com/aviks/JavaCall.jl.git
INFO: Cloning cache of Taro from git://github.com/aviks/Taro.jl.git
INFO: Installing ArrayViews v0.6.4
INFO: Installing DataArrays v0.2.18
INFO: Installing DataFrames v0.6.9
INFO: Installing Dates v0.4.4
INFO: Installing Docile v0.5.19
INFO: Installing GZip v0.2.18
INFO: Installing JavaCall v0.3.2
INFO: Installing Memoize v0.0.0
INFO: Installing Reexport v0.0.3
INFO: Installing SortingAlgorithms v0.0.6
INFO: Installing StatsBase v0.7.2
INFO: Installing StatsFuns v0.1.3
INFO: Installing Taro v0.2.0
INFO: Building Taro
INFO:   Downloading tika-app-1.10.jar from Maven Central
  % Total    % Received % Xferd  Average Speed   Time    Time     Time  Current
                                 Dload  Upload   Total   Spent    Left  Speed
  0     0    0     0    0     0      0      0 --:--:-- --:--:-- --:--:--     0100   161  100   161    0     0   1852      0 --:--:-- --:--:-- --:--:--  1872
  3 45.0M    3 1632k    0     0  2586k      0  0:00:17 --:--:--  0:00:17 2586k 26 45.0M   26 11.8M    0     0  7464k      0  0:00:06  0:00:01  0:00:05 10.3M 73 45.0M   73 32.9M    0     0  12.5M      0  0:00:03  0:00:02  0:00:01 15.6M100 45.0M  100 45.0M    0     0  14.1M      0  0:00:03  0:00:03 --:--:-- 16.9M
INFO:   Downloading fop-2.0 binary from Apache OSUOSL Mirror
  % Total    % Received % Xferd  Average Speed   Time    Time     Time  Current
                                 Dload  Upload   Total   Spent    Left  Speed
  0     0    0     0    0     0      0      0 --:--:-- --:--:-- --:--:--     0  0 17.3M    0 79409    0     0   171k      0  0:01:43 --:--:--  0:01:43  171k 17 17.3M   17 3052k    0     0  1449k      0  0:00:12  0:00:02  0:00:10 1450k 23 17.3M   23 4089k    0     0  1544k      0  0:00:11  0:00:02  0:00:09 1544k 26 17.3M   26 4710k    0     0  1289k      0  0:00:13  0:00:03  0:00:10 1289k 29 17.3M   29 5237k    0     0  1125k      0  0:00:15  0:00:04  0:00:11 1125k 64 17.3M   64 11.2M    0     0  2093k      0  0:00:08  0:00:05  0:00:03 2266k 81 17.3M   81 14.1M    0     0  2227k      0  0:00:07  0:00:06  0:00:01 2600k 97 17.3M   97 16.9M    0     0  2328k      0  0:00:07  0:00:07 --:--:-- 2757k100 17.3M  100 17.3M    0     0  2352k      0  0:00:07  0:00:07 --:--:-- 3348k
INFO: Package database updated
INFO: METADATA is out-of-date — you may not have the latest version of Taro
INFO: Use `Pkg.update()` to get the latest versions of your packages
