INFO: Cloning cache of OAuth from git://github.com/randyzwitch/OAuth.jl.git
INFO: Installing BinDeps v0.3.17
INFO: Installing Codecs v0.1.4
INFO: Installing FactCheck v0.4.0
INFO: Installing HttpCommon v0.2.3
INFO: Installing HttpParser v0.1.0
INFO: Installing MbedTLS v0.1.3
INFO: Installing Nettle v0.1.10
INFO: Installing OAuth v0.2.0
INFO: Installing Requests v0.3.1
INFO: Installing SHA v0.1.2
INFO: Installing URIParser v0.1.0
INFO: Installing Zlib v0.1.9
INFO: Building HttpParser
INFO: Building MbedTLS
INFO: Building Nettle
WARNING: Base.String is deprecated, use AbstractString instead.
WARNING: Base.String is deprecated, use AbstractString instead.
INFO: Package database updated
INFO: METADATA is out-of-date — you may not have the latest version of OAuth
INFO: Use `Pkg.update()` to get the latest versions of your packages
