INFO: Cloning cache of Formatting from git://github.com/lindahua/Formatting.jl.git
INFO: Cloning cache of IterationManagers from git://github.com/spencerlyon2/IterationManagers.jl.git
INFO: Cloning cache of QuantEcon from git://github.com/QuantEcon/QuantEcon.jl.git
INFO: Installing ArrayViews v0.6.4
INFO: Installing AutoHashEquals v0.0.5
INFO: Installing BinDeps v0.3.17
INFO: Installing Blosc v0.1.4
INFO: Installing Calculus v0.1.10
INFO: Installing DSP v0.0.10
INFO: Installing DataStructures v0.3.13
INFO: Installing Distributions v0.8.6
INFO: Installing Docile v0.5.19
INFO: Installing DualNumbers v0.1.3
INFO: Installing FactCheck v0.4.0
INFO: Installing Formatting v0.1.4
INFO: Installing GZip v0.2.18
INFO: Installing Grid v0.3.11
INFO: Installing HDF5 v0.5.5
INFO: Installing HttpCommon v0.2.3
INFO: Installing IterationManagers v0.0.1
INFO: Installing JLD v0.5.4
INFO: Installing LightGraphs v0.3.3
INFO: Installing LightXML v0.2.0
INFO: Installing MAT v0.2.12
INFO: Installing NaNMath v0.1.0
INFO: Installing Optim v0.4.2
INFO: Installing PDMats v0.3.5
INFO: Installing ParserCombinator v1.6.3
INFO: Installing Polynomials v0.0.3
INFO: Installing QuantEcon v0.2.1
INFO: Installing Reexport v0.0.3
INFO: Installing SHA v0.1.2
INFO: Installing StatsBase v0.7.2
INFO: Installing StatsFuns v0.1.3
INFO: Installing URIParser v0.1.0
INFO: Installing WoodburyMatrices v0.1.2
INFO: Installing Zlib v0.1.9
INFO: Building Blosc
INFO: Building HDF5
INFO: Building LightXML
INFO: Package database updated
INFO: METADATA is out-of-date — you may not have the latest version of QuantEcon
INFO: Use `Pkg.update()` to get the latest versions of your packages
