INFO: Cloning cache of Hiccup from git://github.com/JunoLab/Hiccup.jl.git
INFO: Cloning cache of Mux from git://github.com/one-more-minute/Mux.jl.git
INFO: Cloning cache of Nettle from git://github.com/staticfloat/Nettle.jl.git
INFO: Cloning cache of WebSockets from git://github.com/JuliaWeb/WebSockets.jl.git
INFO: Installing BinDeps v0.3.17
INFO: Installing Codecs v0.1.4
INFO: Installing Hiccup v0.0.1
INFO: Installing HttpCommon v0.2.3
INFO: Installing HttpParser v0.1.0
INFO: Installing HttpServer v0.1.3
INFO: Installing Lazy v0.10.0
INFO: Installing MacroTools v0.2.0
INFO: Installing MbedTLS v0.1.3
INFO: Installing Mux v0.1.0
INFO: Installing Nettle v0.1.10
INFO: Installing SHA v0.1.2
INFO: Installing URIParser v0.1.0
INFO: Installing WebSockets v0.1.0
INFO: Building HttpParser
INFO: Building MbedTLS
INFO: Building Nettle
WARNING: Base.String is deprecated, use AbstractString instead.
WARNING: Base.String is deprecated, use AbstractString instead.
INFO: Package database updated
INFO: METADATA is out-of-date — you may not have the latest version of Mux
INFO: Use `Pkg.update()` to get the latest versions of your packages
