INFO: Cloning cache of PySide from git://github.com/jverzani/PySide.jl.git
INFO: Installing ArrayViews v0.6.4
INFO: Installing DataArrays v0.2.18
INFO: Installing DataFrames v0.6.9
INFO: Installing Dates v0.4.4
INFO: Installing Docile v0.5.19
INFO: Installing GZip v0.2.18
INFO: Installing MacroTools v0.2.0
INFO: Installing Mustache v0.0.12
INFO: Installing PyCall v1.0.2
INFO: Installing PySide v0.0.2
INFO: Installing Reexport v0.0.3
INFO: Installing Requires v0.2.0
INFO: Installing SortingAlgorithms v0.0.6
INFO: Installing StatsBase v0.7.2
INFO: Installing StatsFuns v0.1.3
INFO: Building PyCall
INFO: PyCall is using python (Python 2.7.6) at /usr/bin/python, libpython = libpython2.7
INFO: Package database updated
INFO: METADATA is out-of-date — you may not have the latest version of PySide
INFO: Use `Pkg.update()` to get the latest versions of your packages
